{"meta": {"format": 3, "version": "7.14.1", "timestamp": "2026-07-03T02:33:03.039080", "branch_coverage": true, "show_contexts": false}, "files": {"__init__.py": {"executed_lines": [], "summary": {"covered_lines": 0, "num_statements": 0, "percent_covered": 100.0, "percent_covered_display": "100", "missing_lines": 0, "excluded_lines": 0, "percent_statements_covered": 100.0, "percent_statements_covered_display": "100", "num_branches": 0, "num_partial_branches": 0, "covered_branches": 0, "missing_branches": 0, "percent_branches_covered": 100.0, "percent_branches_covered_display": "100"}, "missing_lines": [], "excluded_lines": [], "executed_branches": [], "missing_branches": [], "functions": {"": {"executed_lines": [], "summary": {"covered_lines": 0, "num_statements": 0, "percent_covered": 100.0, "percent_covered_display": "100", "missing_lines": 0, "excluded_lines": 0, "percent_statements_covered": 100.0, "percent_statements_covered_display": "100", "num_branches": 0, "num_partial_branches": 0, "covered_branches": 0, "missing_branches": 0, "percent_branches_covered": 100.0, "percent_branches_covered_display": "100"}, "missing_lines": [], "excluded_lines": [], "start_line": 1, "executed_branches": [], "missing_branches": []}}, "classes": {"": {"executed_lines": [], "summary": {"covered_lines": 0, "num_statements": 0, "percent_covered": 100.0, "percent_covered_display": "100", "missing_lines": 0, "excluded_lines": 0, "percent_statements_covered": 100.0, "percent_statements_covered_display": "100", "num_branches": 0, "num_partial_branches": 0, "covered_branches": 0, "missing_branches": 0, "percent_branches_covered": 100.0, "percent_branches_covered_display": "100"}, "missing_lines": [], "excluded_lines": [], "start_line": 1, "executed_branches": [], "missing_branches": []}}}, "tasks/__init__.py": {"executed_lines": [], "summary": {"covered_lines": 0, "num_statements": 0, "percent_covered": 100.0, "percent_covered_display": "100", "missing_lines": 0, "excluded_lines": 0, "percent_statements_covered": 100.0, "percent_statements_covered_display": "100", "num_branches": 0, "num_partial_branches": 0, "covered_branches": 0, "missing_branches": 0, "percent_branches_covered": 100.0, "percent_branches_covered_display": "100"}, "missing_lines": [], "excluded_lines": [], "executed_branches": [], "missing_branches": [], "functions": {"": {"executed_lines": [], "summary": {"covered_lines": 0, "num_statements": 0, "percent_covered": 100.0, "percent_covered_display": "100", "missing_lines": 0, "excluded_lines": 0, "percent_statements_covered": 100.0, "percent_statements_covered_display": "100", "num_branches": 0, "num_partial_branches": 0, "covered_branches": 0, "missing_branches": 0, "percent_branches_covered": 100.0, "percent_branches_covered_display": "100"}, "missing_lines": [], "excluded_lines": [], "start_line": 1, "executed_branches": [], "missing_branches": []}}, "classes": {"": {"executed_lines": [], "summary": {"covered_lines": 0, "num_statements": 0, "percent_covered": 100.0, "percent_covered_display": "100", "missing_lines": 0, "excluded_lines": 0, "percent_statements_covered": 100.0, "percent_statements_covered_display": "100", "num_branches": 0, "num_partial_branches": 0, "covered_branches": 0, "missing_branches": 0, "percent_branches_covered": 100.0, "percent_branches_covered_display": "100"}, "missing_lines": [], "excluded_lines": [], "start_line": 1, "executed_branches": [], "missing_branches": []}}}, "tasks/dead_letter.py": {"executed_lines": [1, 2, 3, 4, 5, 7, 8, 9, 11, 12, 13, 16, 23, 36, 44, 45, 53, 54, 55, 58, 59, 60, 61, 63, 68, 69], "summary": {"covered_lines": 26, "num_statements": 26, "percent_covered": 100.0, "percent_covered_display": "100", "missing_lines": 0, "excluded_lines": 0, "percent_statements_covered": 100.0, "percent_statements_covered_display": "100", "num_branches": 2, "num_partial_branches": 0, "covered_branches": 2, "missing_branches": 0, "percent_branches_covered": 100.0, "percent_branches_covered_display": "100"}, "missing_lines": [], "excluded_lines": [], "executed_branches": [[60, 61], [60, 63]], "missing_branches": [], "functions": {"dead_letter_handler": {"executed_lines": [36, 44, 45, 53, 54, 55, 58, 59, 60, 61, 63, 68, 69], "summary": {"covered_lines": 13, "num_statements": 13, "percent_covered": 100.0, "percent_covered_display": "100", "missing_lines": 0, "excluded_lines": 0, "percent_statements_covered": 100.0, "percent_statements_covered_display": "100", "num_branches": 2, "num_partial_branches": 0, "covered_branches": 2, "missing_branches": 0, "percent_branches_covered": 100.0, "percent_branches_covered_display": "100"}, "missing_lines": [], "excluded_lines": [], "start_line": 23, "executed_branches": [[60, 61], [60, 63]], "missing_branches": []}, "": {"executed_lines": [1, 2, 3, 4, 5, 7, 8, 9, 11, 12, 13, 16, 23], "summary": {"covered_lines": 13, "num_statements": 13, "percent_covered": 100.0, "percent_covered_display": "100", "missing_lines": 0, "excluded_lines": 0, "percent_statements_covered": 100.0, "percent_statements_covered_display": "100", "num_branches": 0, "num_partial_branches": 0, "covered_branches": 0, "missing_branches": 0, "percent_branches_covered": 100.0, "percent_branches_covered_display": "100"}, "missing_lines": [], "excluded_lines": [], "start_line": 1, "executed_branches": [], "missing_branches": []}}, "classes": {"": {"executed_lines": [1, 2, 3, 4, 5, 7, 8, 9, 11, 12, 13, 16, 23, 36, 44, 45, 53, 54, 55, 58, 59, 60, 61, 63, 68, 69], "summary": {"covered_lines": 26, "num_statements": 26, "percent_covered": 100.0, "percent_covered_display": "100", "missing_lines": 0, "excluded_lines": 0, "percent_statements_covered": 100.0, "percent_statements_covered_display": "100", "num_branches": 2, "num_partial_branches": 0, "covered_branches": 2, "missing_branches": 0, "percent_branches_covered": 100.0, "percent_branches_covered_display": "100"}, "missing_lines": [], "excluded_lines": [], "start_line": 1, "executed_branches": [[60, 61], [60, 63]], "missing_branches": []}}}, "tasks/domain_scan.py": {"executed_lines": [], "summary": {"covered_lines": 0, "num_statements": 132, "percent_covered": 0.0, "percent_covered_display": "0", "missing_lines": 132, "excluded_lines": 0, "percent_statements_covered": 0.0, "percent_statements_covered_display": "0", "num_branches": 18, "num_partial_branches": 0, "covered_branches": 0, "missing_branches": 18, "percent_branches_covered": 0.0, "percent_branches_covered_display": "0"}, "missing_lines": [1, 2, 3, 4, 5, 6, 7, 9, 10, 11, 12, 14, 15, 16, 17, 26, 27, 28, 31, 33, 34, 35, 39, 40, 43, 44, 45, 46, 47, 48, 49, 52, 53, 55, 56, 57, 58, 60, 62, 63, 64, 65, 67, 69, 70, 72, 73, 74, 76, 77, 78, 85, 86, 87, 88, 90, 91, 93, 94, 96, 126, 128, 129, 130, 131, 132, 133, 134, 136, 137, 138, 139, 140, 141, 142, 143, 146, 147, 148, 149, 150, 153, 154, 156, 157, 159, 160, 162, 165, 166, 168, 179, 187, 188, 189, 190, 191, 193, 194, 195, 196, 197, 198, 199, 200, 201, 202, 203, 204, 210, 213, 214, 216, 217, 220, 221, 223, 224, 236, 239, 240, 241, 242, 244, 245, 246, 248, 249, 250, 252, 253, 260], "excluded_lines": [], "executed_branches": [], "missing_branches": [[57, 58], [57, 62], [86, 87], [86, 90], [138, 139], [138, 156], [139, 138], [139, 140], [147, 138], [147, 148], [203, 204], [203, 210], [223, -220], [223, 224], [245, 246], [245, 248], [249, 250], [249, 252]], "functions": {"publish_progress": {"executed_lines": [], "summary": {"covered_lines": 0, "num_statements": 5, "percent_covered": 0.0, "percent_covered_display": "0", "missing_lines": 5, "excluded_lines": 0, "percent_statements_covered": 0.0, "percent_statements_covered_display": "0", "num_branches": 0, "num_partial_branches": 0, "covered_branches": 0, "missing_branches": 0, "percent_branches_covered": 100.0, "percent_branches_covered_display": "100"}, "missing_lines": [33, 34, 35, 39, 40], "excluded_lines": [], "start_line": 31, "executed_branches": [], "missing_branches": []}, "_run_async": {"executed_lines": [], "summary": {"covered_lines": 0, "num_statements": 6, "percent_covered": 0.0, "percent_covered_display": "0", "missing_lines": 6, "excluded_lines": 0, "percent_statements_covered": 0.0, "percent_statements_covered_display": "0", "num_branches": 0, "num_partial_branches": 0, "covered_branches": 0, "missing_branches": 0, "percent_branches_covered": 100.0, "percent_branches_covered_display": "100"}, "missing_lines": [44, 45, 46, 47, 48, 49], "excluded_lines": [], "start_line": 43, "executed_branches": [], "missing_branches": []}, "run_domain_scan": {"executed_lines": [], "summary": {"covered_lines": 0, "num_statements": 77, "percent_covered": 0.0, "percent_covered_display": "0", "missing_lines": 77, "excluded_lines": 0, "percent_statements_covered": 0.0, "percent_statements_covered_display": "0", "num_branches": 12, "num_partial_branches": 0, "covered_branches": 0, "missing_branches": 12, "percent_branches_covered": 0.0, "percent_branches_covered_display": "0"}, "missing_lines": [55, 56, 57, 58, 60, 62, 63, 64, 65, 67, 69, 70, 72, 73, 74, 76, 77, 78, 85, 86, 87, 88, 90, 91, 93, 94, 96, 126, 128, 129, 130, 131, 132, 133, 134, 136, 137, 138, 139, 140, 141, 142, 143, 146, 147, 148, 149, 150, 153, 154, 156, 157, 159, 160, 162, 165, 166, 168, 179, 187, 188, 189, 190, 191, 193, 194, 195, 196, 197, 198, 199, 200, 201, 202, 203, 204, 210], "excluded_lines": [], "start_line": 53, "executed_branches": [], "missing_branches": [[57, 58], [57, 62], [86, 87], [86, 90], [138, 139], [138, 156], [139, 138], [139, 140], [147, 138], [147, 148], [203, 204], [203, 210]]}, "_update_status": {"executed_lines": [], "summary": {"covered_lines": 0, "num_statements": 3, "percent_covered": 0.0, "percent_covered_display": "0", "missing_lines": 3, "excluded_lines": 0, "percent_statements_covered": 0.0, "percent_statements_covered_display": "0", "num_branches": 0, "num_partial_branches": 0, "covered_branches": 0, "missing_branches": 0, "percent_branches_covered": 100.0, "percent_branches_covered_display": "100"}, "missing_lines": [214, 216, 217], "excluded_lines": [], "start_line": 213, "executed_branches": [], "missing_branches": []}, "_save_findings": {"executed_lines": [], "summary": {"covered_lines": 0, "num_statements": 4, "percent_covered": 0.0, "percent_covered_display": "0", "missing_lines": 4, "excluded_lines": 0, "percent_statements_covered": 0.0, "percent_statements_covered_display": "0", "num_branches": 2, "num_partial_branches": 0, "covered_branches": 0, "missing_branches": 2, "percent_branches_covered": 0.0, "percent_branches_covered_display": "0"}, "missing_lines": [221, 223, 224, 236], "excluded_lines": [], "start_line": 220, "executed_branches": [], "missing_branches": [[223, -220], [223, 224]]}, "_refund_credits": {"executed_lines": [], "summary": {"covered_lines": 0, "num_statements": 12, "percent_covered": 0.0, "percent_covered_display": "0", "missing_lines": 12, "excluded_lines": 0, "percent_statements_covered": 0.0, "percent_statements_covered_display": "0", "num_branches": 4, "num_partial_branches": 0, "covered_branches": 0, "missing_branches": 4, "percent_branches_covered": 0.0, "percent_branches_covered_display": "0"}, "missing_lines": [240, 241, 242, 244, 245, 246, 248, 249, 250, 252, 253, 260], "excluded_lines": [], "start_line": 239, "executed_branches": [], "missing_branches": [[245, 246], [245, 248], [249, 250], [249, 252]]}, "": {"executed_lines": [], "summary": {"covered_lines": 0, "num_statements": 25, "percent_covered": 0.0, "percent_covered_display": "0", "missing_lines": 25, "excluded_lines": 0, "percent_statements_covered": 0.0, "percent_statements_covered_display": "0", "num_branches": 0, "num_partial_branches": 0, "covered_branches": 0, "missing_branches": 0, "percent_branches_covered": 100.0, "percent_branches_covered_display": "100"}, "missing_lines": [1, 2, 3, 4, 5, 6, 7, 9, 10, 11, 12, 14, 15, 16, 17, 26, 27, 28, 31, 43, 52, 53, 213, 220, 239], "excluded_lines": [], "start_line": 1, "executed_branches": [], "missing_branches": []}}, "classes": {"": {"executed_lines": [], "summary": {"covered_lines": 0, "num_statements": 132, "percent_covered": 0.0, "percent_covered_display": "0", "missing_lines": 132, "excluded_lines": 0, "percent_statements_covered": 0.0, "percent_statements_covered_display": "0", "num_branches": 18, "num_partial_branches": 0, "covered_branches": 0, "missing_branches": 18, "percent_branches_covered": 0.0, "percent_branches_covered_display": "0"}, "missing_lines": [1, 2, 3, 4, 5, 6, 7, 9, 10, 11, 12, 14, 15, 16, 17, 26, 27, 28, 31, 33, 34, 35, 39, 40, 43, 44, 45, 46, 47, 48, 49, 52, 53, 55, 56, 57, 58, 60, 62, 63, 64, 65, 67, 69, 70, 72, 73, 74, 76, 77, 78, 85, 86, 87, 88, 90, 91, 93, 94, 96, 126, 128, 129, 130, 131, 132, 133, 134, 136, 137, 138, 139, 140, 141, 142, 143, 146, 147, 148, 149, 150, 153, 154, 156, 157, 159, 160, 162, 165, 166, 168, 179, 187, 188, 189, 190, 191, 193, 194, 195, 196, 197, 198, 199, 200, 201, 202, 203, 204, 210, 213, 214, 216, 217, 220, 221, 223, 224, 236, 239, 240, 241, 242, 244, 245, 246, 248, 249, 250, 252, 253, 260], "excluded_lines": [], "start_line": 1, "executed_branches": [], "missing_branches": [[57, 58], [57, 62], [86, 87], [86, 90], [138, 139], [138, 156], [139, 138], [139, 140], [147, 138], [147, 148], [203, 204], [203, 210], [223, -220], [223, 224], [245, 246], [245, 248], [249, 250], [249, 252]]}}}, "tasks/ip_scan.py": {"executed_lines": [], "summary": {"covered_lines": 0, "num_statements": 129, "percent_covered": 0.0, "percent_covered_display": "0", "missing_lines": 129, "excluded_lines": 0, "percent_statements_covered": 0.0, "percent_statements_covered_display": "0", "num_branches": 18, "num_partial_branches": 0, "covered_branches": 0, "missing_branches": 18, "percent_branches_covered": 0.0, "percent_branches_covered_display": "0"}, "missing_lines": [1, 2, 3, 4, 5, 6, 7, 9, 10, 11, 12, 13, 15, 16, 17, 18, 19, 20, 23, 25, 26, 27, 31, 32, 35, 36, 37, 38, 39, 40, 41, 44, 45, 47, 50, 52, 53, 54, 56, 58, 59, 60, 61, 62, 63, 64, 65, 66, 67, 68, 69, 75, 77, 78, 79, 85, 87, 88, 90, 91, 92, 93, 94, 95, 96, 97, 98, 99, 106, 107, 108, 109, 110, 114, 115, 117, 118, 122, 123, 125, 126, 128, 131, 132, 134, 143, 151, 152, 153, 154, 155, 157, 158, 159, 160, 161, 162, 163, 164, 165, 166, 167, 168, 169, 170, 176, 179, 180, 182, 183, 184, 187, 188, 190, 191, 203, 206, 207, 208, 209, 211, 212, 213, 215, 216, 217, 219, 220, 227], "excluded_lines": [], "executed_branches": [], "missing_branches": [[68, 69], [68, 75], [92, 93], [92, 122], [93, 92], [93, 94], [95, 96], [95, 117], [107, 108], [107, 117], [169, 170], [169, 176], [190, -187], [190, 191], [212, 213], [212, 215], [216, 217], [216, 219]], "functions": {"publish_progress": {"executed_lines": [], "summary": {"covered_lines": 0, "num_statements": 5, "percent_covered": 0.0, "percent_covered_display": "0", "missing_lines": 5, "excluded_lines": 0, "percent_statements_covered": 0.0, "percent_statements_covered_display": "0", "num_branches": 0, "num_partial_branches": 0, "covered_branches": 0, "missing_branches": 0, "percent_branches_covered": 100.0, "percent_branches_covered_display": "100"}, "missing_lines": [25, 26, 27, 31, 32], "excluded_lines": [], "start_line": 23, "executed_branches": [], "missing_branches": []}, "_run_async": {"executed_lines": [], "summary": {"covered_lines": 0, "num_statements": 6, "percent_covered": 0.0, "percent_covered_display": "0", "missing_lines": 6, "excluded_lines": 0, "percent_statements_covered": 0.0, "percent_statements_covered_display": "0", "num_branches": 0, "num_partial_branches": 0, "covered_branches": 0, "missing_branches": 0, "percent_branches_covered": 100.0, "percent_branches_covered_display": "100"}, "missing_lines": [36, 37, 38, 39, 40, 41], "excluded_lines": [], "start_line": 35, "executed_branches": [], "missing_branches": []}, "run_ip_scan": {"executed_lines": [], "summary": {"covered_lines": 0, "num_statements": 73, "percent_covered": 0.0, "percent_covered_display": "0", "missing_lines": 73, "excluded_lines": 0, "percent_statements_covered": 0.0, "percent_statements_covered_display": "0", "num_branches": 12, "num_partial_branches": 0, "covered_branches": 0, "missing_branches": 12, "percent_branches_covered": 0.0, "percent_branches_covered_display": "0"}, "missing_lines": [47, 50, 52, 53, 54, 56, 58, 59, 60, 61, 62, 63, 64, 65, 66, 67, 68, 69, 75, 77, 78, 79, 85, 87, 88, 90, 91, 92, 93, 94, 95, 96, 97, 98, 99, 106, 107, 108, 109, 110, 114, 115, 117, 118, 122, 123, 125, 126, 128, 131, 132, 134, 143, 151, 152, 153, 154, 155, 157, 158, 159, 160, 161, 162, 163, 164, 165, 166, 167, 168, 169, 170, 176], "excluded_lines": [], "start_line": 45, "executed_branches": [], "missing_branches": [[68, 69], [68, 75], [92, 93], [92, 122], [93, 92], [93, 94], [95, 96], [95, 117], [107, 108], [107, 117], [169, 170], [169, 176]]}, "_update_status": {"executed_lines": [], "summary": {"covered_lines": 0, "num_statements": 4, "percent_covered": 0.0, "percent_covered_display": "0", "missing_lines": 4, "excluded_lines": 0, "percent_statements_covered": 0.0, "percent_statements_covered_display": "0", "num_branches": 0, "num_partial_branches": 0, "covered_branches": 0, "missing_branches": 0, "percent_branches_covered": 100.0, "percent_branches_covered_display": "100"}, "missing_lines": [180, 182, 183, 184], "excluded_lines": [], "start_line": 179, "executed_branches": [], "missing_branches": []}, "_save_findings": {"executed_lines": [], "summary": {"covered_lines": 0, "num_statements": 4, "percent_covered": 0.0, "percent_covered_display": "0", "missing_lines": 4, "excluded_lines": 0, "percent_statements_covered": 0.0, "percent_statements_covered_display": "0", "num_branches": 2, "num_partial_branches": 0, "covered_branches": 0, "missing_branches": 2, "percent_branches_covered": 0.0, "percent_branches_covered_display": "0"}, "missing_lines": [188, 190, 191, 203], "excluded_lines": [], "start_line": 187, "executed_branches": [], "missing_branches": [[190, -187], [190, 191]]}, "_refund_credits": {"executed_lines": [], "summary": {"covered_lines": 0, "num_statements": 12, "percent_covered": 0.0, "percent_covered_display": "0", "missing_lines": 12, "excluded_lines": 0, "percent_statements_covered": 0.0, "percent_statements_covered_display": "0", "num_branches": 4, "num_partial_branches": 0, "covered_branches": 0, "missing_branches": 4, "percent_branches_covered": 0.0, "percent_branches_covered_display": "0"}, "missing_lines": [207, 208, 209, 211, 212, 213, 215, 216, 217, 219, 220, 227], "excluded_lines": [], "start_line": 206, "executed_branches": [], "missing_branches": [[212, 213], [212, 215], [216, 217], [216, 219]]}, "": {"executed_lines": [], "summary": {"covered_lines": 0, "num_statements": 25, "percent_covered": 0.0, "percent_covered_display": "0", "missing_lines": 25, "excluded_lines": 0, "percent_statements_covered": 0.0, "percent_statements_covered_display": "0", "num_branches": 0, "num_partial_branches": 0, "covered_branches": 0, "missing_branches": 0, "percent_branches_covered": 100.0, "percent_branches_covered_display": "100"}, "missing_lines": [1, 2, 3, 4, 5, 6, 7, 9, 10, 11, 12, 13, 15, 16, 17, 18, 19, 20, 23, 35, 44, 45, 179, 187, 206], "excluded_lines": [], "start_line": 1, "executed_branches": [], "missing_branches": []}}, "classes": {"": {"executed_lines": [], "summary": {"covered_lines": 0, "num_statements": 129, "percent_covered": 0.0, "percent_covered_display": "0", "missing_lines": 129, "excluded_lines": 0, "percent_statements_covered": 0.0, "percent_statements_covered_display": "0", "num_branches": 18, "num_partial_branches": 0, "covered_branches": 0, "missing_branches": 18, "percent_branches_covered": 0.0, "percent_branches_covered_display": "0"}, "missing_lines": [1, 2, 3, 4, 5, 6, 7, 9, 10, 11, 12, 13, 15, 16, 17, 18, 19, 20, 23, 25, 26, 27, 31, 32, 35, 36, 37, 38, 39, 40, 41, 44, 45, 47, 50, 52, 53, 54, 56, 58, 59, 60, 61, 62, 63, 64, 65, 66, 67, 68, 69, 75, 77, 78, 79, 85, 87, 88, 90, 91, 92, 93, 94, 95, 96, 97, 98, 99, 106, 107, 108, 109, 110, 114, 115, 117, 118, 122, 123, 125, 126, 128, 131, 132, 134, 143, 151, 152, 153, 154, 155, 157, 158, 159, 160, 161, 162, 163, 164, 165, 166, 167, 168, 169, 170, 176, 179, 180, 182, 183, 184, 187, 188, 190, 191, 203, 206, 207, 208, 209, 211, 212, 213, 215, 216, 217, 219, 220, 227], "excluded_lines": [], "start_line": 1, "executed_branches": [], "missing_branches": [[68, 69], [68, 75], [92, 93], [92, 122], [93, 92], [93, 94], [95, 96], [95, 117], [107, 108], [107, 117], [169, 170], [169, 176], [190, -187], [190, 191], [212, 213], [212, 215], [216, 217], [216, 219]]}}}, "tasks/mobile_scan.py": {"executed_lines": [], "summary": {"covered_lines": 0, "num_statements": 150, "percent_covered": 0.0, "percent_covered_display": "0", "missing_lines": 150, "excluded_lines": 0, "percent_statements_covered": 0.0, "percent_statements_covered_display": "0", "num_branches": 24, "num_partial_branches": 0, "covered_branches": 0, "missing_branches": 24, "percent_branches_covered": 0.0, "percent_branches_covered_display": "0"}, "missing_lines": [1, 2, 3, 4, 5, 6, 7, 8, 10, 11, 12, 13, 15, 16, 17, 18, 19, 20, 23, 25, 26, 27, 31, 32, 35, 36, 37, 38, 39, 40, 41, 44, 45, 47, 53, 55, 56, 58, 59, 60, 61, 62, 63, 64, 66, 67, 68, 70, 72, 73, 74, 75, 76, 77, 83, 84, 86, 87, 88, 89, 90, 91, 97, 98, 100, 101, 102, 103, 104, 105, 107, 108, 109, 110, 111, 112, 113, 114, 116, 117, 118, 119, 120, 121, 122, 123, 124, 125, 126, 127, 128, 129, 130, 131, 132, 133, 134, 136, 137, 139, 140, 142, 145, 146, 148, 159, 167, 168, 169, 170, 172, 173, 174, 175, 176, 178, 179, 180, 181, 182, 183, 184, 185, 186, 187, 188, 189, 195, 198, 199, 201, 202, 205, 206, 208, 209, 221, 224, 225, 226, 227, 229, 230, 231, 233, 234, 235, 237, 238, 245], "excluded_lines": [], "executed_branches": [], "missing_branches": [[58, 59], [58, 66], [72, 73], [72, 86], [86, 87], [86, 100], [108, 109], [108, 111], [109, 108], [109, 110], [119, 120], [119, 136], [121, 122], [121, 123], [129, 119], [129, 130], [188, 189], [188, 195], [208, -205], [208, 209], [230, 231], [230, 233], [234, 235], [234, 237]], "functions": {"publish_progress": {"executed_lines": [], "summary": {"covered_lines": 0, "num_statements": 5, "percent_covered": 0.0, "percent_covered_display": "0", "missing_lines": 5, "excluded_lines": 0, "percent_statements_covered": 0.0, "percent_statements_covered_display": "0", "num_branches": 0, "num_partial_branches": 0, "covered_branches": 0, "missing_branches": 0, "percent_branches_covered": 100.0, "percent_branches_covered_display": "100"}, "missing_lines": [25, 26, 27, 31, 32], "excluded_lines": [], "start_line": 23, "executed_branches": [], "missing_branches": []}, "_run_async": {"executed_lines": [], "summary": {"covered_lines": 0, "num_statements": 6, "percent_covered": 0.0, "percent_covered_display": "0", "missing_lines": 6, "excluded_lines": 0, "percent_statements_covered": 0.0, "percent_statements_covered_display": "0", "num_branches": 0, "num_partial_branches": 0, "covered_branches": 0, "missing_branches": 0, "percent_branches_covered": 100.0, "percent_branches_covered_display": "100"}, "missing_lines": [36, 37, 38, 39, 40, 41], "excluded_lines": [], "start_line": 35, "executed_branches": [], "missing_branches": []}, "run_mobile_scan": {"executed_lines": [], "summary": {"covered_lines": 0, "num_statements": 95, "percent_covered": 0.0, "percent_covered_display": "0", "missing_lines": 95, "excluded_lines": 0, "percent_statements_covered": 0.0, "percent_statements_covered_display": "0", "num_branches": 18, "num_partial_branches": 0, "covered_branches": 0, "missing_branches": 18, "percent_branches_covered": 0.0, "percent_branches_covered_display": "0"}, "missing_lines": [47, 53, 55, 56, 58, 59, 60, 61, 62, 63, 64, 66, 67, 68, 70, 72, 73, 74, 75, 76, 77, 83, 84, 86, 87, 88, 89, 90, 91, 97, 98, 100, 101, 102, 103, 104, 105, 107, 108, 109, 110, 111, 112, 113, 114, 116, 117, 118, 119, 120, 121, 122, 123, 124, 125, 126, 127, 128, 129, 130, 131, 132, 133, 134, 136, 137, 139, 140, 142, 145, 146, 148, 159, 167, 168, 169, 170, 172, 173, 174, 175, 176, 178, 179, 180, 181, 182, 183, 184, 185, 186, 187, 188, 189, 195], "excluded_lines": [], "start_line": 45, "executed_branches": [], "missing_branches": [[58, 59], [58, 66], [72, 73], [72, 86], [86, 87], [86, 100], [108, 109], [108, 111], [109, 108], [109, 110], [119, 120], [119, 136], [121, 122], [121, 123], [129, 119], [129, 130], [188, 189], [188, 195]]}, "_update_status": {"executed_lines": [], "summary": {"covered_lines": 0, "num_statements": 3, "percent_covered": 0.0, "percent_covered_display": "0", "missing_lines": 3, "excluded_lines": 0, "percent_statements_covered": 0.0, "percent_statements_covered_display": "0", "num_branches": 0, "num_partial_branches": 0, "covered_branches": 0, "missing_branches": 0, "percent_branches_covered": 100.0, "percent_branches_covered_display": "100"}, "missing_lines": [199, 201, 202], "excluded_lines": [], "start_line": 198, "executed_branches": [], "missing_branches": []}, "_save_findings": {"executed_lines": [], "summary": {"covered_lines": 0, "num_statements": 4, "percent_covered": 0.0, "percent_covered_display": "0", "missing_lines": 4, "excluded_lines": 0, "percent_statements_covered": 0.0, "percent_statements_covered_display": "0", "num_branches": 2, "num_partial_branches": 0, "covered_branches": 0, "missing_branches": 2, "percent_branches_covered": 0.0, "percent_branches_covered_display": "0"}, "missing_lines": [206, 208, 209, 221], "excluded_lines": [], "start_line": 205, "executed_branches": [], "missing_branches": [[208, -205], [208, 209]]}, "_refund_credits": {"executed_lines": [], "summary": {"covered_lines": 0, "num_statements": 12, "percent_covered": 0.0, "percent_covered_display": "0", "missing_lines": 12, "excluded_lines": 0, "percent_statements_covered": 0.0, "percent_statements_covered_display": "0", "num_branches": 4, "num_partial_branches": 0, "covered_branches": 0, "missing_branches": 4, "percent_branches_covered": 0.0, "percent_branches_covered_display": "0"}, "missing_lines": [225, 226, 227, 229, 230, 231, 233, 234, 235, 237, 238, 245], "excluded_lines": [], "start_line": 224, "executed_branches": [], "missing_branches": [[230, 231], [230, 233], [234, 235], [234, 237]]}, "": {"executed_lines": [], "summary": {"covered_lines": 0, "num_statements": 25, "percent_covered": 0.0, "percent_covered_display": "0", "missing_lines": 25, "excluded_lines": 0, "percent_statements_covered": 0.0, "percent_statements_covered_display": "0", "num_branches": 0, "num_partial_branches": 0, "covered_branches": 0, "missing_branches": 0, "percent_branches_covered": 100.0, "percent_branches_covered_display": "100"}, "missing_lines": [1, 2, 3, 4, 5, 6, 7, 8, 10, 11, 12, 13, 15, 16, 17, 18, 19, 20, 23, 35, 44, 45, 198, 205, 224], "excluded_lines": [], "start_line": 1, "executed_branches": [], "missing_branches": []}}, "classes": {"": {"executed_lines": [], "summary": {"covered_lines": 0, "num_statements": 150, "percent_covered": 0.0, "percent_covered_display": "0", "missing_lines": 150, "excluded_lines": 0, "percent_statements_covered": 0.0, "percent_statements_covered_display": "0", "num_branches": 24, "num_partial_branches": 0, "covered_branches": 0, "missing_branches": 24, "percent_branches_covered": 0.0, "percent_branches_covered_display": "0"}, "missing_lines": [1, 2, 3, 4, 5, 6, 7, 8, 10, 11, 12, 13, 15, 16, 17, 18, 19, 20, 23, 25, 26, 27, 31, 32, 35, 36, 37, 38, 39, 40, 41, 44, 45, 47, 53, 55, 56, 58, 59, 60, 61, 62, 63, 64, 66, 67, 68, 70, 72, 73, 74, 75, 76, 77, 83, 84, 86, 87, 88, 89, 90, 91, 97, 98, 100, 101, 102, 103, 104, 105, 107, 108, 109, 110, 111, 112, 113, 114, 116, 117, 118, 119, 120, 121, 122, 123, 124, 125, 126, 127, 128, 129, 130, 131, 132, 133, 134, 136, 137, 139, 140, 142, 145, 146, 148, 159, 167, 168, 169, 170, 172, 173, 174, 175, 176, 178, 179, 180, 181, 182, 183, 184, 185, 186, 187, 188, 189, 195, 198, 199, 201, 202, 205, 206, 208, 209, 221, 224, 225, 226, 227, 229, 230, 231, 233, 234, 235, 237, 238, 245], "excluded_lines": [], "start_line": 1, "executed_branches": [], "missing_branches": [[58, 59], [58, 66], [72, 73], [72, 86], [86, 87], [86, 100], [108, 109], [108, 111], [109, 108], [109, 110], [119, 120], [119, 136], [121, 122], [121, 123], [129, 119], [129, 130], [188, 189], [188, 195], [208, -205], [208, 209], [230, 231], [230, 233], [234, 235], [234, 237]]}}}, "utils/__init__.py": {"executed_lines": [], "summary": {"covered_lines": 0, "num_statements": 0, "percent_covered": 100.0, "percent_covered_display": "100", "missing_lines": 0, "excluded_lines": 0, "percent_statements_covered": 100.0, "percent_statements_covered_display": "100", "num_branches": 0, "num_partial_branches": 0, "covered_branches": 0, "missing_branches": 0, "percent_branches_covered": 100.0, "percent_branches_covered_display": "100"}, "missing_lines": [], "excluded_lines": [], "executed_branches": [], "missing_branches": [], "functions": {"": {"executed_lines": [], "summary": {"covered_lines": 0, "num_statements": 0, "percent_covered": 100.0, "percent_covered_display": "100", "missing_lines": 0, "excluded_lines": 0, "percent_statements_covered": 100.0, "percent_statements_covered_display": "100", "num_branches": 0, "num_partial_branches": 0, "covered_branches": 0, "missing_branches": 0, "percent_branches_covered": 100.0, "percent_branches_covered_display": "100"}, "missing_lines": [], "excluded_lines": [], "start_line": 1, "executed_branches": [], "missing_branches": []}}, "classes": {"": {"executed_lines": [], "summary": {"covered_lines": 0, "num_statements": 0, "percent_covered": 100.0, "percent_covered_display": "100", "missing_lines": 0, "excluded_lines": 0, "percent_statements_covered": 100.0, "percent_statements_covered_display": "100", "num_branches": 0, "num_partial_branches": 0, "covered_branches": 0, "missing_branches": 0, "percent_branches_covered": 100.0, "percent_branches_covered_display": "100"}, "missing_lines": [], "excluded_lines": [], "start_line": 1, "executed_branches": [], "missing_branches": []}}}, "utils/cve_lookup.py": {"executed_lines": [1, 2, 3, 4, 5, 7, 8, 9, 11, 13, 14, 17, 18, 21, 22, 23, 26, 27, 28, 29, 30, 31, 32, 33, 34, 35, 36, 37, 44, 47, 48, 49, 50, 51, 52, 61, 62, 63, 64, 65, 69, 70, 71, 72, 73, 74, 75, 76, 83, 84, 85, 92, 95, 97, 98, 100, 101, 102, 104, 107, 109, 110, 111, 112, 114, 115, 116, 117, 118, 119, 120, 122, 125, 127, 128, 129, 130, 131, 132, 133, 134, 135, 136, 137, 140, 141, 142, 143, 144, 145, 146, 147, 148, 149, 150, 151, 152, 153, 154, 157, 159, 160, 161, 162, 163, 164, 165, 167, 168, 169, 171, 173, 185, 187, 188, 189, 190, 191, 192, 193, 194, 195, 196, 197], "summary": {"covered_lines": 124, "num_statements": 124, "percent_covered": 100.0, "percent_covered_display": "100", "missing_lines": 0, "excluded_lines": 0, "percent_statements_covered": 100.0, "percent_statements_covered_display": "100", "num_branches": 48, "num_partial_branches": 0, "covered_branches": 48, "missing_branches": 0, "percent_branches_covered": 100.0, "percent_branches_covered_display": "100"}, "missing_lines": [], "excluded_lines": [], "executed_branches": [[31, 32], [31, 35], [63, 64], [63, 65], [72, 73], [72, 76], [100, 101], [100, 104], [110, 111], [110, 114], [116, 117], [116, 122], [118, 116], [118, 119], [128, 129], [128, 133], [129, 128], [129, 130], [131, 128], [131, 132], [133, 134], [133, 137], [135, 133], [135, 136], [144, 145], [144, 146], [148, 149], [148, 150], [150, 151], [150, 154], [152, 153], [152, 154], [161, 162], [161, 165], [162, 161], [162, 163], [168, 169], [168, 171], [187, 188], [187, 189], [189, 190], [189, 191], [191, 192], [191, 193], [193, 194], [193, 195], [195, 196], [195, 197]], "missing_branches": [], "functions": {"_get_redis_pool": {"executed_lines": [18], "summary": {"covered_lines": 1, "num_statements": 1, "percent_covered": 100.0, "percent_covered_display": "100", "missing_lines": 0, "excluded_lines": 0, "percent_statements_covered": 100.0, "percent_statements_covered_display": "100", "num_branches": 0, "num_partial_branches": 0, "covered_branches": 0, "missing_branches": 0, "percent_branches_covered": 100.0, "percent_branches_covered_display": "100"}, "missing_lines": [], "excluded_lines": [], "start_line": 17, "executed_branches": [], "missing_branches": []}, "_cache_key": {"executed_lines": [22, 23], "summary": {"covered_lines": 2, "num_statements": 2, "percent_covered": 100.0, "percent_covered_display": "100", "missing_lines": 0, "excluded_lines": 0, "percent_statements_covered": 100.0, "percent_statements_covered_display": "100", "num_branches": 0, "num_partial_branches": 0, "covered_branches": 0, "missing_branches": 0, "percent_branches_covered": 100.0, "percent_branches_covered_display": "100"}, "missing_lines": [], "excluded_lines": [], "start_line": 21, "executed_branches": [], "missing_branches": []}, "_get_cached_vulns": {"executed_lines": [27, 28, 29, 30, 31, 32, 33, 34, 35, 36, 37, 44], "summary": {"covered_lines": 12, "num_statements": 12, "percent_covered": 100.0, "percent_covered_display": "100", "missing_lines": 0, "excluded_lines": 0, "percent_statements_covered": 100.0, "percent_statements_covered_display": "100", "num_branches": 2, "num_partial_branches": 0, "covered_branches": 2, "missing_branches": 0, "percent_branches_covered": 100.0, "percent_branches_covered_display": "100"}, "missing_lines": [], "excluded_lines": [], "start_line": 26, "executed_branches": [[31, 32], [31, 35]], "missing_branches": []}, "_set_cached_vulns": {"executed_lines": [48, 49, 50, 51, 52], "summary": {"covered_lines": 5, "num_statements": 5, "percent_covered": 100.0, "percent_covered_display": "100", "missing_lines": 0, "excluded_lines": 0, "percent_statements_covered": 100.0, "percent_statements_covered_display": "100", "num_branches": 0, "num_partial_branches": 0, "covered_branches": 0, "missing_branches": 0, "percent_branches_covered": 100.0, "percent_branches_covered_display": "100"}, "missing_lines": [], "excluded_lines": [], "start_line": 47, "executed_branches": [], "missing_branches": []}, "_query_ecosystem": {"executed_lines": [62, 63, 64, 65, 69, 70, 71, 72, 73, 74, 75, 76, 83, 84, 85, 92], "summary": {"covered_lines": 16, "num_statements": 16, "percent_covered": 100.0, "percent_covered_display": "100", "missing_lines": 0, "excluded_lines": 0, "percent_statements_covered": 100.0, "percent_statements_covered_display": "100", "num_branches": 4, "num_partial_branches": 0, "covered_branches": 4, "missing_branches": 0, "percent_branches_covered": 100.0, "percent_branches_covered_display": "100"}, "missing_lines": [], "excluded_lines": [], "start_line": 61, "executed_branches": [[63, 64], [63, 65], [72, 73], [72, 76]], "missing_branches": []}, "query_osv_ecosystems": {"executed_lines": [97, 98, 100, 101, 102, 104], "summary": {"covered_lines": 6, "num_statements": 6, "percent_covered": 100.0, "percent_covered_display": "100", "missing_lines": 0, "excluded_lines": 0, "percent_statements_covered": 100.0, "percent_statements_covered_display": "100", "num_branches": 2, "num_partial_branches": 0, "covered_branches": 2, "missing_branches": 0, "percent_branches_covered": 100.0, "percent_branches_covered_display": "100"}, "missing_lines": [], "excluded_lines": [], "start_line": 95, "executed_branches": [[100, 101], [100, 104]], "missing_branches": []}, "lookup_service_cves": {"executed_lines": [109, 110, 111, 112, 114, 115, 116, 117, 118, 119, 120, 122], "summary": {"covered_lines": 12, "num_statements": 12, "percent_covered": 100.0, "percent_covered_display": "100", "missing_lines": 0, "excluded_lines": 0, "percent_statements_covered": 100.0, "percent_statements_covered_display": "100", "num_branches": 6, "num_partial_branches": 0, "covered_branches": 6, "missing_branches": 0, "percent_branches_covered": 100.0, "percent_branches_covered_display": "100"}, "missing_lines": [], "excluded_lines": [], "start_line": 107, "executed_branches": [[110, 111], [110, 114], [116, 117], [116, 122], [118, 116], [118, 119]], "missing_branches": []}, "extract_cvss": {"executed_lines": [127, 128, 129, 130, 131, 132, 133, 134, 135, 136, 137], "summary": {"covered_lines": 11, "num_statements": 11, "percent_covered": 100.0, "percent_covered_display": "100", "missing_lines": 0, "excluded_lines": 0, "percent_statements_covered": 100.0, "percent_statements_covered_display": "100", "num_branches": 10, "num_partial_branches": 0, "covered_branches": 10, "missing_branches": 0, "percent_branches_covered": 100.0, "percent_branches_covered_display": "100"}, "missing_lines": [], "excluded_lines": [], "start_line": 125, "executed_branches": [[128, 129], [128, 133], [129, 128], [129, 130], [131, 128], [131, 132], [133, 134], [133, 137], [135, 133], [135, 136]], "missing_branches": []}, "_extract_remediation": {"executed_lines": [141, 142, 143, 144, 145, 146, 147, 148, 149, 150, 151, 152, 153, 154], "summary": {"covered_lines": 14, "num_statements": 14, "percent_covered": 100.0, "percent_covered_display": "100", "missing_lines": 0, "excluded_lines": 0, "percent_statements_covered": 100.0, "percent_statements_covered_display": "100", "num_branches": 8, "num_partial_branches": 0, "covered_branches": 8, "missing_branches": 0, "percent_branches_covered": 100.0, "percent_branches_covered_display": "100"}, "missing_lines": [], "excluded_lines": [], "start_line": 140, "executed_branches": [[144, 145], [144, 146], [148, 149], [148, 150], [150, 151], [150, 154], [152, 153], [152, 154]], "missing_branches": []}, "format_vuln_finding": {"executed_lines": [159, 160, 161, 162, 163, 164, 165, 167, 168, 169, 171, 173], "summary": {"covered_lines": 12, "num_statements": 12, "percent_covered": 100.0, "percent_covered_display": "100", "missing_lines": 0, "excluded_lines": 0, "percent_statements_covered": 100.0, "percent_statements_covered_display": "100", "num_branches": 6, "num_partial_branches": 0, "covered_branches": 6, "missing_branches": 0, "percent_branches_covered": 100.0, "percent_branches_covered_display": "100"}, "missing_lines": [], "excluded_lines": [], "start_line": 157, "executed_branches": [[161, 162], [161, 165], [162, 161], [162, 163], [168, 169], [168, 171]], "missing_branches": []}, "severity_from_cvss": {"executed_lines": [187, 188, 189, 190, 191, 192, 193, 194, 195, 196, 197], "summary": {"covered_lines": 11, "num_statements": 11, "percent_covered": 100.0, "percent_covered_display": "100", "missing_lines": 0, "excluded_lines": 0, "percent_statements_covered": 100.0, "percent_statements_covered_display": "100", "num_branches": 10, "num_partial_branches": 0, "covered_branches": 10, "missing_branches": 0, "percent_branches_covered": 100.0, "percent_branches_covered_display": "100"}, "missing_lines": [], "excluded_lines": [], "start_line": 185, "executed_branches": [[187, 188], [187, 189], [189, 190], [189, 191], [191, 192], [191, 193], [193, 194], [193, 195], [195, 196], [195, 197]], "missing_branches": []}, "": {"executed_lines": [1, 2, 3, 4, 5, 7, 8, 9, 11, 13, 14, 17, 21, 26, 47, 61, 95, 107, 125, 140, 157, 185], "summary": {"covered_lines": 22, "num_statements": 22, "percent_covered": 100.0, "percent_covered_display": "100", "missing_lines": 0, "excluded_lines": 0, "percent_statements_covered": 100.0, "percent_statements_covered_display": "100", "num_branches": 0, "num_partial_branches": 0, "covered_branches": 0, "missing_branches": 0, "percent_branches_covered": 100.0, "percent_branches_covered_display": "100"}, "missing_lines": [], "excluded_lines": [], "start_line": 1, "executed_branches": [], "missing_branches": []}}, "classes": {"": {"executed_lines": [1, 2, 3, 4, 5, 7, 8, 9, 11, 13, 14, 17, 18, 21, 22, 23, 26, 27, 28, 29, 30, 31, 32, 33, 34, 35, 36, 37, 44, 47, 48, 49, 50, 51, 52, 61, 62, 63, 64, 65, 69, 70, 71, 72, 73, 74, 75, 76, 83, 84, 85, 92, 95, 97, 98, 100, 101, 102, 104, 107, 109, 110, 111, 112, 114, 115, 116, 117, 118, 119, 120, 122, 125, 127, 128, 129, 130, 131, 132, 133, 134, 135, 136, 137, 140, 141, 142, 143, 144, 145, 146, 147, 148, 149, 150, 151, 152, 153, 154, 157, 159, 160, 161, 162, 163, 164, 165, 167, 168, 169, 171, 173, 185, 187, 188, 189, 190, 191, 192, 193, 194, 195, 196, 197], "summary": {"covered_lines": 124, "num_statements": 124, "percent_covered": 100.0, "percent_covered_display": "100", "missing_lines": 0, "excluded_lines": 0, "percent_statements_covered": 100.0, "percent_statements_covered_display": "100", "num_branches": 48, "num_partial_branches": 0, "covered_branches": 48, "missing_branches": 0, "percent_branches_covered": 100.0, "percent_branches_covered_display": "100"}, "missing_lines": [], "excluded_lines": [], "start_line": 1, "executed_branches": [[31, 32], [31, 35], [63, 64], [63, 65], [72, 73], [72, 76], [100, 101], [100, 104], [110, 111], [110, 114], [116, 117], [116, 122], [118, 116], [118, 119], [128, 129], [128, 133], [129, 128], [129, 130], [131, 128], [131, 132], [133, 134], [133, 137], [135, 133], [135, 136], [144, 145], [144, 146], [148, 149], [148, 150], [150, 151], [150, 154], [152, 153], [152, 154], [161, 162], [161, 165], [162, 161], [162, 163], [168, 169], [168, 171], [187, 188], [187, 189], [189, 190], [189, 191], [191, 192], [191, 193], [193, 194], [193, 195], [195, 196], [195, 197]], "missing_branches": []}}}, "utils/database.py": {"executed_lines": [], "summary": {"covered_lines": 0, "num_statements": 8, "percent_covered": 0.0, "percent_covered_display": "0", "missing_lines": 8, "excluded_lines": 0, "percent_statements_covered": 0.0, "percent_statements_covered_display": "0", "num_branches": 0, "num_partial_branches": 0, "covered_branches": 0, "missing_branches": 0, "percent_branches_covered": 100.0, "percent_branches_covered_display": "100"}, "missing_lines": [1, 3, 4, 6, 8, 15, 18, 19], "excluded_lines": [], "executed_branches": [], "missing_branches": [], "functions": {"get_sync_session": {"executed_lines": [], "summary": {"covered_lines": 0, "num_statements": 1, "percent_covered": 0.0, "percent_covered_display": "0", "missing_lines": 1, "excluded_lines": 0, "percent_statements_covered": 0.0, "percent_statements_covered_display": "0", "num_branches": 0, "num_partial_branches": 0, "covered_branches": 0, "missing_branches": 0, "percent_branches_covered": 100.0, "percent_branches_covered_display": "100"}, "missing_lines": [19], "excluded_lines": [], "start_line": 18, "executed_branches": [], "missing_branches": []}, "": {"executed_lines": [], "summary": {"covered_lines": 0, "num_statements": 7, "percent_covered": 0.0, "percent_covered_display": "0", "missing_lines": 7, "excluded_lines": 0, "percent_statements_covered": 0.0, "percent_statements_covered_display": "0", "num_branches": 0, "num_partial_branches": 0, "covered_branches": 0, "missing_branches": 0, "percent_branches_covered": 100.0, "percent_branches_covered_display": "100"}, "missing_lines": [1, 3, 4, 6, 8, 15, 18], "excluded_lines": [], "start_line": 1, "executed_branches": [], "missing_branches": []}}, "classes": {"": {"executed_lines": [], "summary": {"covered_lines": 0, "num_statements": 8, "percent_covered": 0.0, "percent_covered_display": "0", "missing_lines": 8, "excluded_lines": 0, "percent_statements_covered": 0.0, "percent_statements_covered_display": "0", "num_branches": 0, "num_partial_branches": 0, "covered_branches": 0, "missing_branches": 0, "percent_branches_covered": 100.0, "percent_branches_covered_display": "100"}, "missing_lines": [1, 3, 4, 6, 8, 15, 18, 19], "excluded_lines": [], "start_line": 1, "executed_branches": [], "missing_branches": []}}}, "utils/domain_utils.py": {"executed_lines": [], "summary": {"covered_lines": 0, "num_statements": 222, "percent_covered": 0.0, "percent_covered_display": "0", "missing_lines": 222, "excluded_lines": 0, "percent_statements_covered": 0.0, "percent_statements_covered_display": "0", "num_branches": 72, "num_partial_branches": 0, "covered_branches": 0, "missing_branches": 72, "percent_branches_covered": 0.0, "percent_branches_covered_display": "0"}, "missing_lines": [1, 2, 3, 4, 5, 6, 7, 9, 12, 13, 16, 17, 20, 21, 24, 25, 26, 27, 28, 29, 30, 31, 32, 35, 36, 39, 40, 41, 42, 43, 46, 47, 50, 51, 52, 53, 56, 57, 60, 61, 62, 63, 64, 65, 66, 67, 68, 69, 70, 73, 75, 76, 78, 79, 80, 81, 82, 83, 84, 85, 86, 87, 88, 90, 91, 94, 96, 98, 99, 103, 107, 108, 110, 111, 112, 113, 114, 115, 116, 117, 118, 120, 121, 123, 124, 126, 127, 128, 129, 130, 131, 132, 133, 134, 135, 136, 137, 138, 139, 141, 144, 146, 147, 148, 149, 151, 152, 153, 157, 158, 159, 161, 162, 163, 164, 165, 166, 167, 168, 169, 173, 174, 176, 177, 178, 179, 180, 181, 183, 184, 185, 186, 187, 188, 190, 191, 193, 195, 196, 197, 199, 202, 204, 206, 207, 208, 213, 214, 215, 216, 217, 219, 220, 221, 223, 224, 226, 227, 228, 229, 232, 234, 235, 237, 238, 240, 241, 242, 244, 245, 246, 248, 251, 290, 292, 293, 294, 295, 304, 307, 334, 336, 337, 339, 340, 341, 343, 344, 345, 346, 347, 348, 349, 351, 352, 354, 355, 356, 357, 358, 359, 360, 361, 362, 364, 367, 369, 371, 372, 381, 382, 391, 392, 393, 402, 403, 414, 415, 416, 425, 426, 437], "excluded_lines": [], "executed_branches": [], "missing_branches": [[81, 82], [81, 90], [83, 81], [83, 84], [114, 115], [114, 116], [129, 130], [129, 141], [131, 129], [131, 132], [133, 131], [133, 134], [151, 152], [151, 199], [165, 166], [165, 167], [178, 179], [178, 183], [180, 181], [180, 183], [183, 184], [183, 190], [184, 185], [184, 187], [187, 183], [187, 188], [190, 191], [190, 193], [214, 215], [214, 237], [240, 241], [240, 242], [293, 294], [293, 304], [339, 340], [339, 354], [340, 341], [340, 343], [343, 344], [343, 351], [345, 346], [345, 351], [346, 345], [346, 347], [351, 339], [351, 352], [354, 355], [354, 364], [355, 356], [355, 357], [357, 354], [357, 358], [358, 354], [358, 359], [359, 358], [359, 360], [371, 372], [371, 381], [381, 382], [381, 391], [391, 392], [391, 402], [392, 393], [392, 402], [402, 403], [402, 414], [414, 415], [414, 425], [415, 414], [415, 416], [425, 426], [425, 437]], "functions": {"resolve_dns": {"executed_lines": [], "summary": {"covered_lines": 0, "num_statements": 15, "percent_covered": 0.0, "percent_covered_display": "0", "missing_lines": 15, "excluded_lines": 0, "percent_statements_covered": 0.0, "percent_statements_covered_display": "0", "num_branches": 4, "num_partial_branches": 0, "covered_branches": 0, "missing_branches": 4, "percent_branches_covered": 0.0, "percent_branches_covered_display": "0"}, "missing_lines": [75, 76, 78, 79, 80, 81, 82, 83, 84, 85, 86, 87, 88, 90, 91], "excluded_lines": [], "start_line": 73, "executed_branches": [], "missing_branches": [[81, 82], [81, 90], [83, 81], [83, 84]]}, "enumerate_subdomains": {"executed_lines": [], "summary": {"covered_lines": 0, "num_statements": 34, "percent_covered": 0.0, "percent_covered_display": "0", "missing_lines": 34, "excluded_lines": 0, "percent_statements_covered": 0.0, "percent_statements_covered_display": "0", "num_branches": 8, "num_partial_branches": 0, "covered_branches": 0, "missing_branches": 8, "percent_branches_covered": 0.0, "percent_branches_covered_display": "0"}, "missing_lines": [96, 98, 99, 103, 107, 108, 110, 111, 112, 113, 114, 115, 116, 117, 118, 120, 121, 123, 124, 126, 127, 128, 129, 130, 131, 132, 133, 134, 135, 136, 137, 138, 139, 141], "excluded_lines": [], "start_line": 94, "executed_branches": [], "missing_branches": [[114, 115], [114, 116], [129, 130], [129, 141], [131, 129], [131, 132], [133, 131], [133, 134]]}, "check_http": {"executed_lines": [], "summary": {"covered_lines": 0, "num_statements": 40, "percent_covered": 0.0, "percent_covered_display": "0", "missing_lines": 40, "excluded_lines": 0, "percent_statements_covered": 0.0, "percent_statements_covered_display": "0", "num_branches": 16, "num_partial_branches": 0, "covered_branches": 0, "missing_branches": 16, "percent_branches_covered": 0.0, "percent_branches_covered_display": "0"}, "missing_lines": [146, 147, 148, 149, 151, 152, 153, 157, 158, 159, 161, 162, 163, 164, 165, 166, 167, 168, 169, 173, 174, 176, 177, 178, 179, 180, 181, 183, 184, 185, 186, 187, 188, 190, 191, 193, 195, 196, 197, 199], "excluded_lines": [], "start_line": 144, "executed_branches": [], "missing_branches": [[151, 152], [151, 199], [165, 166], [165, 167], [178, 179], [178, 183], [180, 181], [180, 183], [183, 184], [183, 190], [184, 185], [184, 187], [187, 183], [187, 188], [190, 191], [190, 193]]}, "check_ssl": {"executed_lines": [], "summary": {"covered_lines": 0, "num_statements": 30, "percent_covered": 0.0, "percent_covered_display": "0", "missing_lines": 30, "excluded_lines": 0, "percent_statements_covered": 0.0, "percent_statements_covered_display": "0", "num_branches": 4, "num_partial_branches": 0, "covered_branches": 0, "missing_branches": 4, "percent_branches_covered": 0.0, "percent_branches_covered_display": "0"}, "missing_lines": [204, 206, 207, 208, 213, 214, 215, 216, 217, 219, 220, 221, 223, 224, 226, 227, 228, 229, 232, 234, 235, 237, 238, 240, 241, 242, 244, 245, 246, 248], "excluded_lines": [], "start_line": 202, "executed_branches": [], "missing_branches": [[214, 215], [214, 237], [240, 241], [240, 242]]}, "check_security_headers": {"executed_lines": [], "summary": {"covered_lines": 0, "num_statements": 5, "percent_covered": 0.0, "percent_covered_display": "0", "missing_lines": 5, "excluded_lines": 0, "percent_statements_covered": 0.0, "percent_statements_covered_display": "0", "num_branches": 2, "num_partial_branches": 0, "covered_branches": 0, "missing_branches": 2, "percent_branches_covered": 0.0, "percent_branches_covered_display": "0"}, "missing_lines": [292, 293, 294, 295, 304], "excluded_lines": [], "start_line": 290, "executed_branches": [], "missing_branches": [[293, 294], [293, 304]]}, "detect_tech_stack": {"executed_lines": [], "summary": {"covered_lines": 0, "num_statements": 24, "percent_covered": 0.0, "percent_covered_display": "0", "missing_lines": 24, "excluded_lines": 0, "percent_statements_covered": 0.0, "percent_statements_covered_display": "0", "num_branches": 22, "num_partial_branches": 0, "covered_branches": 0, "missing_branches": 22, "percent_branches_covered": 0.0, "percent_branches_covered_display": "0"}, "missing_lines": [336, 337, 339, 340, 341, 343, 344, 345, 346, 347, 348, 349, 351, 352, 354, 355, 356, 357, 358, 359, 360, 361, 362, 364], "excluded_lines": [], "start_line": 334, "executed_branches": [], "missing_branches": [[339, 340], [339, 354], [340, 341], [340, 343], [343, 344], [343, 351], [345, 346], [345, 351], [346, 345], [346, 347], [351, 339], [351, 352], [354, 355], [354, 364], [355, 356], [355, 357], [357, 354], [357, 358], [358, 354], [358, 359], [359, 358], [359, 360]]}, "findings_from_domain": {"executed_lines": [], "summary": {"covered_lines": 0, "num_statements": 16, "percent_covered": 0.0, "percent_covered_display": "0", "missing_lines": 16, "excluded_lines": 0, "percent_statements_covered": 0.0, "percent_statements_covered_display": "0", "num_branches": 16, "num_partial_branches": 0, "covered_branches": 0, "missing_branches": 16, "percent_branches_covered": 0.0, "percent_branches_covered_display": "0"}, "missing_lines": [369, 371, 372, 381, 382, 391, 392, 393, 402, 403, 414, 415, 416, 425, 426, 437], "excluded_lines": [], "start_line": 367, "executed_branches": [], "missing_branches": [[371, 372], [371, 381], [381, 382], [381, 391], [391, 392], [391, 402], [392, 393], [392, 402], [402, 403], [402, 414], [414, 415], [414, 425], [415, 414], [415, 416], [425, 426], [425, 437]]}, "": {"executed_lines": [], "summary": {"covered_lines": 0, "num_statements": 58, "percent_covered": 0.0, "percent_covered_display": "0", "missing_lines": 58, "excluded_lines": 0, "percent_statements_covered": 0.0, "percent_statements_covered_display": "0", "num_branches": 0, "num_partial_branches": 0, "covered_branches": 0, "missing_branches": 0, "percent_branches_covered": 100.0, "percent_branches_covered_display": "100"}, "missing_lines": [1, 2, 3, 4, 5, 6, 7, 9, 12, 13, 16, 17, 20, 21, 24, 25, 26, 27, 28, 29, 30, 31, 32, 35, 36, 39, 40, 41, 42, 43, 46, 47, 50, 51, 52, 53, 56, 57, 60, 61, 62, 63, 64, 65, 66, 67, 68, 69, 70, 73, 94, 144, 202, 251, 290, 307, 334, 367], "excluded_lines": [], "start_line": 1, "executed_branches": [], "missing_branches": []}}, "classes": {"DnsRecord": {"executed_lines": [], "summary": {"covered_lines": 0, "num_statements": 0, "percent_covered": 100.0, "percent_covered_display": "100", "missing_lines": 0, "excluded_lines": 0, "percent_statements_covered": 100.0, "percent_statements_covered_display": "100", "num_branches": 0, "num_partial_branches": 0, "covered_branches": 0, "missing_branches": 0, "percent_branches_covered": 100.0, "percent_branches_covered_display": "100"}, "missing_lines": [], "excluded_lines": [], "start_line": 13, "executed_branches": [], "missing_branches": []}, "SslInfo": {"executed_lines": [], "summary": {"covered_lines": 0, "num_statements": 0, "percent_covered": 100.0, "percent_covered_display": "100", "missing_lines": 0, "excluded_lines": 0, "percent_statements_covered": 100.0, "percent_statements_covered_display": "100", "num_branches": 0, "num_partial_branches": 0, "covered_branches": 0, "missing_branches": 0, "percent_branches_covered": 100.0, "percent_branches_covered_display": "100"}, "missing_lines": [], "excluded_lines": [], "start_line": 21, "executed_branches": [], "missing_branches": []}, "HeaderCheck": {"executed_lines": [], "summary": {"covered_lines": 0, "num_statements": 0, "percent_covered": 100.0, "percent_covered_display": "100", "missing_lines": 0, "excluded_lines": 0, "percent_statements_covered": 100.0, "percent_statements_covered_display": "100", "num_branches": 0, "num_partial_branches": 0, "covered_branches": 0, "missing_branches": 0, "percent_branches_covered": 100.0, "percent_branches_covered_display": "100"}, "missing_lines": [], "excluded_lines": [], "start_line": 36, "executed_branches": [], "missing_branches": []}, "TechInfo": {"executed_lines": [], "summary": {"covered_lines": 0, "num_statements": 0, "percent_covered": 100.0, "percent_covered_display": "100", "missing_lines": 0, "excluded_lines": 0, "percent_statements_covered": 100.0, "percent_statements_covered_display": "100", "num_branches": 0, "num_partial_branches": 0, "covered_branches": 0, "missing_branches": 0, "percent_branches_covered": 100.0, "percent_branches_covered_display": "100"}, "missing_lines": [], "excluded_lines": [], "start_line": 47, "executed_branches": [], "missing_branches": []}, "DomainResult": {"executed_lines": [], "summary": {"covered_lines": 0, "num_statements": 0, "percent_covered": 100.0, "percent_covered_display": "100", "missing_lines": 0, "excluded_lines": 0, "percent_statements_covered": 100.0, "percent_statements_covered_display": "100", "num_branches": 0, "num_partial_branches": 0, "covered_branches": 0, "missing_branches": 0, "percent_branches_covered": 100.0, "percent_branches_covered_display": "100"}, "missing_lines": [], "excluded_lines": [], "start_line": 57, "executed_branches": [], "missing_branches": []}, "": {"executed_lines": [], "summary": {"covered_lines": 0, "num_statements": 222, "percent_covered": 0.0, "percent_covered_display": "0", "missing_lines": 222, "excluded_lines": 0, "percent_statements_covered": 0.0, "percent_statements_covered_display": "0", "num_branches": 72, "num_partial_branches": 0, "covered_branches": 0, "missing_branches": 72, "percent_branches_covered": 0.0, "percent_branches_covered_display": "0"}, "missing_lines": [1, 2, 3, 4, 5, 6, 7, 9, 12, 13, 16, 17, 20, 21, 24, 25, 26, 27, 28, 29, 30, 31, 32, 35, 36, 39, 40, 41, 42, 43, 46, 47, 50, 51, 52, 53, 56, 57, 60, 61, 62, 63, 64, 65, 66, 67, 68, 69, 70, 73, 75, 76, 78, 79, 80, 81, 82, 83, 84, 85, 86, 87, 88, 90, 91, 94, 96, 98, 99, 103, 107, 108, 110, 111, 112, 113, 114, 115, 116, 117, 118, 120, 121, 123, 124, 126, 127, 128, 129, 130, 131, 132, 133, 134, 135, 136, 137, 138, 139, 141, 144, 146, 147, 148, 149, 151, 152, 153, 157, 158, 159, 161, 162, 163, 164, 165, 166, 167, 168, 169, 173, 174, 176, 177, 178, 179, 180, 181, 183, 184, 185, 186, 187, 188, 190, 191, 193, 195, 196, 197, 199, 202, 204, 206, 207, 208, 213, 214, 215, 216, 217, 219, 220, 221, 223, 224, 226, 227, 228, 229, 232, 234, 235, 237, 238, 240, 241, 242, 244, 245, 246, 248, 251, 290, 292, 293, 294, 295, 304, 307, 334, 336, 337, 339, 340, 341, 343, 344, 345, 346, 347, 348, 349, 351, 352, 354, 355, 356, 357, 358, 359, 360, 361, 362, 364, 367, 369, 371, 372, 381, 382, 391, 392, 393, 402, 403, 414, 415, 416, 425, 426, 437], "excluded_lines": [], "start_line": 1, "executed_branches": [], "missing_branches": [[81, 82], [81, 90], [83, 81], [83, 84], [114, 115], [114, 116], [129, 130], [129, 141], [131, 129], [131, 132], [133, 131], [133, 134], [151, 152], [151, 199], [165, 166], [165, 167], [178, 179], [178, 183], [180, 181], [180, 183], [183, 184], [183, 190], [184, 185], [184, 187], [187, 183], [187, 188], [190, 191], [190, 193], [214, 215], [214, 237], [240, 241], [240, 242], [293, 294], [293, 304], [339, 340], [339, 354], [340, 341], [340, 343], [343, 344], [343, 351], [345, 346], [345, 351], [346, 345], [346, 347], [351, 339], [351, 352], [354, 355], [354, 364], [355, 356], [355, 357], [357, 354], [357, 358], [358, 354], [358, 359], [359, 358], [359, 360], [371, 372], [371, 381], [381, 382], [381, 391], [391, 392], [391, 402], [392, 393], [392, 402], [402, 403], [402, 414], [414, 415], [414, 425], [415, 414], [415, 416], [425, 426], [425, 437]]}}}, "utils/mobile_utils.py": {"executed_lines": [], "summary": {"covered_lines": 0, "num_statements": 237, "percent_covered": 0.0, "percent_covered_display": "0", "missing_lines": 237, "excluded_lines": 0, "percent_statements_covered": 0.0, "percent_statements_covered_display": "0", "num_branches": 84, "num_partial_branches": 0, "covered_branches": 0, "missing_branches": 84, "percent_branches_covered": 0.0, "percent_branches_covered_display": "0"}, "missing_lines": [1, 2, 3, 4, 5, 6, 7, 8, 9, 11, 14, 15, 18, 19, 20, 21, 22, 23, 24, 25, 26, 27, 30, 31, 34, 35, 36, 37, 38, 39, 40, 41, 44, 60, 85, 91, 92, 93, 94, 95, 96, 98, 99, 100, 101, 102, 103, 104, 106, 109, 110, 111, 114, 116, 117, 118, 119, 120, 122, 123, 124, 125, 126, 127, 134, 135, 136, 138, 139, 140, 141, 142, 143, 145, 147, 148, 150, 153, 155, 156, 158, 159, 160, 161, 163, 164, 165, 166, 167, 168, 169, 170, 171, 172, 173, 174, 175, 177, 178, 179, 181, 183, 184, 185, 187, 190, 191, 192, 193, 194, 195, 197, 198, 199, 201, 202, 203, 205, 206, 207, 209, 210, 211, 212, 214, 215, 216, 218, 219, 221, 225, 227, 228, 229, 231, 232, 234, 237, 238, 254, 257, 258, 259, 260, 261, 262, 263, 265, 266, 267, 268, 269, 270, 271, 273, 274, 275, 276, 277, 278, 279, 280, 281, 282, 283, 284, 286, 287, 296, 297, 306, 307, 308, 309, 318, 319, 328, 329, 338, 339, 348, 349, 358, 359, 368, 371, 372, 374, 375, 384, 385, 386, 387, 396, 405, 406, 415, 418, 419, 420, 421, 422, 423, 424, 425, 433, 436, 437, 438, 439, 440, 441, 442, 443, 444, 445, 446, 447, 448, 449, 450, 451, 452, 453, 454, 457, 458, 460, 461, 462, 463, 465, 466, 467, 468, 469, 471], "excluded_lines": [], "executed_branches": [], "missing_branches": [[94, 95], [94, 98], [100, 101], [100, 106], [134, 135], [134, 138], [140, 141], [140, 145], [164, 165], [164, 177], [166, 167], [166, 168], [198, 199], [198, 201], [202, 203], [202, 205], [206, 207], [206, 209], [210, 211], [210, 214], [215, 216], [215, 218], [267, 268], [267, 273], [270, 271], [270, 273], [274, 275], [274, 282], [275, 276], [275, 282], [276, 275], [276, 277], [278, 275], [278, 279], [279, 275], [279, 280], [280, 279], [280, 281], [286, 287], [286, 296], [296, 297], [296, 306], [306, 307], [306, 328], [307, 308], [307, 318], [328, 329], [328, 338], [338, 339], [338, 348], [348, 349], [348, 358], [358, 359], [358, 368], [374, 375], [374, 384], [384, 385], [384, 405], [385, 386], [385, 405], [386, 387], [386, 396], [405, 406], [405, 415], [420, 421], [420, 433], [422, 420], [422, 423], [423, 424], [423, 425], [438, 439], [438, 454], [440, 441], [440, 442], [460, 461], [460, 465], [462, 460], [462, 463], [465, 466], [465, 471], [467, 465], [467, 468], [468, 467], [468, 469]], "functions": {"_safe_extract": {"executed_lines": [], "summary": {"covered_lines": 0, "num_statements": 17, "percent_covered": 0.0, "percent_covered_display": "0", "missing_lines": 17, "excluded_lines": 0, "percent_statements_covered": 0.0, "percent_statements_covered_display": "0", "num_branches": 4, "num_partial_branches": 0, "covered_branches": 0, "missing_branches": 4, "percent_branches_covered": 0.0, "percent_branches_covered_display": "0"}, "missing_lines": [91, 92, 93, 94, 95, 96, 98, 99, 100, 101, 102, 103, 104, 106, 109, 110, 111], "excluded_lines": [], "start_line": 85, "executed_branches": [], "missing_branches": [[94, 95], [94, 98], [100, 101], [100, 106]]}, "analyze_apk": {"executed_lines": [], "summary": {"covered_lines": 0, "num_statements": 24, "percent_covered": 0.0, "percent_covered_display": "0", "missing_lines": 24, "excluded_lines": 0, "percent_statements_covered": 0.0, "percent_statements_covered_display": "0", "num_branches": 4, "num_partial_branches": 0, "covered_branches": 0, "missing_branches": 4, "percent_branches_covered": 0.0, "percent_branches_covered_display": "0"}, "missing_lines": [116, 117, 118, 119, 120, 122, 123, 124, 125, 126, 127, 134, 135, 136, 138, 139, 140, 141, 142, 143, 145, 147, 148, 150], "excluded_lines": [], "start_line": 114, "executed_branches": [], "missing_branches": [[134, 135], [134, 138], [140, 141], [140, 145]]}, "analyze_ipa": {"executed_lines": [], "summary": {"covered_lines": 0, "num_statements": 27, "percent_covered": 0.0, "percent_covered_display": "0", "missing_lines": 27, "excluded_lines": 0, "percent_statements_covered": 0.0, "percent_statements_covered_display": "0", "num_branches": 4, "num_partial_branches": 0, "covered_branches": 0, "missing_branches": 4, "percent_branches_covered": 0.0, "percent_branches_covered_display": "0"}, "missing_lines": [155, 156, 158, 159, 160, 161, 163, 164, 165, 166, 167, 168, 169, 170, 171, 172, 173, 174, 175, 177, 178, 179, 181, 183, 184, 185, 187], "excluded_lines": [], "start_line": 153, "executed_branches": [], "missing_branches": [[164, 165], [164, 177], [166, 167], [166, 168]]}, "_parse_android_manifest": {"executed_lines": [], "summary": {"covered_lines": 0, "num_statements": 31, "percent_covered": 0.0, "percent_covered_display": "0", "missing_lines": 31, "excluded_lines": 0, "percent_statements_covered": 0.0, "percent_statements_covered_display": "0", "num_branches": 10, "num_partial_branches": 0, "covered_branches": 0, "missing_branches": 10, "percent_branches_covered": 0.0, "percent_branches_covered_display": "0"}, "missing_lines": [191, 192, 193, 194, 195, 197, 198, 199, 201, 202, 203, 205, 206, 207, 209, 210, 211, 212, 214, 215, 216, 218, 219, 221, 225, 227, 228, 229, 231, 232, 234], "excluded_lines": [], "start_line": 190, "executed_branches": [], "missing_branches": [[198, 199], [198, 201], [202, 203], [202, 205], [206, 207], [206, 209], [210, 211], [210, 214], [215, 216], [215, 218]]}, "_sdk_to_android_version": {"executed_lines": [], "summary": {"covered_lines": 0, "num_statements": 2, "percent_covered": 0.0, "percent_covered_display": "0", "missing_lines": 2, "excluded_lines": 0, "percent_statements_covered": 0.0, "percent_statements_covered_display": "0", "num_branches": 0, "num_partial_branches": 0, "covered_branches": 0, "missing_branches": 0, "percent_branches_covered": 100.0, "percent_branches_covered_display": "100"}, "missing_lines": [238, 254], "excluded_lines": [], "start_line": 237, "executed_branches": [], "missing_branches": []}, "_parse_ios_plist": {"executed_lines": [], "summary": {"covered_lines": 0, "num_statements": 23, "percent_covered": 0.0, "percent_covered_display": "0", "missing_lines": 23, "excluded_lines": 0, "percent_statements_covered": 0.0, "percent_statements_covered_display": "0", "num_branches": 16, "num_partial_branches": 0, "covered_branches": 0, "missing_branches": 16, "percent_branches_covered": 0.0, "percent_branches_covered_display": "0"}, "missing_lines": [258, 259, 260, 261, 262, 263, 265, 266, 267, 268, 269, 270, 271, 273, 274, 275, 276, 277, 278, 279, 280, 281, 282], "excluded_lines": [], "start_line": 257, "executed_branches": [], "missing_branches": [[267, 268], [267, 273], [270, 271], [270, 273], [274, 275], [274, 282], [275, 276], [275, 282], [276, 275], [276, 277], [278, 275], [278, 279], [279, 275], [279, 280], [280, 279], [280, 281]]}, "_build_android_findings": {"executed_lines": [], "summary": {"covered_lines": 0, "num_statements": 20, "percent_covered": 0.0, "percent_covered_display": "0", "missing_lines": 20, "excluded_lines": 0, "percent_statements_covered": 0.0, "percent_statements_covered_display": "0", "num_branches": 16, "num_partial_branches": 0, "covered_branches": 0, "missing_branches": 16, "percent_branches_covered": 0.0, "percent_branches_covered_display": "0"}, "missing_lines": [284, 286, 287, 296, 297, 306, 307, 308, 309, 318, 319, 328, 329, 338, 339, 348, 349, 358, 359, 368], "excluded_lines": [], "start_line": 283, "executed_branches": [], "missing_branches": [[286, 287], [286, 296], [296, 297], [296, 306], [306, 307], [306, 328], [307, 308], [307, 318], [328, 329], [328, 338], [338, 339], [338, 348], [348, 349], [348, 358], [358, 359], [358, 368]]}, "_build_ios_findings": {"executed_lines": [], "summary": {"covered_lines": 0, "num_statements": 11, "percent_covered": 0.0, "percent_covered_display": "0", "missing_lines": 11, "excluded_lines": 0, "percent_statements_covered": 0.0, "percent_statements_covered_display": "0", "num_branches": 10, "num_partial_branches": 0, "covered_branches": 0, "missing_branches": 10, "percent_branches_covered": 0.0, "percent_branches_covered_display": "0"}, "missing_lines": [372, 374, 375, 384, 385, 386, 387, 396, 405, 406, 415], "excluded_lines": [], "start_line": 371, "executed_branches": [], "missing_branches": [[374, 375], [374, 384], [384, 385], [384, 405], [385, 386], [385, 405], [386, 387], [386, 396], [405, 406], [405, 415]]}, "_scan_secrets": {"executed_lines": [], "summary": {"covered_lines": 0, "num_statements": 8, "percent_covered": 0.0, "percent_covered_display": "0", "missing_lines": 8, "excluded_lines": 0, "percent_statements_covered": 0.0, "percent_statements_covered_display": "0", "num_branches": 6, "num_partial_branches": 0, "covered_branches": 0, "missing_branches": 6, "percent_branches_covered": 0.0, "percent_branches_covered_display": "0"}, "missing_lines": [419, 420, 421, 422, 423, 424, 425, 433], "excluded_lines": [], "start_line": 418, "executed_branches": [], "missing_branches": [[420, 421], [420, 433], [422, 420], [422, 423], [423, 424], [423, 425]]}, "_extract_text_from_zip": {"executed_lines": [], "summary": {"covered_lines": 0, "num_statements": 18, "percent_covered": 0.0, "percent_covered_display": "0", "missing_lines": 18, "excluded_lines": 0, "percent_statements_covered": 0.0, "percent_statements_covered_display": "0", "num_branches": 4, "num_partial_branches": 0, "covered_branches": 0, "missing_branches": 4, "percent_branches_covered": 0.0, "percent_branches_covered_display": "0"}, "missing_lines": [437, 438, 439, 440, 441, 442, 443, 444, 445, 446, 447, 448, 449, 450, 451, 452, 453, 454], "excluded_lines": [], "start_line": 436, "executed_branches": [], "missing_branches": [[438, 439], [438, 454], [440, 441], [440, 442]]}, "_extract_library_names": {"executed_lines": [], "summary": {"covered_lines": 0, "num_statements": 11, "percent_covered": 0.0, "percent_covered_display": "0", "missing_lines": 11, "excluded_lines": 0, "percent_statements_covered": 0.0, "percent_statements_covered_display": "0", "num_branches": 10, "num_partial_branches": 0, "covered_branches": 0, "missing_branches": 10, "percent_branches_covered": 0.0, "percent_branches_covered_display": "0"}, "missing_lines": [458, 460, 461, 462, 463, 465, 466, 467, 468, 469, 471], "excluded_lines": [], "start_line": 457, "executed_branches": [], "missing_branches": [[460, 461], [460, 465], [462, 460], [462, 463], [465, 466], [465, 471], [467, 465], [467, 468], [468, 467], [468, 469]]}, "": {"executed_lines": [], "summary": {"covered_lines": 0, "num_statements": 45, "percent_covered": 0.0, "percent_covered_display": "0", "missing_lines": 45, "excluded_lines": 0, "percent_statements_covered": 0.0, "percent_statements_covered_display": "0", "num_branches": 0, "num_partial_branches": 0, "covered_branches": 0, "missing_branches": 0, "percent_branches_covered": 100.0, "percent_branches_covered_display": "100"}, "missing_lines": [1, 2, 3, 4, 5, 6, 7, 8, 9, 11, 14, 15, 18, 19, 20, 21, 22, 23, 24, 25, 26, 27, 30, 31, 34, 35, 36, 37, 38, 39, 40, 41, 44, 60, 85, 114, 153, 190, 237, 257, 283, 371, 418, 436, 457], "excluded_lines": [], "start_line": 1, "executed_branches": [], "missing_branches": []}}, "classes": {"AndroidManifestInfo": {"executed_lines": [], "summary": {"covered_lines": 0, "num_statements": 0, "percent_covered": 100.0, "percent_covered_display": "100", "missing_lines": 0, "excluded_lines": 0, "percent_statements_covered": 100.0, "percent_statements_covered_display": "100", "num_branches": 0, "num_partial_branches": 0, "covered_branches": 0, "missing_branches": 0, "percent_branches_covered": 100.0, "percent_branches_covered_display": "100"}, "missing_lines": [], "excluded_lines": [], "start_line": 15, "executed_branches": [], "missing_branches": []}, "IpaInfo": {"executed_lines": [], "summary": {"covered_lines": 0, "num_statements": 0, "percent_covered": 100.0, "percent_covered_display": "100", "missing_lines": 0, "excluded_lines": 0, "percent_statements_covered": 100.0, "percent_statements_covered_display": "100", "num_branches": 0, "num_partial_branches": 0, "covered_branches": 0, "missing_branches": 0, "percent_branches_covered": 100.0, "percent_branches_covered_display": "100"}, "missing_lines": [], "excluded_lines": [], "start_line": 31, "executed_branches": [], "missing_branches": []}, "": {"executed_lines": [], "summary": {"covered_lines": 0, "num_statements": 237, "percent_covered": 0.0, "percent_covered_display": "0", "missing_lines": 237, "excluded_lines": 0, "percent_statements_covered": 0.0, "percent_statements_covered_display": "0", "num_branches": 84, "num_partial_branches": 0, "covered_branches": 0, "missing_branches": 84, "percent_branches_covered": 0.0, "percent_branches_covered_display": "0"}, "missing_lines": [1, 2, 3, 4, 5, 6, 7, 8, 9, 11, 14, 15, 18, 19, 20, 21, 22, 23, 24, 25, 26, 27, 30, 31, 34, 35, 36, 37, 38, 39, 40, 41, 44, 60, 85, 91, 92, 93, 94, 95, 96, 98, 99, 100, 101, 102, 103, 104, 106, 109, 110, 111, 114, 116, 117, 118, 119, 120, 122, 123, 124, 125, 126, 127, 134, 135, 136, 138, 139, 140, 141, 142, 143, 145, 147, 148, 150, 153, 155, 156, 158, 159, 160, 161, 163, 164, 165, 166, 167, 168, 169, 170, 171, 172, 173, 174, 175, 177, 178, 179, 181, 183, 184, 185, 187, 190, 191, 192, 193, 194, 195, 197, 198, 199, 201, 202, 203, 205, 206, 207, 209, 210, 211, 212, 214, 215, 216, 218, 219, 221, 225, 227, 228, 229, 231, 232, 234, 237, 238, 254, 257, 258, 259, 260, 261, 262, 263, 265, 266, 267, 268, 269, 270, 271, 273, 274, 275, 276, 277, 278, 279, 280, 281, 282, 283, 284, 286, 287, 296, 297, 306, 307, 308, 309, 318, 319, 328, 329, 338, 339, 348, 349, 358, 359, 368, 371, 372, 374, 375, 384, 385, 386, 387, 396, 405, 406, 415, 418, 419, 420, 421, 422, 423, 424, 425, 433, 436, 437, 438, 439, 440, 441, 442, 443, 444, 445, 446, 447, 448, 449, 450, 451, 452, 453, 454, 457, 458, 460, 461, 462, 463, 465, 466, 467, 468, 469, 471], "excluded_lines": [], "start_line": 1, "executed_branches": [], "missing_branches": [[94, 95], [94, 98], [100, 101], [100, 106], [134, 135], [134, 138], [140, 141], [140, 145], [164, 165], [164, 177], [166, 167], [166, 168], [198, 199], [198, 201], [202, 203], [202, 205], [206, 207], [206, 209], [210, 211], [210, 214], [215, 216], [215, 218], [267, 268], [267, 273], [270, 271], [270, 273], [274, 275], [274, 282], [275, 276], [275, 282], [276, 275], [276, 277], [278, 275], [278, 279], [279, 275], [279, 280], [280, 279], [280, 281], [286, 287], [286, 296], [296, 297], [296, 306], [306, 307], [306, 328], [307, 308], [307, 318], [328, 329], [328, 338], [338, 339], [338, 348], [348, 349], [348, 358], [358, 359], [358, 368], [374, 375], [374, 384], [384, 385], [384, 405], [385, 386], [385, 405], [386, 387], [386, 396], [405, 406], [405, 415], [420, 421], [420, 433], [422, 420], [422, 423], [423, 424], [423, 425], [438, 439], [438, 454], [440, 441], [440, 442], [460, 461], [460, 465], [462, 460], [462, 463], [465, 466], [465, 471], [467, 465], [467, 468], [468, 467], [468, 469]]}}}, "utils/nmap_runner.py": {"executed_lines": [1, 2, 3, 4, 6, 9, 10, 13, 14, 15, 16, 17, 18, 19, 22, 23, 26, 27, 28, 29, 30, 31, 32, 35, 36, 39, 40, 43, 45, 46, 47, 48, 49, 50, 52, 53, 55, 56, 57, 59, 60, 61, 62, 63, 64, 65, 66, 68, 69, 70, 71, 72, 76, 77, 78, 79, 80, 81, 83, 84, 85, 87, 88, 90, 91, 93, 94, 95, 96, 97, 99, 108, 110, 112, 115, 117, 118, 132, 138, 139, 141, 142, 143, 149, 150, 151, 162, 167, 168, 170, 173, 175, 177, 178, 179, 181, 182, 191, 192, 203], "summary": {"covered_lines": 100, "num_statements": 101, "percent_covered": 94.96402877697842, "percent_covered_display": "95", "missing_lines": 1, "excluded_lines": 0, "percent_statements_covered": 99.00990099009901, "percent_statements_covered_display": "99", "num_branches": 38, "num_partial_branches": 6, "covered_branches": 32, "missing_branches": 6, "percent_branches_covered": 84.21052631578948, "percent_branches_covered_display": "84"}, "missing_lines": [74], "excluded_lines": [], "executed_branches": [[52, 53], [52, 112], [56, 57], [59, 60], [59, 68], [62, 63], [62, 64], [64, 65], [69, 70], [70, 71], [70, 76], [71, 72], [77, 78], [77, 83], [78, 79], [79, 80], [83, 84], [83, 110], [90, 91], [90, 93], [141, 142], [141, 170], [149, 150], [149, 170], [177, 178], [177, 203], [178, 179], [178, 181], [181, 182], [181, 191], [191, 177], [191, 192]], "missing_branches": [[56, 59], [64, 59], [69, 76], [71, 74], [78, 83], [79, 78]], "functions": {"parse_nmap_xml": {"executed_lines": [45, 46, 47, 48, 49, 50, 52, 53, 55, 56, 57, 59, 60, 61, 62, 63, 64, 65, 66, 68, 69, 70, 71, 72, 76, 77, 78, 79, 80, 81, 83, 84, 85, 87, 88, 90, 91, 93, 94, 95, 96, 97, 99, 108, 110, 112], "summary": {"covered_lines": 46, "num_statements": 47, "percent_covered": 90.41095890410959, "percent_covered_display": "90", "missing_lines": 1, "excluded_lines": 0, "percent_statements_covered": 97.87234042553192, "percent_statements_covered_display": "98", "num_branches": 26, "num_partial_branches": 6, "covered_branches": 20, "missing_branches": 6, "percent_branches_covered": 76.92307692307692, "percent_branches_covered_display": "77"}, "missing_lines": [74], "excluded_lines": [], "start_line": 43, "executed_branches": [[52, 53], [52, 112], [56, 57], [59, 60], [59, 68], [62, 63], [62, 64], [64, 65], [69, 70], [70, 71], [70, 76], [71, 72], [77, 78], [77, 83], [78, 79], [79, 80], [83, 84], [83, 110], [90, 91], [90, 93]], "missing_branches": [[56, 59], [64, 59], [69, 76], [71, 74], [78, 83], [79, 78]]}, "run_nmap": {"executed_lines": [117, 118, 132, 138, 139, 141, 142, 143, 149, 150, 151, 162, 167, 168, 170], "summary": {"covered_lines": 15, "num_statements": 15, "percent_covered": 100.0, "percent_covered_display": "100", "missing_lines": 0, "excluded_lines": 0, "percent_statements_covered": 100.0, "percent_statements_covered_display": "100", "num_branches": 4, "num_partial_branches": 0, "covered_branches": 4, "missing_branches": 0, "percent_branches_covered": 100.0, "percent_branches_covered_display": "100"}, "missing_lines": [], "excluded_lines": [], "start_line": 115, "executed_branches": [[141, 142], [141, 170], [149, 150], [149, 170]], "missing_branches": []}, "findings_from_nmap": {"executed_lines": [175, 177, 178, 179, 181, 182, 191, 192, 203], "summary": {"covered_lines": 9, "num_statements": 9, "percent_covered": 100.0, "percent_covered_display": "100", "missing_lines": 0, "excluded_lines": 0, "percent_statements_covered": 100.0, "percent_statements_covered_display": "100", "num_branches": 8, "num_partial_branches": 0, "covered_branches": 8, "missing_branches": 0, "percent_branches_covered": 100.0, "percent_branches_covered_display": "100"}, "missing_lines": [], "excluded_lines": [], "start_line": 173, "executed_branches": [[177, 178], [177, 203], [178, 179], [178, 181], [181, 182], [181, 191], [191, 177], [191, 192]], "missing_branches": []}, "": {"executed_lines": [1, 2, 3, 4, 6, 9, 10, 13, 14, 15, 16, 17, 18, 19, 22, 23, 26, 27, 28, 29, 30, 31, 32, 35, 36, 39, 40, 43, 115, 173], "summary": {"covered_lines": 30, "num_statements": 30, "percent_covered": 100.0, "percent_covered_display": "100", "missing_lines": 0, "excluded_lines": 0, "percent_statements_covered": 100.0, "percent_statements_covered_display": "100", "num_branches": 0, "num_partial_branches": 0, "covered_branches": 0, "missing_branches": 0, "percent_branches_covered": 100.0, "percent_branches_covered_display": "100"}, "missing_lines": [], "excluded_lines": [], "start_line": 1, "executed_branches": [], "missing_branches": []}}, "classes": {"PortInfo": {"executed_lines": [], "summary": {"covered_lines": 0, "num_statements": 0, "percent_covered": 100.0, "percent_covered_display": "100", "missing_lines": 0, "excluded_lines": 0, "percent_statements_covered": 100.0, "percent_statements_covered_display": "100", "num_branches": 0, "num_partial_branches": 0, "covered_branches": 0, "missing_branches": 0, "percent_branches_covered": 100.0, "percent_branches_covered_display": "100"}, "missing_lines": [], "excluded_lines": [], "start_line": 10, "executed_branches": [], "missing_branches": []}, "HostInfo": {"executed_lines": [], "summary": {"covered_lines": 0, "num_statements": 0, "percent_covered": 100.0, "percent_covered_display": "100", "missing_lines": 0, "excluded_lines": 0, "percent_statements_covered": 100.0, "percent_statements_covered_display": "100", "num_branches": 0, "num_partial_branches": 0, "covered_branches": 0, "missing_branches": 0, "percent_branches_covered": 100.0, "percent_branches_covered_display": "100"}, "missing_lines": [], "excluded_lines": [], "start_line": 23, "executed_branches": [], "missing_branches": []}, "NmapResult": {"executed_lines": [], "summary": {"covered_lines": 0, "num_statements": 0, "percent_covered": 100.0, "percent_covered_display": "100", "missing_lines": 0, "excluded_lines": 0, "percent_statements_covered": 100.0, "percent_statements_covered_display": "100", "num_branches": 0, "num_partial_branches": 0, "covered_branches": 0, "missing_branches": 0, "percent_branches_covered": 100.0, "percent_branches_covered_display": "100"}, "missing_lines": [], "excluded_lines": [], "start_line": 36, "executed_branches": [], "missing_branches": []}, "": {"executed_lines": [1, 2, 3, 4, 6, 9, 10, 13, 14, 15, 16, 17, 18, 19, 22, 23, 26, 27, 28, 29, 30, 31, 32, 35, 36, 39, 40, 43, 45, 46, 47, 48, 49, 50, 52, 53, 55, 56, 57, 59, 60, 61, 62, 63, 64, 65, 66, 68, 69, 70, 71, 72, 76, 77, 78, 79, 80, 81, 83, 84, 85, 87, 88, 90, 91, 93, 94, 95, 96, 97, 99, 108, 110, 112, 115, 117, 118, 132, 138, 139, 141, 142, 143, 149, 150, 151, 162, 167, 168, 170, 173, 175, 177, 178, 179, 181, 182, 191, 192, 203], "summary": {"covered_lines": 100, "num_statements": 101, "percent_covered": 94.96402877697842, "percent_covered_display": "95", "missing_lines": 1, "excluded_lines": 0, "percent_statements_covered": 99.00990099009901, "percent_statements_covered_display": "99", "num_branches": 38, "num_partial_branches": 6, "covered_branches": 32, "missing_branches": 6, "percent_branches_covered": 84.21052631578948, "percent_branches_covered_display": "84"}, "missing_lines": [74], "excluded_lines": [], "start_line": 1, "executed_branches": [[52, 53], [52, 112], [56, 57], [59, 60], [59, 68], [62, 63], [62, 64], [64, 65], [69, 70], [70, 71], [70, 76], [71, 72], [77, 78], [77, 83], [78, 79], [79, 80], [83, 84], [83, 110], [90, 91], [90, 93], [141, 142], [141, 170], [149, 150], [149, 170], [177, 178], [177, 203], [178, 179], [178, 181], [181, 182], [181, 191], [191, 177], [191, 192]], "missing_branches": [[56, 59], [64, 59], [69, 76], [71, 74], [78, 83], [79, 78]]}}}, "utils/redis_helpers.py": {"executed_lines": [1, 3, 6, 11, 12, 14, 17, 20, 23, 24, 25], "summary": {"covered_lines": 11, "num_statements": 12, "percent_covered": 87.5, "percent_covered_display": "88", "missing_lines": 1, "excluded_lines": 0, "percent_statements_covered": 91.66666666666667, "percent_statements_covered_display": "92", "num_branches": 4, "num_partial_branches": 1, "covered_branches": 3, "missing_branches": 1, "percent_branches_covered": 75.0, "percent_branches_covered_display": "75"}, "missing_lines": [13], "excluded_lines": [], "executed_branches": [[12, 14], [23, 24], [23, 25]], "missing_branches": [[12, 13]], "functions": {"build_redis_url": {"executed_lines": [11, 12, 14], "summary": {"covered_lines": 3, "num_statements": 4, "percent_covered": 66.66666666666667, "percent_covered_display": "67", "missing_lines": 1, "excluded_lines": 0, "percent_statements_covered": 75.0, "percent_statements_covered_display": "75", "num_branches": 2, "num_partial_branches": 1, "covered_branches": 1, "missing_branches": 1, "percent_branches_covered": 50.0, "percent_branches_covered_display": "50"}, "missing_lines": [13], "excluded_lines": [], "start_line": 6, "executed_branches": [[12, 14]], "missing_branches": [[12, 13]]}, "get_redis_pool": {"executed_lines": [23, 24, 25], "summary": {"covered_lines": 3, "num_statements": 3, "percent_covered": 100.0, "percent_covered_display": "100", "missing_lines": 0, "excluded_lines": 0, "percent_statements_covered": 100.0, "percent_statements_covered_display": "100", "num_branches": 2, "num_partial_branches": 0, "covered_branches": 2, "missing_branches": 0, "percent_branches_covered": 100.0, "percent_branches_covered_display": "100"}, "missing_lines": [], "excluded_lines": [], "start_line": 20, "executed_branches": [[23, 24], [23, 25]], "missing_branches": []}, "": {"executed_lines": [1, 3, 6, 17, 20], "summary": {"covered_lines": 5, "num_statements": 5, "percent_covered": 100.0, "percent_covered_display": "100", "missing_lines": 0, "excluded_lines": 0, "percent_statements_covered": 100.0, "percent_statements_covered_display": "100", "num_branches": 0, "num_partial_branches": 0, "covered_branches": 0, "missing_branches": 0, "percent_branches_covered": 100.0, "percent_branches_covered_display": "100"}, "missing_lines": [], "excluded_lines": [], "start_line": 1, "executed_branches": [], "missing_branches": []}}, "classes": {"": {"executed_lines": [1, 3, 6, 11, 12, 14, 17, 20, 23, 24, 25], "summary": {"covered_lines": 11, "num_statements": 12, "percent_covered": 87.5, "percent_covered_display": "88", "missing_lines": 1, "excluded_lines": 0, "percent_statements_covered": 91.66666666666667, "percent_statements_covered_display": "92", "num_branches": 4, "num_partial_branches": 1, "covered_branches": 3, "missing_branches": 1, "percent_branches_covered": 75.0, "percent_branches_covered_display": "75"}, "missing_lines": [13], "excluded_lines": [], "start_line": 1, "executed_branches": [[12, 14], [23, 24], [23, 25]], "missing_branches": [[12, 13]]}}}, "utils/scan_types.py": {"executed_lines": [9, 11, 14, 15, 16, 17, 18, 19, 20, 21, 22, 23, 24, 27, 28, 29, 30, 31, 32, 33, 36, 37, 38, 39, 40, 41, 42, 43, 46, 47, 48, 49, 50, 53, 54, 55, 56, 57, 58, 61, 62, 63, 64, 65, 66, 67, 70, 71, 72, 73], "summary": {"covered_lines": 50, "num_statements": 50, "percent_covered": 100.0, "percent_covered_display": "100", "missing_lines": 0, "excluded_lines": 0, "percent_statements_covered": 100.0, "percent_statements_covered_display": "100", "num_branches": 0, "num_partial_branches": 0, "covered_branches": 0, "missing_branches": 0, "percent_branches_covered": 100.0, "percent_branches_covered_display": "100"}, "missing_lines": [], "excluded_lines": [], "executed_branches": [], "missing_branches": [], "functions": {"": {"executed_lines": [9, 11, 14, 15, 16, 17, 18, 19, 20, 21, 22, 23, 24, 27, 28, 29, 30, 31, 32, 33, 36, 37, 38, 39, 40, 41, 42, 43, 46, 47, 48, 49, 50, 53, 54, 55, 56, 57, 58, 61, 62, 63, 64, 65, 66, 67, 70, 71, 72, 73], "summary": {"covered_lines": 50, "num_statements": 50, "percent_covered": 100.0, "percent_covered_display": "100", "missing_lines": 0, "excluded_lines": 0, "percent_statements_covered": 100.0, "percent_statements_covered_display": "100", "num_branches": 0, "num_partial_branches": 0, "covered_branches": 0, "missing_branches": 0, "percent_branches_covered": 100.0, "percent_branches_covered_display": "100"}, "missing_lines": [], "excluded_lines": [], "start_line": 1, "executed_branches": [], "missing_branches": []}}, "classes": {"ScanFinding": {"executed_lines": [], "summary": {"covered_lines": 0, "num_statements": 0, "percent_covered": 100.0, "percent_covered_display": "100", "missing_lines": 0, "excluded_lines": 0, "percent_statements_covered": 100.0, "percent_statements_covered_display": "100", "num_branches": 0, "num_partial_branches": 0, "covered_branches": 0, "missing_branches": 0, "percent_branches_covered": 100.0, "percent_branches_covered_display": "100"}, "missing_lines": [], "excluded_lines": [], "start_line": 14, "executed_branches": [], "missing_branches": []}, "SeveritySummary": {"executed_lines": [], "summary": {"covered_lines": 0, "num_statements": 0, "percent_covered": 100.0, "percent_covered_display": "100", "missing_lines": 0, "excluded_lines": 0, "percent_statements_covered": 100.0, "percent_statements_covered_display": "100", "num_branches": 0, "num_partial_branches": 0, "covered_branches": 0, "missing_branches": 0, "percent_branches_covered": 100.0, "percent_branches_covered_display": "100"}, "missing_lines": [], "excluded_lines": [], "start_line": 27, "executed_branches": [], "missing_branches": []}, "CveVuln": {"executed_lines": [], "summary": {"covered_lines": 0, "num_statements": 0, "percent_covered": 100.0, "percent_covered_display": "100", "missing_lines": 0, "excluded_lines": 0, "percent_statements_covered": 100.0, "percent_statements_covered_display": "100", "num_branches": 0, "num_partial_branches": 0, "covered_branches": 0, "missing_branches": 0, "percent_branches_covered": 100.0, "percent_branches_covered_display": "100"}, "missing_lines": [], "excluded_lines": [], "start_line": 36, "executed_branches": [], "missing_branches": []}, "ProgressMessage": {"executed_lines": [], "summary": {"covered_lines": 0, "num_statements": 0, "percent_covered": 100.0, "percent_covered_display": "100", "missing_lines": 0, "excluded_lines": 0, "percent_statements_covered": 100.0, "percent_statements_covered_display": "100", "num_branches": 0, "num_partial_branches": 0, "covered_branches": 0, "missing_branches": 0, "percent_branches_covered": 100.0, "percent_branches_covered_display": "100"}, "missing_lines": [], "excluded_lines": [], "start_line": 46, "executed_branches": [], "missing_branches": []}, "DeadLetterEntry": {"executed_lines": [], "summary": {"covered_lines": 0, "num_statements": 0, "percent_covered": 100.0, "percent_covered_display": "100", "missing_lines": 0, "excluded_lines": 0, "percent_statements_covered": 100.0, "percent_statements_covered_display": "100", "num_branches": 0, "num_partial_branches": 0, "covered_branches": 0, "missing_branches": 0, "percent_branches_covered": 100.0, "percent_branches_covered_display": "100"}, "missing_lines": [], "excluded_lines": [], "start_line": 53, "executed_branches": [], "missing_branches": []}, "HealthPayload": {"executed_lines": [], "summary": {"covered_lines": 0, "num_statements": 0, "percent_covered": 100.0, "percent_covered_display": "100", "missing_lines": 0, "excluded_lines": 0, "percent_statements_covered": 100.0, "percent_statements_covered_display": "100", "num_branches": 0, "num_partial_branches": 0, "covered_branches": 0, "missing_branches": 0, "percent_branches_covered": 100.0, "percent_branches_covered_display": "100"}, "missing_lines": [], "excluded_lines": [], "start_line": 61, "executed_branches": [], "missing_branches": []}, "TaskResult": {"executed_lines": [], "summary": {"covered_lines": 0, "num_statements": 0, "percent_covered": 100.0, "percent_covered_display": "100", "missing_lines": 0, "excluded_lines": 0, "percent_statements_covered": 100.0, "percent_statements_covered_display": "100", "num_branches": 0, "num_partial_branches": 0, "covered_branches": 0, "missing_branches": 0, "percent_branches_covered": 100.0, "percent_branches_covered_display": "100"}, "missing_lines": [], "excluded_lines": [], "start_line": 70, "executed_branches": [], "missing_branches": []}, "": {"executed_lines": [9, 11, 14, 15, 16, 17, 18, 19, 20, 21, 22, 23, 24, 27, 28, 29, 30, 31, 32, 33, 36, 37, 38, 39, 40, 41, 42, 43, 46, 47, 48, 49, 50, 53, 54, 55, 56, 57, 58, 61, 62, 63, 64, 65, 66, 67, 70, 71, 72, 73], "summary": {"covered_lines": 50, "num_statements": 50, "percent_covered": 100.0, "percent_covered_display": "100", "missing_lines": 0, "excluded_lines": 0, "percent_statements_covered": 100.0, "percent_statements_covered_display": "100", "num_branches": 0, "num_partial_branches": 0, "covered_branches": 0, "missing_branches": 0, "percent_branches_covered": 100.0, "percent_branches_covered_display": "100"}, "missing_lines": [], "excluded_lines": [], "start_line": 1, "executed_branches": [], "missing_branches": []}}}, "utils/severity.py": {"executed_lines": [1, 4, 6, 7, 8, 9, 10, 11, 12, 13, 14, 15, 16, 19, 21, 22, 23, 24, 25, 26, 36, 39, 41], "summary": {"covered_lines": 23, "num_statements": 23, "percent_covered": 100.0, "percent_covered_display": "100", "missing_lines": 0, "excluded_lines": 0, "percent_statements_covered": 100.0, "percent_statements_covered_display": "100", "num_branches": 14, "num_partial_branches": 0, "covered_branches": 14, "missing_branches": 0, "percent_branches_covered": 100.0, "percent_branches_covered_display": "100"}, "missing_lines": [], "excluded_lines": [], "executed_branches": [[6, 7], [6, 8], [8, 9], [8, 10], [10, 11], [10, 12], [12, 13], [12, 14], [14, 15], [14, 16], [22, 23], [22, 26], [24, 22], [24, 25]], "missing_branches": [], "functions": {"classify_severity": {"executed_lines": [6, 7, 8, 9, 10, 11, 12, 13, 14, 15, 16], "summary": {"covered_lines": 11, "num_statements": 11, "percent_covered": 100.0, "percent_covered_display": "100", "missing_lines": 0, "excluded_lines": 0, "percent_statements_covered": 100.0, "percent_statements_covered_display": "100", "num_branches": 10, "num_partial_branches": 0, "covered_branches": 10, "missing_branches": 0, "percent_branches_covered": 100.0, "percent_branches_covered_display": "100"}, "missing_lines": [], "excluded_lines": [], "start_line": 4, "executed_branches": [[6, 7], [6, 8], [8, 9], [8, 10], [10, 11], [10, 12], [12, 13], [12, 14], [14, 15], [14, 16]], "missing_branches": []}, "compute_severity_summary": {"executed_lines": [21, 22, 23, 24, 25, 26], "summary": {"covered_lines": 6, "num_statements": 6, "percent_covered": 100.0, "percent_covered_display": "100", "missing_lines": 0, "excluded_lines": 0, "percent_statements_covered": 100.0, "percent_statements_covered_display": "100", "num_branches": 4, "num_partial_branches": 0, "covered_branches": 4, "missing_branches": 0, "percent_branches_covered": 100.0, "percent_branches_covered_display": "100"}, "missing_lines": [], "excluded_lines": [], "start_line": 19, "executed_branches": [[22, 23], [22, 26], [24, 22], [24, 25]], "missing_branches": []}, "sort_findings_by_severity": {"executed_lines": [41], "summary": {"covered_lines": 1, "num_statements": 1, "percent_covered": 100.0, "percent_covered_display": "100", "missing_lines": 0, "excluded_lines": 0, "percent_statements_covered": 100.0, "percent_statements_covered_display": "100", "num_branches": 0, "num_partial_branches": 0, "covered_branches": 0, "missing_branches": 0, "percent_branches_covered": 100.0, "percent_branches_covered_display": "100"}, "missing_lines": [], "excluded_lines": [], "start_line": 39, "executed_branches": [], "missing_branches": []}, "": {"executed_lines": [1, 4, 19, 36, 39], "summary": {"covered_lines": 5, "num_statements": 5, "percent_covered": 100.0, "percent_covered_display": "100", "missing_lines": 0, "excluded_lines": 0, "percent_statements_covered": 100.0, "percent_statements_covered_display": "100", "num_branches": 0, "num_partial_branches": 0, "covered_branches": 0, "missing_branches": 0, "percent_branches_covered": 100.0, "percent_branches_covered_display": "100"}, "missing_lines": [], "excluded_lines": [], "start_line": 1, "executed_branches": [], "missing_branches": []}}, "classes": {"": {"executed_lines": [1, 4, 6, 7, 8, 9, 10, 11, 12, 13, 14, 15, 16, 19, 21, 22, 23, 24, 25, 26, 36, 39, 41], "summary": {"covered_lines": 23, "num_statements": 23, "percent_covered": 100.0, "percent_covered_display": "100", "missing_lines": 0, "excluded_lines": 0, "percent_statements_covered": 100.0, "percent_statements_covered_display": "100", "num_branches": 14, "num_partial_branches": 0, "covered_branches": 14, "missing_branches": 0, "percent_branches_covered": 100.0, "percent_branches_covered_display": "100"}, "missing_lines": [], "excluded_lines": [], "start_line": 1, "executed_branches": [[6, 7], [6, 8], [8, 9], [8, 10], [10, 11], [10, 12], [12, 13], [12, 14], [14, 15], [14, 16], [22, 23], [22, 26], [24, 22], [24, 25]], "missing_branches": []}}}}, "totals": {"covered_lines": 334, "num_statements": 1214, "percent_covered": 28.190104166666668, "percent_covered_display": "28", "missing_lines": 880, "excluded_lines": 0, "percent_statements_covered": 27.512355848434925, "percent_statements_covered_display": "28", "num_branches": 322, "num_partial_branches": 7, "covered_branches": 99, "missing_branches": 223, "percent_branches_covered": 30.74534161490683, "percent_branches_covered_display": "31"}}
