{"meta": {"format": 3, "version": "7.14.1", "timestamp": "2026-06-21T16:09:05.101638", "branch_coverage": false, "show_contexts": false}, "files": {"__init__.py": {"executed_lines": [], "summary": {"covered_lines": 0, "num_statements": 0, "percent_covered": 100.0, "percent_covered_display": "100", "missing_lines": 0, "excluded_lines": 0, "percent_statements_covered": 100.0, "percent_statements_covered_display": "100"}, "missing_lines": [], "excluded_lines": [], "functions": {"": {"executed_lines": [], "summary": {"covered_lines": 0, "num_statements": 0, "percent_covered": 100.0, "percent_covered_display": "100", "missing_lines": 0, "excluded_lines": 0, "percent_statements_covered": 100.0, "percent_statements_covered_display": "100"}, "missing_lines": [], "excluded_lines": [], "start_line": 1}}, "classes": {"": {"executed_lines": [], "summary": {"covered_lines": 0, "num_statements": 0, "percent_covered": 100.0, "percent_covered_display": "100", "missing_lines": 0, "excluded_lines": 0, "percent_statements_covered": 100.0, "percent_statements_covered_display": "100"}, "missing_lines": [], "excluded_lines": [], "start_line": 1}}}, "tasks/__init__.py": {"executed_lines": [], "summary": {"covered_lines": 0, "num_statements": 0, "percent_covered": 100.0, "percent_covered_display": "100", "missing_lines": 0, "excluded_lines": 0, "percent_statements_covered": 100.0, "percent_statements_covered_display": "100"}, "missing_lines": [], "excluded_lines": [], "functions": {"": {"executed_lines": [], "summary": {"covered_lines": 0, "num_statements": 0, "percent_covered": 100.0, "percent_covered_display": "100", "missing_lines": 0, "excluded_lines": 0, "percent_statements_covered": 100.0, "percent_statements_covered_display": "100"}, "missing_lines": [], "excluded_lines": [], "start_line": 1}}, "classes": {"": {"executed_lines": [], "summary": {"covered_lines": 0, "num_statements": 0, "percent_covered": 100.0, "percent_covered_display": "100", "missing_lines": 0, "excluded_lines": 0, "percent_statements_covered": 100.0, "percent_statements_covered_display": "100"}, "missing_lines": [], "excluded_lines": [], "start_line": 1}}}, "tasks/dead_letter.py": {"executed_lines": [1, 2, 3, 5, 6, 7, 9, 10, 13, 20, 27, 35, 43, 44, 45, 48, 49, 50, 52, 57, 58], "summary": {"covered_lines": 21, "num_statements": 21, "percent_covered": 100.0, "percent_covered_display": "100", "missing_lines": 0, "excluded_lines": 0, "percent_statements_covered": 100.0, "percent_statements_covered_display": "100"}, "missing_lines": [], "excluded_lines": [], "functions": {"dead_letter_handler": {"executed_lines": [27, 35, 43, 44, 45, 48, 49, 50, 52, 57, 58], "summary": {"covered_lines": 11, "num_statements": 11, "percent_covered": 100.0, "percent_covered_display": "100", "missing_lines": 0, "excluded_lines": 0, "percent_statements_covered": 100.0, "percent_statements_covered_display": "100"}, "missing_lines": [], "excluded_lines": [], "start_line": 20}, "": {"executed_lines": [1, 2, 3, 5, 6, 7, 9, 10, 13, 20], "summary": {"covered_lines": 10, "num_statements": 10, "percent_covered": 100.0, "percent_covered_display": "100", "missing_lines": 0, "excluded_lines": 0, "percent_statements_covered": 100.0, "percent_statements_covered_display": "100"}, "missing_lines": [], "excluded_lines": [], "start_line": 1}}, "classes": {"": {"executed_lines": [1, 2, 3, 5, 6, 7, 9, 10, 13, 20, 27, 35, 43, 44, 45, 48, 49, 50, 52, 57, 58], "summary": {"covered_lines": 21, "num_statements": 21, "percent_covered": 100.0, "percent_covered_display": "100", "missing_lines": 0, "excluded_lines": 0, "percent_statements_covered": 100.0, "percent_statements_covered_display": "100"}, "missing_lines": [], "excluded_lines": [], "start_line": 1}}}, "tasks/domain_scan.py": {"executed_lines": [1, 2, 3, 4, 5, 7, 8, 9, 10, 12, 13, 14, 15, 24, 25, 27, 30, 42, 43, 44, 45, 49, 52, 53, 55, 56, 57, 58, 59, 61, 62, 63, 64, 66, 68, 69, 71, 72, 73, 75, 76, 77, 80, 81, 82, 83, 85, 86, 88, 89, 91, 108, 110, 111, 112, 113, 114, 115, 116, 118, 119, 120, 121, 122, 123, 124, 125, 127, 128, 129, 130, 131, 135, 136, 138, 139, 141, 142, 144, 146, 147, 149, 153, 157, 158, 159, 160, 161, 163, 164, 165, 166, 167, 168, 169, 170, 171, 172, 173, 179, 182, 188], "summary": {"covered_lines": 102, "num_statements": 117, "percent_covered": 87.17948717948718, "percent_covered_display": "87", "missing_lines": 15, "excluded_lines": 0, "percent_statements_covered": 87.17948717948718, "percent_statements_covered_display": "87"}, "missing_lines": [32, 33, 34, 38, 39, 46, 47, 48, 183, 184, 185, 189, 190, 191, 203], "excluded_lines": [], "functions": {"publish_progress": {"executed_lines": [], "summary": {"covered_lines": 0, "num_statements": 5, "percent_covered": 0.0, "percent_covered_display": "0", "missing_lines": 5, "excluded_lines": 0, "percent_statements_covered": 0.0, "percent_statements_covered_display": "0"}, "missing_lines": [32, 33, 34, 38, 39], "excluded_lines": [], "start_line": 30}, "_run_async": {"executed_lines": [43, 44, 45, 49], "summary": {"covered_lines": 4, "num_statements": 7, "percent_covered": 57.142857142857146, "percent_covered_display": "57", "missing_lines": 3, "excluded_lines": 0, "percent_statements_covered": 57.142857142857146, "percent_statements_covered_display": "57"}, "missing_lines": [46, 47, 48], "excluded_lines": [], "start_line": 42}, "run_domain_scan": {"executed_lines": [55, 56, 57, 58, 59, 61, 62, 63, 64, 66, 68, 69, 71, 72, 73, 75, 76, 77, 80, 81, 82, 83, 85, 86, 88, 89, 91, 108, 110, 111, 112, 113, 114, 115, 116, 118, 119, 120, 121, 122, 123, 124, 125, 127, 128, 129, 130, 131, 135, 136, 138, 139, 141, 142, 144, 146, 147, 149, 153, 157, 158, 159, 160, 161, 163, 164, 165, 166, 167, 168, 169, 170, 171, 172, 173, 179], "summary": {"covered_lines": 76, "num_statements": 76, "percent_covered": 100.0, "percent_covered_display": "100", "missing_lines": 0, "excluded_lines": 0, "percent_statements_covered": 100.0, "percent_statements_covered_display": "100"}, "missing_lines": [], "excluded_lines": [], "start_line": 53}, "_update_status": {"executed_lines": [], "summary": {"covered_lines": 0, "num_statements": 3, "percent_covered": 0.0, "percent_covered_display": "0", "missing_lines": 3, "excluded_lines": 0, "percent_statements_covered": 0.0, "percent_statements_covered_display": "0"}, "missing_lines": [183, 184, 185], "excluded_lines": [], "start_line": 182}, "_save_findings": {"executed_lines": [], "summary": {"covered_lines": 0, "num_statements": 4, "percent_covered": 0.0, "percent_covered_display": "0", "missing_lines": 4, "excluded_lines": 0, "percent_statements_covered": 0.0, "percent_statements_covered_display": "0"}, "missing_lines": [189, 190, 191, 203], "excluded_lines": [], "start_line": 188}, "": {"executed_lines": [1, 2, 3, 4, 5, 7, 8, 9, 10, 12, 13, 14, 15, 24, 25, 27, 30, 42, 52, 53, 182, 188], "summary": {"covered_lines": 22, "num_statements": 22, "percent_covered": 100.0, "percent_covered_display": "100", "missing_lines": 0, "excluded_lines": 0, "percent_statements_covered": 100.0, "percent_statements_covered_display": "100"}, "missing_lines": [], "excluded_lines": [], "start_line": 1}}, "classes": {"": {"executed_lines": [1, 2, 3, 4, 5, 7, 8, 9, 10, 12, 13, 14, 15, 24, 25, 27, 30, 42, 43, 44, 45, 49, 52, 53, 55, 56, 57, 58, 59, 61, 62, 63, 64, 66, 68, 69, 71, 72, 73, 75, 76, 77, 80, 81, 82, 83, 85, 86, 88, 89, 91, 108, 110, 111, 112, 113, 114, 115, 116, 118, 119, 120, 121, 122, 123, 124, 125, 127, 128, 129, 130, 131, 135, 136, 138, 139, 141, 142, 144, 146, 147, 149, 153, 157, 158, 159, 160, 161, 163, 164, 165, 166, 167, 168, 169, 170, 171, 172, 173, 179, 182, 188], "summary": {"covered_lines": 102, "num_statements": 117, "percent_covered": 87.17948717948718, "percent_covered_display": "87", "missing_lines": 15, "excluded_lines": 0, "percent_statements_covered": 87.17948717948718, "percent_statements_covered_display": "87"}, "missing_lines": [32, 33, 34, 38, 39, 46, 47, 48, 183, 184, 185, 189, 190, 191, 203], "excluded_lines": [], "start_line": 1}}}, "tasks/ip_scan.py": {"executed_lines": [1, 2, 3, 4, 5, 7, 8, 9, 10, 12, 13, 14, 15, 16, 18, 21, 23, 24, 25, 29, 30, 33, 34, 35, 36, 40, 43, 44, 46, 48, 50, 51, 53, 55, 56, 57, 58, 59, 60, 61, 62, 63, 69, 71, 72, 73, 75, 77, 78, 80, 81, 82, 83, 84, 85, 86, 87, 92, 93, 94, 95, 99, 100, 102, 103, 106, 107, 109, 110, 112, 114, 115, 117, 120, 124, 125, 126, 130, 133, 139], "summary": {"covered_lines": 80, "num_statements": 95, "percent_covered": 84.21052631578948, "percent_covered_display": "84", "missing_lines": 15, "excluded_lines": 0, "percent_statements_covered": 84.21052631578948, "percent_statements_covered_display": "84"}, "missing_lines": [37, 38, 39, 88, 89, 91, 127, 128, 134, 135, 136, 140, 141, 142, 154], "excluded_lines": [], "functions": {"publish_progress": {"executed_lines": [23, 24, 25, 29, 30], "summary": {"covered_lines": 5, "num_statements": 5, "percent_covered": 100.0, "percent_covered_display": "100", "missing_lines": 0, "excluded_lines": 0, "percent_statements_covered": 100.0, "percent_statements_covered_display": "100"}, "missing_lines": [], "excluded_lines": [], "start_line": 21}, "_run_async": {"executed_lines": [34, 35, 36, 40], "summary": {"covered_lines": 4, "num_statements": 7, "percent_covered": 57.142857142857146, "percent_covered_display": "57", "missing_lines": 3, "excluded_lines": 0, "percent_statements_covered": 57.142857142857146, "percent_statements_covered_display": "57"}, "missing_lines": [37, 38, 39], "excluded_lines": [], "start_line": 33}, "run_ip_scan": {"executed_lines": [46, 48, 50, 51, 53, 55, 56, 57, 58, 59, 60, 61, 62, 63, 69, 71, 72, 73, 75, 77, 78, 80, 81, 82, 83, 84, 85, 86, 87, 92, 93, 94, 95, 99, 100, 102, 103, 106, 107, 109, 110, 112, 114, 115, 117, 120, 124, 125, 126, 130], "summary": {"covered_lines": 50, "num_statements": 55, "percent_covered": 90.9090909090909, "percent_covered_display": "91", "missing_lines": 5, "excluded_lines": 0, "percent_statements_covered": 90.9090909090909, "percent_statements_covered_display": "91"}, "missing_lines": [88, 89, 91, 127, 128], "excluded_lines": [], "start_line": 44}, "_update_status": {"executed_lines": [], "summary": {"covered_lines": 0, "num_statements": 3, "percent_covered": 0.0, "percent_covered_display": "0", "missing_lines": 3, "excluded_lines": 0, "percent_statements_covered": 0.0, "percent_statements_covered_display": "0"}, "missing_lines": [134, 135, 136], "excluded_lines": [], "start_line": 133}, "_save_findings": {"executed_lines": [], "summary": {"covered_lines": 0, "num_statements": 4, "percent_covered": 0.0, "percent_covered_display": "0", "missing_lines": 4, "excluded_lines": 0, "percent_statements_covered": 0.0, "percent_statements_covered_display": "0"}, "missing_lines": [140, 141, 142, 154], "excluded_lines": [], "start_line": 139}, "": {"executed_lines": [1, 2, 3, 4, 5, 7, 8, 9, 10, 12, 13, 14, 15, 16, 18, 21, 33, 43, 44, 133, 139], "summary": {"covered_lines": 21, "num_statements": 21, "percent_covered": 100.0, "percent_covered_display": "100", "missing_lines": 0, "excluded_lines": 0, "percent_statements_covered": 100.0, "percent_statements_covered_display": "100"}, "missing_lines": [], "excluded_lines": [], "start_line": 1}}, "classes": {"": {"executed_lines": [1, 2, 3, 4, 5, 7, 8, 9, 10, 12, 13, 14, 15, 16, 18, 21, 23, 24, 25, 29, 30, 33, 34, 35, 36, 40, 43, 44, 46, 48, 50, 51, 53, 55, 56, 57, 58, 59, 60, 61, 62, 63, 69, 71, 72, 73, 75, 77, 78, 80, 81, 82, 83, 84, 85, 86, 87, 92, 93, 94, 95, 99, 100, 102, 103, 106, 107, 109, 110, 112, 114, 115, 117, 120, 124, 125, 126, 130, 133, 139], "summary": {"covered_lines": 80, "num_statements": 95, "percent_covered": 84.21052631578948, "percent_covered_display": "84", "missing_lines": 15, "excluded_lines": 0, "percent_statements_covered": 84.21052631578948, "percent_statements_covered_display": "84"}, "missing_lines": [37, 38, 39, 88, 89, 91, 127, 128, 134, 135, 136, 140, 141, 142, 154], "excluded_lines": [], "start_line": 1}}}, "tasks/mobile_scan.py": {"executed_lines": [1, 2, 3, 4, 5, 7, 8, 9, 10, 12, 13, 14, 15, 16, 18, 21, 33, 34, 35, 36, 40, 43, 44, 46, 48, 50, 51, 53, 54, 55, 56, 57, 58, 60, 61, 62, 64, 66, 67, 68, 69, 70, 71, 73, 74, 76, 77, 78, 79, 80, 81, 86, 87, 88, 89, 90, 91, 92, 93, 94, 95, 96, 97, 98, 99, 101, 102, 103, 104, 105, 106, 108, 109, 110, 111, 112, 113, 114, 124, 125, 127, 128, 130, 132, 133, 135, 139, 143, 144, 145, 146, 148, 149, 150, 151, 152, 154, 155, 156, 157, 158, 159, 160, 161, 162, 163, 164, 170, 173, 179], "summary": {"covered_lines": 110, "num_statements": 133, "percent_covered": 82.70676691729324, "percent_covered_display": "83", "missing_lines": 23, "excluded_lines": 0, "percent_statements_covered": 82.70676691729324, "percent_statements_covered_display": "83"}, "missing_lines": [23, 24, 25, 29, 30, 37, 38, 39, 83, 84, 107, 115, 116, 117, 121, 122, 174, 175, 176, 180, 181, 182, 194], "excluded_lines": [], "functions": {"publish_progress": {"executed_lines": [], "summary": {"covered_lines": 0, "num_statements": 5, "percent_covered": 0.0, "percent_covered_display": "0", "missing_lines": 5, "excluded_lines": 0, "percent_statements_covered": 0.0, "percent_statements_covered_display": "0"}, "missing_lines": [23, 24, 25, 29, 30], "excluded_lines": [], "start_line": 21}, "_run_async": {"executed_lines": [34, 35, 36, 40], "summary": {"covered_lines": 4, "num_statements": 7, "percent_covered": 57.142857142857146, "percent_covered_display": "57", "missing_lines": 3, "excluded_lines": 0, "percent_statements_covered": 57.142857142857146, "percent_statements_covered_display": "57"}, "missing_lines": [37, 38, 39], "excluded_lines": [], "start_line": 33}, "run_mobile_scan": {"executed_lines": [46, 48, 50, 51, 53, 54, 55, 56, 57, 58, 60, 61, 62, 64, 66, 67, 68, 69, 70, 71, 73, 74, 76, 77, 78, 79, 80, 81, 86, 87, 88, 89, 90, 91, 92, 93, 94, 95, 96, 97, 98, 99, 101, 102, 103, 104, 105, 106, 108, 109, 110, 111, 112, 113, 114, 124, 125, 127, 128, 130, 132, 133, 135, 139, 143, 144, 145, 146, 148, 149, 150, 151, 152, 154, 155, 156, 157, 158, 159, 160, 161, 162, 163, 164, 170], "summary": {"covered_lines": 85, "num_statements": 93, "percent_covered": 91.39784946236558, "percent_covered_display": "91", "missing_lines": 8, "excluded_lines": 0, "percent_statements_covered": 91.39784946236558, "percent_statements_covered_display": "91"}, "missing_lines": [83, 84, 107, 115, 116, 117, 121, 122], "excluded_lines": [], "start_line": 44}, "_update_status": {"executed_lines": [], "summary": {"covered_lines": 0, "num_statements": 3, "percent_covered": 0.0, "percent_covered_display": "0", "missing_lines": 3, "excluded_lines": 0, "percent_statements_covered": 0.0, "percent_statements_covered_display": "0"}, "missing_lines": [174, 175, 176], "excluded_lines": [], "start_line": 173}, "_save_findings": {"executed_lines": [], "summary": {"covered_lines": 0, "num_statements": 4, "percent_covered": 0.0, "percent_covered_display": "0", "missing_lines": 4, "excluded_lines": 0, "percent_statements_covered": 0.0, "percent_statements_covered_display": "0"}, "missing_lines": [180, 181, 182, 194], "excluded_lines": [], "start_line": 179}, "": {"executed_lines": [1, 2, 3, 4, 5, 7, 8, 9, 10, 12, 13, 14, 15, 16, 18, 21, 33, 43, 44, 173, 179], "summary": {"covered_lines": 21, "num_statements": 21, "percent_covered": 100.0, "percent_covered_display": "100", "missing_lines": 0, "excluded_lines": 0, "percent_statements_covered": 100.0, "percent_statements_covered_display": "100"}, "missing_lines": [], "excluded_lines": [], "start_line": 1}}, "classes": {"": {"executed_lines": [1, 2, 3, 4, 5, 7, 8, 9, 10, 12, 13, 14, 15, 16, 18, 21, 33, 34, 35, 36, 40, 43, 44, 46, 48, 50, 51, 53, 54, 55, 56, 57, 58, 60, 61, 62, 64, 66, 67, 68, 69, 70, 71, 73, 74, 76, 77, 78, 79, 80, 81, 86, 87, 88, 89, 90, 91, 92, 93, 94, 95, 96, 97, 98, 99, 101, 102, 103, 104, 105, 106, 108, 109, 110, 111, 112, 113, 114, 124, 125, 127, 128, 130, 132, 133, 135, 139, 143, 144, 145, 146, 148, 149, 150, 151, 152, 154, 155, 156, 157, 158, 159, 160, 161, 162, 163, 164, 170, 173, 179], "summary": {"covered_lines": 110, "num_statements": 133, "percent_covered": 82.70676691729324, "percent_covered_display": "83", "missing_lines": 23, "excluded_lines": 0, "percent_statements_covered": 82.70676691729324, "percent_statements_covered_display": "83"}, "missing_lines": [23, 24, 25, 29, 30, 37, 38, 39, 83, 84, 107, 115, 116, 117, 121, 122, 174, 175, 176, 180, 181, 182, 194], "excluded_lines": [], "start_line": 1}}}, "utils/__init__.py": {"executed_lines": [], "summary": {"covered_lines": 0, "num_statements": 0, "percent_covered": 100.0, "percent_covered_display": "100", "missing_lines": 0, "excluded_lines": 0, "percent_statements_covered": 100.0, "percent_statements_covered_display": "100"}, "missing_lines": [], "excluded_lines": [], "functions": {"": {"executed_lines": [], "summary": {"covered_lines": 0, "num_statements": 0, "percent_covered": 100.0, "percent_covered_display": "100", "missing_lines": 0, "excluded_lines": 0, "percent_statements_covered": 100.0, "percent_statements_covered_display": "100"}, "missing_lines": [], "excluded_lines": [], "start_line": 1}}, "classes": {"": {"executed_lines": [], "summary": {"covered_lines": 0, "num_statements": 0, "percent_covered": 100.0, "percent_covered_display": "100", "missing_lines": 0, "excluded_lines": 0, "percent_statements_covered": 100.0, "percent_statements_covered_display": "100"}, "missing_lines": [], "excluded_lines": [], "start_line": 1}}}, "utils/cve_lookup.py": {"executed_lines": [1, 2, 3, 4, 6, 7, 8, 10, 11, 12, 15, 16, 17, 20, 21, 22, 23, 24, 25, 26, 27, 28, 29, 30, 32, 35, 36, 37, 38, 39, 40, 44, 45, 46, 47, 48, 52, 53, 54, 55, 56, 57, 58, 59, 61, 62, 63, 65, 68, 70, 71, 73, 74, 75, 77, 80, 82, 83, 84, 85, 87, 88, 89, 90, 91, 92, 93, 95, 98, 100, 101, 102, 103, 104, 105, 106, 107, 108, 109, 110, 113, 114, 115, 116, 117, 118, 119, 120, 121, 122, 123, 124, 125, 126, 127, 130, 132, 133, 134, 135, 136, 137, 138, 140, 141, 142, 144, 146, 158, 160, 161, 162, 163, 164, 165, 166, 167, 168, 169, 170], "summary": {"covered_lines": 120, "num_statements": 120, "percent_covered": 100.0, "percent_covered_display": "100", "missing_lines": 0, "excluded_lines": 0, "percent_statements_covered": 100.0, "percent_statements_covered_display": "100"}, "missing_lines": [], "excluded_lines": [], "functions": {"_cache_key": {"executed_lines": [16, 17], "summary": {"covered_lines": 2, "num_statements": 2, "percent_covered": 100.0, "percent_covered_display": "100", "missing_lines": 0, "excluded_lines": 0, "percent_statements_covered": 100.0, "percent_statements_covered_display": "100"}, "missing_lines": [], "excluded_lines": [], "start_line": 15}, "_get_cached_vulns": {"executed_lines": [21, 22, 23, 24, 25, 26, 27, 28, 29, 30, 32], "summary": {"covered_lines": 11, "num_statements": 11, "percent_covered": 100.0, "percent_covered_display": "100", "missing_lines": 0, "excluded_lines": 0, "percent_statements_covered": 100.0, "percent_statements_covered_display": "100"}, "missing_lines": [], "excluded_lines": [], "start_line": 20}, "_set_cached_vulns": {"executed_lines": [36, 37, 38, 39, 40], "summary": {"covered_lines": 5, "num_statements": 5, "percent_covered": 100.0, "percent_covered_display": "100", "missing_lines": 0, "excluded_lines": 0, "percent_statements_covered": 100.0, "percent_statements_covered_display": "100"}, "missing_lines": [], "excluded_lines": [], "start_line": 35}, "_query_ecosystem": {"executed_lines": [45, 46, 47, 48, 52, 53, 54, 55, 56, 57, 58, 59, 61, 62, 63, 65], "summary": {"covered_lines": 16, "num_statements": 16, "percent_covered": 100.0, "percent_covered_display": "100", "missing_lines": 0, "excluded_lines": 0, "percent_statements_covered": 100.0, "percent_statements_covered_display": "100"}, "missing_lines": [], "excluded_lines": [], "start_line": 44}, "query_osv_ecosystems": {"executed_lines": [70, 71, 73, 74, 75, 77], "summary": {"covered_lines": 6, "num_statements": 6, "percent_covered": 100.0, "percent_covered_display": "100", "missing_lines": 0, "excluded_lines": 0, "percent_statements_covered": 100.0, "percent_statements_covered_display": "100"}, "missing_lines": [], "excluded_lines": [], "start_line": 68}, "lookup_service_cves": {"executed_lines": [82, 83, 84, 85, 87, 88, 89, 90, 91, 92, 93, 95], "summary": {"covered_lines": 12, "num_statements": 12, "percent_covered": 100.0, "percent_covered_display": "100", "missing_lines": 0, "excluded_lines": 0, "percent_statements_covered": 100.0, "percent_statements_covered_display": "100"}, "missing_lines": [], "excluded_lines": [], "start_line": 80}, "extract_cvss": {"executed_lines": [100, 101, 102, 103, 104, 105, 106, 107, 108, 109, 110], "summary": {"covered_lines": 11, "num_statements": 11, "percent_covered": 100.0, "percent_covered_display": "100", "missing_lines": 0, "excluded_lines": 0, "percent_statements_covered": 100.0, "percent_statements_covered_display": "100"}, "missing_lines": [], "excluded_lines": [], "start_line": 98}, "_extract_remediation": {"executed_lines": [114, 115, 116, 117, 118, 119, 120, 121, 122, 123, 124, 125, 126, 127], "summary": {"covered_lines": 14, "num_statements": 14, "percent_covered": 100.0, "percent_covered_display": "100", "missing_lines": 0, "excluded_lines": 0, "percent_statements_covered": 100.0, "percent_statements_covered_display": "100"}, "missing_lines": [], "excluded_lines": [], "start_line": 113}, "format_vuln_finding": {"executed_lines": [132, 133, 134, 135, 136, 137, 138, 140, 141, 142, 144, 146], "summary": {"covered_lines": 12, "num_statements": 12, "percent_covered": 100.0, "percent_covered_display": "100", "missing_lines": 0, "excluded_lines": 0, "percent_statements_covered": 100.0, "percent_statements_covered_display": "100"}, "missing_lines": [], "excluded_lines": [], "start_line": 130}, "severity_from_cvss": {"executed_lines": [160, 161, 162, 163, 164, 165, 166, 167, 168, 169, 170], "summary": {"covered_lines": 11, "num_statements": 11, "percent_covered": 100.0, "percent_covered_display": "100", "missing_lines": 0, "excluded_lines": 0, "percent_statements_covered": 100.0, "percent_statements_covered_display": "100"}, "missing_lines": [], "excluded_lines": [], "start_line": 158}, "": {"executed_lines": [1, 2, 3, 4, 6, 7, 8, 10, 11, 12, 15, 20, 35, 44, 68, 80, 98, 113, 130, 158], "summary": {"covered_lines": 20, "num_statements": 20, "percent_covered": 100.0, "percent_covered_display": "100", "missing_lines": 0, "excluded_lines": 0, "percent_statements_covered": 100.0, "percent_statements_covered_display": "100"}, "missing_lines": [], "excluded_lines": [], "start_line": 1}}, "classes": {"": {"executed_lines": [1, 2, 3, 4, 6, 7, 8, 10, 11, 12, 15, 16, 17, 20, 21, 22, 23, 24, 25, 26, 27, 28, 29, 30, 32, 35, 36, 37, 38, 39, 40, 44, 45, 46, 47, 48, 52, 53, 54, 55, 56, 57, 58, 59, 61, 62, 63, 65, 68, 70, 71, 73, 74, 75, 77, 80, 82, 83, 84, 85, 87, 88, 89, 90, 91, 92, 93, 95, 98, 100, 101, 102, 103, 104, 105, 106, 107, 108, 109, 110, 113, 114, 115, 116, 117, 118, 119, 120, 121, 122, 123, 124, 125, 126, 127, 130, 132, 133, 134, 135, 136, 137, 138, 140, 141, 142, 144, 146, 158, 160, 161, 162, 163, 164, 165, 166, 167, 168, 169, 170], "summary": {"covered_lines": 120, "num_statements": 120, "percent_covered": 100.0, "percent_covered_display": "100", "missing_lines": 0, "excluded_lines": 0, "percent_statements_covered": 100.0, "percent_statements_covered_display": "100"}, "missing_lines": [], "excluded_lines": [], "start_line": 1}}}, "utils/database.py": {"executed_lines": [1, 3, 4, 6, 11, 12, 15], "summary": {"covered_lines": 7, "num_statements": 8, "percent_covered": 87.5, "percent_covered_display": "88", "missing_lines": 1, "excluded_lines": 0, "percent_statements_covered": 87.5, "percent_statements_covered_display": "88"}, "missing_lines": [16], "excluded_lines": [], "functions": {"get_sync_session": {"executed_lines": [], "summary": {"covered_lines": 0, "num_statements": 1, "percent_covered": 0.0, "percent_covered_display": "0", "missing_lines": 1, "excluded_lines": 0, "percent_statements_covered": 0.0, "percent_statements_covered_display": "0"}, "missing_lines": [16], "excluded_lines": [], "start_line": 15}, "": {"executed_lines": [1, 3, 4, 6, 11, 12, 15], "summary": {"covered_lines": 7, "num_statements": 7, "percent_covered": 100.0, "percent_covered_display": "100", "missing_lines": 0, "excluded_lines": 0, "percent_statements_covered": 100.0, "percent_statements_covered_display": "100"}, "missing_lines": [], "excluded_lines": [], "start_line": 1}}, "classes": {"": {"executed_lines": [1, 3, 4, 6, 11, 12, 15], "summary": {"covered_lines": 7, "num_statements": 8, "percent_covered": 87.5, "percent_covered_display": "88", "missing_lines": 1, "excluded_lines": 0, "percent_statements_covered": 87.5, "percent_statements_covered_display": "88"}, "missing_lines": [16], "excluded_lines": [], "start_line": 1}}}, "utils/domain_utils.py": {"executed_lines": [1, 2, 3, 4, 5, 7, 10, 11, 13, 14, 17, 18, 20, 21, 22, 23, 24, 25, 26, 27, 28, 31, 32, 34, 35, 36, 37, 38, 41, 42, 44, 45, 46, 47, 50, 51, 53, 54, 55, 56, 57, 58, 59, 60, 61, 62, 63, 66, 87, 138, 195, 197, 199, 200, 201, 206, 207, 208, 209, 210, 212, 213, 214, 216, 217, 218, 219, 225, 226, 228, 229, 231, 233, 239, 242, 281, 283, 284, 285, 286, 293, 296, 323, 325, 326, 328, 329, 332, 333, 334, 335, 336, 337, 338, 340, 341, 343, 344, 345, 346, 347, 348, 349, 350, 351, 353, 356, 358, 360, 361, 368, 369, 376, 377, 378, 385, 386, 396, 397, 398, 405, 406, 415], "summary": {"covered_lines": 123, "num_statements": 221, "percent_covered": 55.65610859728507, "percent_covered_display": "56", "missing_lines": 98, "excluded_lines": 0, "percent_statements_covered": 55.65610859728507, "percent_statements_covered_display": "56"}, "missing_lines": [68, 69, 71, 72, 73, 74, 75, 76, 77, 78, 79, 80, 81, 83, 84, 89, 91, 92, 96, 100, 101, 103, 104, 105, 106, 107, 108, 109, 110, 111, 113, 114, 116, 117, 119, 120, 121, 122, 123, 124, 125, 126, 127, 128, 129, 130, 131, 132, 133, 135, 140, 141, 142, 143, 145, 146, 147, 151, 152, 153, 155, 156, 157, 158, 159, 160, 161, 162, 163, 166, 167, 169, 170, 171, 172, 173, 174, 176, 177, 178, 179, 180, 181, 183, 184, 186, 188, 189, 190, 192, 220, 221, 223, 232, 235, 236, 237, 330], "excluded_lines": [], "functions": {"resolve_dns": {"executed_lines": [], "summary": {"covered_lines": 0, "num_statements": 15, "percent_covered": 0.0, "percent_covered_display": "0", "missing_lines": 15, "excluded_lines": 0, "percent_statements_covered": 0.0, "percent_statements_covered_display": "0"}, "missing_lines": [68, 69, 71, 72, 73, 74, 75, 76, 77, 78, 79, 80, 81, 83, 84], "excluded_lines": [], "start_line": 66}, "enumerate_subdomains": {"executed_lines": [], "summary": {"covered_lines": 0, "num_statements": 35, "percent_covered": 0.0, "percent_covered_display": "0", "missing_lines": 35, "excluded_lines": 0, "percent_statements_covered": 0.0, "percent_statements_covered_display": "0"}, "missing_lines": [89, 91, 92, 96, 100, 101, 103, 104, 105, 106, 107, 108, 109, 110, 111, 113, 114, 116, 117, 119, 120, 121, 122, 123, 124, 125, 126, 127, 128, 129, 130, 131, 132, 133, 135], "excluded_lines": [], "start_line": 87}, "check_http": {"executed_lines": [], "summary": {"covered_lines": 0, "num_statements": 40, "percent_covered": 0.0, "percent_covered_display": "0", "missing_lines": 40, "excluded_lines": 0, "percent_statements_covered": 0.0, "percent_statements_covered_display": "0"}, "missing_lines": [140, 141, 142, 143, 145, 146, 147, 151, 152, 153, 155, 156, 157, 158, 159, 160, 161, 162, 163, 166, 167, 169, 170, 171, 172, 173, 174, 176, 177, 178, 179, 180, 181, 183, 184, 186, 188, 189, 190, 192], "excluded_lines": [], "start_line": 138}, "check_ssl": {"executed_lines": [197, 199, 200, 201, 206, 207, 208, 209, 210, 212, 213, 214, 216, 217, 218, 219, 225, 226, 228, 229, 231, 233, 239], "summary": {"covered_lines": 23, "num_statements": 30, "percent_covered": 76.66666666666667, "percent_covered_display": "77", "missing_lines": 7, "excluded_lines": 0, "percent_statements_covered": 76.66666666666667, "percent_statements_covered_display": "77"}, "missing_lines": [220, 221, 223, 232, 235, 236, 237], "excluded_lines": [], "start_line": 195}, "check_security_headers": {"executed_lines": [283, 284, 285, 286, 293], "summary": {"covered_lines": 5, "num_statements": 5, "percent_covered": 100.0, "percent_covered_display": "100", "missing_lines": 0, "excluded_lines": 0, "percent_statements_covered": 100.0, "percent_statements_covered_display": "100"}, "missing_lines": [], "excluded_lines": [], "start_line": 281}, "detect_tech_stack": {"executed_lines": [325, 326, 328, 329, 332, 333, 334, 335, 336, 337, 338, 340, 341, 343, 344, 345, 346, 347, 348, 349, 350, 351, 353], "summary": {"covered_lines": 23, "num_statements": 24, "percent_covered": 95.83333333333333, "percent_covered_display": "96", "missing_lines": 1, "excluded_lines": 0, "percent_statements_covered": 95.83333333333333, "percent_statements_covered_display": "96"}, "missing_lines": [330], "excluded_lines": [], "start_line": 323}, "findings_from_domain": {"executed_lines": [358, 360, 361, 368, 369, 376, 377, 378, 385, 386, 396, 397, 398, 405, 406, 415], "summary": {"covered_lines": 16, "num_statements": 16, "percent_covered": 100.0, "percent_covered_display": "100", "missing_lines": 0, "excluded_lines": 0, "percent_statements_covered": 100.0, "percent_statements_covered_display": "100"}, "missing_lines": [], "excluded_lines": [], "start_line": 356}, "": {"executed_lines": [1, 2, 3, 4, 5, 7, 10, 11, 13, 14, 17, 18, 20, 21, 22, 23, 24, 25, 26, 27, 28, 31, 32, 34, 35, 36, 37, 38, 41, 42, 44, 45, 46, 47, 50, 51, 53, 54, 55, 56, 57, 58, 59, 60, 61, 62, 63, 66, 87, 138, 195, 242, 281, 296, 323, 356], "summary": {"covered_lines": 56, "num_statements": 56, "percent_covered": 100.0, "percent_covered_display": "100", "missing_lines": 0, "excluded_lines": 0, "percent_statements_covered": 100.0, "percent_statements_covered_display": "100"}, "missing_lines": [], "excluded_lines": [], "start_line": 1}}, "classes": {"DnsRecord": {"executed_lines": [], "summary": {"covered_lines": 0, "num_statements": 0, "percent_covered": 100.0, "percent_covered_display": "100", "missing_lines": 0, "excluded_lines": 0, "percent_statements_covered": 100.0, "percent_statements_covered_display": "100"}, "missing_lines": [], "excluded_lines": [], "start_line": 11}, "SslInfo": {"executed_lines": [], "summary": {"covered_lines": 0, "num_statements": 0, "percent_covered": 100.0, "percent_covered_display": "100", "missing_lines": 0, "excluded_lines": 0, "percent_statements_covered": 100.0, "percent_statements_covered_display": "100"}, "missing_lines": [], "excluded_lines": [], "start_line": 18}, "HeaderCheck": {"executed_lines": [], "summary": {"covered_lines": 0, "num_statements": 0, "percent_covered": 100.0, "percent_covered_display": "100", "missing_lines": 0, "excluded_lines": 0, "percent_statements_covered": 100.0, "percent_statements_covered_display": "100"}, "missing_lines": [], "excluded_lines": [], "start_line": 32}, "TechInfo": {"executed_lines": [], "summary": {"covered_lines": 0, "num_statements": 0, "percent_covered": 100.0, "percent_covered_display": "100", "missing_lines": 0, "excluded_lines": 0, "percent_statements_covered": 100.0, "percent_statements_covered_display": "100"}, "missing_lines": [], "excluded_lines": [], "start_line": 42}, "DomainResult": {"executed_lines": [], "summary": {"covered_lines": 0, "num_statements": 0, "percent_covered": 100.0, "percent_covered_display": "100", "missing_lines": 0, "excluded_lines": 0, "percent_statements_covered": 100.0, "percent_statements_covered_display": "100"}, "missing_lines": [], "excluded_lines": [], "start_line": 51}, "": {"executed_lines": [1, 2, 3, 4, 5, 7, 10, 11, 13, 14, 17, 18, 20, 21, 22, 23, 24, 25, 26, 27, 28, 31, 32, 34, 35, 36, 37, 38, 41, 42, 44, 45, 46, 47, 50, 51, 53, 54, 55, 56, 57, 58, 59, 60, 61, 62, 63, 66, 87, 138, 195, 197, 199, 200, 201, 206, 207, 208, 209, 210, 212, 213, 214, 216, 217, 218, 219, 225, 226, 228, 229, 231, 233, 239, 242, 281, 283, 284, 285, 286, 293, 296, 323, 325, 326, 328, 329, 332, 333, 334, 335, 336, 337, 338, 340, 341, 343, 344, 345, 346, 347, 348, 349, 350, 351, 353, 356, 358, 360, 361, 368, 369, 376, 377, 378, 385, 386, 396, 397, 398, 405, 406, 415], "summary": {"covered_lines": 123, "num_statements": 221, "percent_covered": 55.65610859728507, "percent_covered_display": "56", "missing_lines": 98, "excluded_lines": 0, "percent_statements_covered": 55.65610859728507, "percent_statements_covered_display": "56"}, "missing_lines": [68, 69, 71, 72, 73, 74, 75, 76, 77, 78, 79, 80, 81, 83, 84, 89, 91, 92, 96, 100, 101, 103, 104, 105, 106, 107, 108, 109, 110, 111, 113, 114, 116, 117, 119, 120, 121, 122, 123, 124, 125, 126, 127, 128, 129, 130, 131, 132, 133, 135, 140, 141, 142, 143, 145, 146, 147, 151, 152, 153, 155, 156, 157, 158, 159, 160, 161, 162, 163, 166, 167, 169, 170, 171, 172, 173, 174, 176, 177, 178, 179, 180, 181, 183, 184, 186, 188, 189, 190, 192, 220, 221, 223, 232, 235, 236, 237, 330], "excluded_lines": [], "start_line": 1}}}, "utils/mobile_utils.py": {"executed_lines": [1, 2, 3, 4, 5, 6, 7, 9, 12, 13, 15, 16, 17, 18, 19, 20, 21, 22, 23, 24, 27, 28, 30, 31, 32, 33, 34, 35, 36, 37, 40, 56, 71, 107, 143, 144, 145, 146, 147, 148, 150, 151, 152, 154, 155, 156, 158, 159, 160, 162, 163, 164, 165, 167, 168, 169, 171, 172, 174, 178, 180, 181, 182, 184, 185, 187, 190, 191, 196, 199, 200, 201, 202, 203, 204, 205, 207, 208, 209, 210, 211, 212, 214, 215, 216, 217, 218, 220, 223, 224, 226, 227, 233, 234, 240, 241, 242, 243, 250, 251, 258, 259, 266, 267, 274, 275, 282, 283, 290, 293, 294, 296, 297, 303, 304, 305, 306, 313, 320, 321, 328, 331, 332, 333, 334, 335, 336, 338, 344, 347, 368, 369, 371, 372, 373, 374, 376, 377, 378, 379, 380, 382], "summary": {"covered_lines": 142, "num_statements": 212, "percent_covered": 66.98113207547169, "percent_covered_display": "67", "missing_lines": 70, "excluded_lines": 0, "percent_statements_covered": 66.98113207547169, "percent_statements_covered_display": "67"}, "missing_lines": [73, 74, 75, 76, 77, 79, 80, 81, 82, 83, 84, 87, 88, 89, 90, 92, 93, 94, 95, 96, 97, 99, 101, 102, 104, 109, 110, 112, 113, 114, 115, 117, 118, 119, 120, 121, 122, 123, 124, 125, 126, 127, 128, 130, 131, 132, 134, 136, 137, 138, 140, 337, 348, 349, 350, 351, 352, 353, 354, 355, 356, 357, 358, 359, 360, 361, 362, 363, 364, 365], "excluded_lines": [], "functions": {"analyze_apk": {"executed_lines": [], "summary": {"covered_lines": 0, "num_statements": 25, "percent_covered": 0.0, "percent_covered_display": "0", "missing_lines": 25, "excluded_lines": 0, "percent_statements_covered": 0.0, "percent_statements_covered_display": "0"}, "missing_lines": [73, 74, 75, 76, 77, 79, 80, 81, 82, 83, 84, 87, 88, 89, 90, 92, 93, 94, 95, 96, 97, 99, 101, 102, 104], "excluded_lines": [], "start_line": 71}, "analyze_ipa": {"executed_lines": [], "summary": {"covered_lines": 0, "num_statements": 26, "percent_covered": 0.0, "percent_covered_display": "0", "missing_lines": 26, "excluded_lines": 0, "percent_statements_covered": 0.0, "percent_statements_covered_display": "0"}, "missing_lines": [109, 110, 112, 113, 114, 115, 117, 118, 119, 120, 121, 122, 123, 124, 125, 126, 127, 128, 130, 131, 132, 134, 136, 137, 138, 140], "excluded_lines": [], "start_line": 107}, "_parse_android_manifest": {"executed_lines": [144, 145, 146, 147, 148, 150, 151, 152, 154, 155, 156, 158, 159, 160, 162, 163, 164, 165, 167, 168, 169, 171, 172, 174, 178, 180, 181, 182, 184, 185, 187], "summary": {"covered_lines": 31, "num_statements": 31, "percent_covered": 100.0, "percent_covered_display": "100", "missing_lines": 0, "excluded_lines": 0, "percent_statements_covered": 100.0, "percent_statements_covered_display": "100"}, "missing_lines": [], "excluded_lines": [], "start_line": 143}, "_sdk_to_android_version": {"executed_lines": [191, 196], "summary": {"covered_lines": 2, "num_statements": 2, "percent_covered": 100.0, "percent_covered_display": "100", "missing_lines": 0, "excluded_lines": 0, "percent_statements_covered": 100.0, "percent_statements_covered_display": "100"}, "missing_lines": [], "excluded_lines": [], "start_line": 190}, "_parse_ios_plist": {"executed_lines": [200, 201, 202, 203, 204, 205, 207, 208, 209, 210, 211, 212, 214, 215, 216, 217, 218, 220], "summary": {"covered_lines": 18, "num_statements": 18, "percent_covered": 100.0, "percent_covered_display": "100", "missing_lines": 0, "excluded_lines": 0, "percent_statements_covered": 100.0, "percent_statements_covered_display": "100"}, "missing_lines": [], "excluded_lines": [], "start_line": 199}, "_build_android_findings": {"executed_lines": [224, 226, 227, 233, 234, 240, 241, 242, 243, 250, 251, 258, 259, 266, 267, 274, 275, 282, 283, 290], "summary": {"covered_lines": 20, "num_statements": 20, "percent_covered": 100.0, "percent_covered_display": "100", "missing_lines": 0, "excluded_lines": 0, "percent_statements_covered": 100.0, "percent_statements_covered_display": "100"}, "missing_lines": [], "excluded_lines": [], "start_line": 223}, "_build_ios_findings": {"executed_lines": [294, 296, 297, 303, 304, 305, 306, 313, 320, 321, 328], "summary": {"covered_lines": 11, "num_statements": 11, "percent_covered": 100.0, "percent_covered_display": "100", "missing_lines": 0, "excluded_lines": 0, "percent_statements_covered": 100.0, "percent_statements_covered_display": "100"}, "missing_lines": [], "excluded_lines": [], "start_line": 293}, "_scan_secrets": {"executed_lines": [332, 333, 334, 335, 336, 338, 344], "summary": {"covered_lines": 7, "num_statements": 8, "percent_covered": 87.5, "percent_covered_display": "88", "missing_lines": 1, "excluded_lines": 0, "percent_statements_covered": 87.5, "percent_statements_covered_display": "88"}, "missing_lines": [337], "excluded_lines": [], "start_line": 331}, "_extract_text_from_zip": {"executed_lines": [], "summary": {"covered_lines": 0, "num_statements": 18, "percent_covered": 0.0, "percent_covered_display": "0", "missing_lines": 18, "excluded_lines": 0, "percent_statements_covered": 0.0, "percent_statements_covered_display": "0"}, "missing_lines": [348, 349, 350, 351, 352, 353, 354, 355, 356, 357, 358, 359, 360, 361, 362, 363, 364, 365], "excluded_lines": [], "start_line": 347}, "_extract_library_names": {"executed_lines": [369, 371, 372, 373, 374, 376, 377, 378, 379, 380, 382], "summary": {"covered_lines": 11, "num_statements": 11, "percent_covered": 100.0, "percent_covered_display": "100", "missing_lines": 0, "excluded_lines": 0, "percent_statements_covered": 100.0, "percent_statements_covered_display": "100"}, "missing_lines": [], "excluded_lines": [], "start_line": 368}, "": {"executed_lines": [1, 2, 3, 4, 5, 6, 7, 9, 12, 13, 15, 16, 17, 18, 19, 20, 21, 22, 23, 24, 27, 28, 30, 31, 32, 33, 34, 35, 36, 37, 40, 56, 71, 107, 143, 190, 199, 223, 293, 331, 347, 368], "summary": {"covered_lines": 42, "num_statements": 42, "percent_covered": 100.0, "percent_covered_display": "100", "missing_lines": 0, "excluded_lines": 0, "percent_statements_covered": 100.0, "percent_statements_covered_display": "100"}, "missing_lines": [], "excluded_lines": [], "start_line": 1}}, "classes": {"AndroidManifestInfo": {"executed_lines": [], "summary": {"covered_lines": 0, "num_statements": 0, "percent_covered": 100.0, "percent_covered_display": "100", "missing_lines": 0, "excluded_lines": 0, "percent_statements_covered": 100.0, "percent_statements_covered_display": "100"}, "missing_lines": [], "excluded_lines": [], "start_line": 13}, "IpaInfo": {"executed_lines": [], "summary": {"covered_lines": 0, "num_statements": 0, "percent_covered": 100.0, "percent_covered_display": "100", "missing_lines": 0, "excluded_lines": 0, "percent_statements_covered": 100.0, "percent_statements_covered_display": "100"}, "missing_lines": [], "excluded_lines": [], "start_line": 28}, "": {"executed_lines": [1, 2, 3, 4, 5, 6, 7, 9, 12, 13, 15, 16, 17, 18, 19, 20, 21, 22, 23, 24, 27, 28, 30, 31, 32, 33, 34, 35, 36, 37, 40, 56, 71, 107, 143, 144, 145, 146, 147, 148, 150, 151, 152, 154, 155, 156, 158, 159, 160, 162, 163, 164, 165, 167, 168, 169, 171, 172, 174, 178, 180, 181, 182, 184, 185, 187, 190, 191, 196, 199, 200, 201, 202, 203, 204, 205, 207, 208, 209, 210, 211, 212, 214, 215, 216, 217, 218, 220, 223, 224, 226, 227, 233, 234, 240, 241, 242, 243, 250, 251, 258, 259, 266, 267, 274, 275, 282, 283, 290, 293, 294, 296, 297, 303, 304, 305, 306, 313, 320, 321, 328, 331, 332, 333, 334, 335, 336, 338, 344, 347, 368, 369, 371, 372, 373, 374, 376, 377, 378, 379, 380, 382], "summary": {"covered_lines": 142, "num_statements": 212, "percent_covered": 66.98113207547169, "percent_covered_display": "67", "missing_lines": 70, "excluded_lines": 0, "percent_statements_covered": 66.98113207547169, "percent_statements_covered_display": "67"}, "missing_lines": [73, 74, 75, 76, 77, 79, 80, 81, 82, 83, 84, 87, 88, 89, 90, 92, 93, 94, 95, 96, 97, 99, 101, 102, 104, 109, 110, 112, 113, 114, 115, 117, 118, 119, 120, 121, 122, 123, 124, 125, 126, 127, 128, 130, 131, 132, 134, 136, 137, 138, 140, 337, 348, 349, 350, 351, 352, 353, 354, 355, 356, 357, 358, 359, 360, 361, 362, 363, 364, 365], "excluded_lines": [], "start_line": 1}}}, "utils/nmap_runner.py": {"executed_lines": [1, 2, 3, 5, 8, 9, 11, 12, 13, 14, 15, 16, 17, 20, 21, 23, 24, 25, 26, 27, 28, 29, 32, 33, 35, 36, 39, 41, 42, 43, 44, 45, 46, 48, 49, 51, 52, 53, 55, 56, 57, 58, 59, 60, 61, 62, 64, 65, 66, 67, 68, 72, 73, 74, 75, 76, 77, 79, 80, 81, 83, 84, 86, 87, 89, 90, 91, 92, 93, 95, 104, 106, 108, 111, 159, 161, 163, 164, 165, 167, 168, 175, 176, 185], "summary": {"covered_lines": 84, "num_statements": 100, "percent_covered": 84.0, "percent_covered_display": "84", "missing_lines": 16, "excluded_lines": 0, "percent_statements_covered": 84.0, "percent_statements_covered_display": "84"}, "missing_lines": [70, 113, 114, 125, 131, 132, 134, 135, 136, 138, 139, 140, 148, 153, 154, 156], "excluded_lines": [], "functions": {"parse_nmap_xml": {"executed_lines": [41, 42, 43, 44, 45, 46, 48, 49, 51, 52, 53, 55, 56, 57, 58, 59, 60, 61, 62, 64, 65, 66, 67, 68, 72, 73, 74, 75, 76, 77, 79, 80, 81, 83, 84, 86, 87, 89, 90, 91, 92, 93, 95, 104, 106, 108], "summary": {"covered_lines": 46, "num_statements": 47, "percent_covered": 97.87234042553192, "percent_covered_display": "98", "missing_lines": 1, "excluded_lines": 0, "percent_statements_covered": 97.87234042553192, "percent_statements_covered_display": "98"}, "missing_lines": [70], "excluded_lines": [], "start_line": 39}, "run_nmap": {"executed_lines": [], "summary": {"covered_lines": 0, "num_statements": 15, "percent_covered": 0.0, "percent_covered_display": "0", "missing_lines": 15, "excluded_lines": 0, "percent_statements_covered": 0.0, "percent_statements_covered_display": "0"}, "missing_lines": [113, 114, 125, 131, 132, 134, 135, 136, 138, 139, 140, 148, 153, 154, 156], "excluded_lines": [], "start_line": 111}, "findings_from_nmap": {"executed_lines": [161, 163, 164, 165, 167, 168, 175, 176, 185], "summary": {"covered_lines": 9, "num_statements": 9, "percent_covered": 100.0, "percent_covered_display": "100", "missing_lines": 0, "excluded_lines": 0, "percent_statements_covered": 100.0, "percent_statements_covered_display": "100"}, "missing_lines": [], "excluded_lines": [], "start_line": 159}, "": {"executed_lines": [1, 2, 3, 5, 8, 9, 11, 12, 13, 14, 15, 16, 17, 20, 21, 23, 24, 25, 26, 27, 28, 29, 32, 33, 35, 36, 39, 111, 159], "summary": {"covered_lines": 29, "num_statements": 29, "percent_covered": 100.0, "percent_covered_display": "100", "missing_lines": 0, "excluded_lines": 0, "percent_statements_covered": 100.0, "percent_statements_covered_display": "100"}, "missing_lines": [], "excluded_lines": [], "start_line": 1}}, "classes": {"PortInfo": {"executed_lines": [], "summary": {"covered_lines": 0, "num_statements": 0, "percent_covered": 100.0, "percent_covered_display": "100", "missing_lines": 0, "excluded_lines": 0, "percent_statements_covered": 100.0, "percent_statements_covered_display": "100"}, "missing_lines": [], "excluded_lines": [], "start_line": 9}, "HostInfo": {"executed_lines": [], "summary": {"covered_lines": 0, "num_statements": 0, "percent_covered": 100.0, "percent_covered_display": "100", "missing_lines": 0, "excluded_lines": 0, "percent_statements_covered": 100.0, "percent_statements_covered_display": "100"}, "missing_lines": [], "excluded_lines": [], "start_line": 21}, "NmapResult": {"executed_lines": [], "summary": {"covered_lines": 0, "num_statements": 0, "percent_covered": 100.0, "percent_covered_display": "100", "missing_lines": 0, "excluded_lines": 0, "percent_statements_covered": 100.0, "percent_statements_covered_display": "100"}, "missing_lines": [], "excluded_lines": [], "start_line": 33}, "": {"executed_lines": [1, 2, 3, 5, 8, 9, 11, 12, 13, 14, 15, 16, 17, 20, 21, 23, 24, 25, 26, 27, 28, 29, 32, 33, 35, 36, 39, 41, 42, 43, 44, 45, 46, 48, 49, 51, 52, 53, 55, 56, 57, 58, 59, 60, 61, 62, 64, 65, 66, 67, 68, 72, 73, 74, 75, 76, 77, 79, 80, 81, 83, 84, 86, 87, 89, 90, 91, 92, 93, 95, 104, 106, 108, 111, 159, 161, 163, 164, 165, 167, 168, 175, 176, 185], "summary": {"covered_lines": 84, "num_statements": 100, "percent_covered": 84.0, "percent_covered_display": "84", "missing_lines": 16, "excluded_lines": 0, "percent_statements_covered": 84.0, "percent_statements_covered_display": "84"}, "missing_lines": [70, 113, 114, 125, 131, 132, 134, 135, 136, 138, 139, 140, 148, 153, 154, 156], "excluded_lines": [], "start_line": 1}}}, "utils/severity.py": {"executed_lines": [1, 3, 4, 5, 6, 7, 8, 9, 10, 11, 12, 13, 16, 18, 19, 20, 21, 22, 23, 33, 36, 38], "summary": {"covered_lines": 22, "num_statements": 22, "percent_covered": 100.0, "percent_covered_display": "100", "missing_lines": 0, "excluded_lines": 0, "percent_statements_covered": 100.0, "percent_statements_covered_display": "100"}, "missing_lines": [], "excluded_lines": [], "functions": {"classify_severity": {"executed_lines": [3, 4, 5, 6, 7, 8, 9, 10, 11, 12, 13], "summary": {"covered_lines": 11, "num_statements": 11, "percent_covered": 100.0, "percent_covered_display": "100", "missing_lines": 0, "excluded_lines": 0, "percent_statements_covered": 100.0, "percent_statements_covered_display": "100"}, "missing_lines": [], "excluded_lines": [], "start_line": 1}, "compute_severity_summary": {"executed_lines": [18, 19, 20, 21, 22, 23], "summary": {"covered_lines": 6, "num_statements": 6, "percent_covered": 100.0, "percent_covered_display": "100", "missing_lines": 0, "excluded_lines": 0, "percent_statements_covered": 100.0, "percent_statements_covered_display": "100"}, "missing_lines": [], "excluded_lines": [], "start_line": 16}, "sort_findings_by_severity": {"executed_lines": [38], "summary": {"covered_lines": 1, "num_statements": 1, "percent_covered": 100.0, "percent_covered_display": "100", "missing_lines": 0, "excluded_lines": 0, "percent_statements_covered": 100.0, "percent_statements_covered_display": "100"}, "missing_lines": [], "excluded_lines": [], "start_line": 36}, "": {"executed_lines": [1, 16, 33, 36], "summary": {"covered_lines": 4, "num_statements": 4, "percent_covered": 100.0, "percent_covered_display": "100", "missing_lines": 0, "excluded_lines": 0, "percent_statements_covered": 100.0, "percent_statements_covered_display": "100"}, "missing_lines": [], "excluded_lines": [], "start_line": 1}}, "classes": {"": {"executed_lines": [1, 3, 4, 5, 6, 7, 8, 9, 10, 11, 12, 13, 16, 18, 19, 20, 21, 22, 23, 33, 36, 38], "summary": {"covered_lines": 22, "num_statements": 22, "percent_covered": 100.0, "percent_covered_display": "100", "missing_lines": 0, "excluded_lines": 0, "percent_statements_covered": 100.0, "percent_statements_covered_display": "100"}, "missing_lines": [], "excluded_lines": [], "start_line": 1}}}}, "totals": {"covered_lines": 811, "num_statements": 1049, "percent_covered": 77.3117254528122, "percent_covered_display": "77", "missing_lines": 238, "excluded_lines": 0, "percent_statements_covered": 77.3117254528122, "percent_statements_covered_display": "77"}}