{"meta": {"format": 3, "version": "7.14.1", "timestamp": "2026-06-29T21:39:46.233654", "branch_coverage": true, "show_contexts": false}, "files": {"__init__.py": {"executed_lines": [], "summary": {"covered_lines": 0, "num_statements": 0, "percent_covered": 100.0, "percent_covered_display": "100", "missing_lines": 0, "excluded_lines": 0, "percent_statements_covered": 100.0, "percent_statements_covered_display": "100", "num_branches": 0, "num_partial_branches": 0, "covered_branches": 0, "missing_branches": 0, "percent_branches_covered": 100.0, "percent_branches_covered_display": "100"}, "missing_lines": [], "excluded_lines": [], "executed_branches": [], "missing_branches": [], "functions": {"": {"executed_lines": [], "summary": {"covered_lines": 0, "num_statements": 0, "percent_covered": 100.0, "percent_covered_display": "100", "missing_lines": 0, "excluded_lines": 0, "percent_statements_covered": 100.0, "percent_statements_covered_display": "100", "num_branches": 0, "num_partial_branches": 0, "covered_branches": 0, "missing_branches": 0, "percent_branches_covered": 100.0, "percent_branches_covered_display": "100"}, "missing_lines": [], "excluded_lines": [], "start_line": 1, "executed_branches": [], "missing_branches": []}}, "classes": {"": {"executed_lines": [], "summary": {"covered_lines": 0, "num_statements": 0, "percent_covered": 100.0, "percent_covered_display": "100", "missing_lines": 0, "excluded_lines": 0, "percent_statements_covered": 100.0, "percent_statements_covered_display": "100", "num_branches": 0, "num_partial_branches": 0, "covered_branches": 0, "missing_branches": 0, "percent_branches_covered": 100.0, "percent_branches_covered_display": "100"}, "missing_lines": [], "excluded_lines": [], "start_line": 1, "executed_branches": [], "missing_branches": []}}}, "tasks/__init__.py": {"executed_lines": [], "summary": {"covered_lines": 0, "num_statements": 0, "percent_covered": 100.0, "percent_covered_display": "100", "missing_lines": 0, "excluded_lines": 0, "percent_statements_covered": 100.0, "percent_statements_covered_display": "100", "num_branches": 0, "num_partial_branches": 0, "covered_branches": 0, "missing_branches": 0, "percent_branches_covered": 100.0, "percent_branches_covered_display": "100"}, "missing_lines": [], "excluded_lines": [], "executed_branches": [], "missing_branches": [], "functions": {"": {"executed_lines": [], "summary": {"covered_lines": 0, "num_statements": 0, "percent_covered": 100.0, "percent_covered_display": "100", "missing_lines": 0, "excluded_lines": 0, "percent_statements_covered": 100.0, "percent_statements_covered_display": "100", "num_branches": 0, "num_partial_branches": 0, "covered_branches": 0, "missing_branches": 0, "percent_branches_covered": 100.0, "percent_branches_covered_display": "100"}, "missing_lines": [], "excluded_lines": [], "start_line": 1, "executed_branches": [], "missing_branches": []}}, "classes": {"": {"executed_lines": [], "summary": {"covered_lines": 0, "num_statements": 0, "percent_covered": 100.0, "percent_covered_display": "100", "missing_lines": 0, "excluded_lines": 0, "percent_statements_covered": 100.0, "percent_statements_covered_display": "100", "num_branches": 0, "num_partial_branches": 0, "covered_branches": 0, "missing_branches": 0, "percent_branches_covered": 100.0, "percent_branches_covered_display": "100"}, "missing_lines": [], "excluded_lines": [], "start_line": 1, "executed_branches": [], "missing_branches": []}}}, "tasks/dead_letter.py": {"executed_lines": [1, 2, 3, 4, 6, 7, 8, 10, 11, 12, 15, 22, 29, 37, 38, 46, 47, 48, 51, 52, 53, 54, 56, 61, 62], "summary": {"covered_lines": 25, "num_statements": 25, "percent_covered": 100.0, "percent_covered_display": "100", "missing_lines": 0, "excluded_lines": 0, "percent_statements_covered": 100.0, "percent_statements_covered_display": "100", "num_branches": 2, "num_partial_branches": 0, "covered_branches": 2, "missing_branches": 0, "percent_branches_covered": 100.0, "percent_branches_covered_display": "100"}, "missing_lines": [], "excluded_lines": [], "executed_branches": [[53, 54], [53, 56]], "missing_branches": [], "functions": {"dead_letter_handler": {"executed_lines": [29, 37, 38, 46, 47, 48, 51, 52, 53, 54, 56, 61, 62], "summary": {"covered_lines": 13, "num_statements": 13, "percent_covered": 100.0, "percent_covered_display": "100", "missing_lines": 0, "excluded_lines": 0, "percent_statements_covered": 100.0, "percent_statements_covered_display": "100", "num_branches": 2, "num_partial_branches": 0, "covered_branches": 2, "missing_branches": 0, "percent_branches_covered": 100.0, "percent_branches_covered_display": "100"}, "missing_lines": [], "excluded_lines": [], "start_line": 22, "executed_branches": [[53, 54], [53, 56]], "missing_branches": []}, "": {"executed_lines": [1, 2, 3, 4, 6, 7, 8, 10, 11, 12, 15, 22], "summary": {"covered_lines": 12, "num_statements": 12, "percent_covered": 100.0, "percent_covered_display": "100", "missing_lines": 0, "excluded_lines": 0, "percent_statements_covered": 100.0, "percent_statements_covered_display": "100", "num_branches": 0, "num_partial_branches": 0, "covered_branches": 0, "missing_branches": 0, "percent_branches_covered": 100.0, "percent_branches_covered_display": "100"}, "missing_lines": [], "excluded_lines": [], "start_line": 1, "executed_branches": [], "missing_branches": []}}, "classes": {"": {"executed_lines": [1, 2, 3, 4, 6, 7, 8, 10, 11, 12, 15, 22, 29, 37, 38, 46, 47, 48, 51, 52, 53, 54, 56, 61, 62], "summary": {"covered_lines": 25, "num_statements": 25, "percent_covered": 100.0, "percent_covered_display": "100", "missing_lines": 0, "excluded_lines": 0, "percent_statements_covered": 100.0, "percent_statements_covered_display": "100", "num_branches": 2, "num_partial_branches": 0, "covered_branches": 2, "missing_branches": 0, "percent_branches_covered": 100.0, "percent_branches_covered_display": "100"}, "missing_lines": [], "excluded_lines": [], "start_line": 1, "executed_branches": [[53, 54], [53, 56]], "missing_branches": []}}}, "tasks/domain_scan.py": {"executed_lines": [1, 2, 3, 4, 5, 6, 8, 9, 10, 11, 13, 14, 15, 16, 25, 26, 28, 29, 32, 34, 35, 36, 40, 41, 44, 45, 46, 47, 48, 49, 50, 51, 54, 55, 57, 58, 59, 60, 61, 63, 64, 65, 66, 68, 70, 71, 73, 74, 75, 77, 78, 79, 82, 83, 84, 85, 87, 88, 90, 91, 93, 110, 112, 113, 114, 115, 116, 117, 118, 120, 121, 122, 123, 124, 125, 126, 127, 129, 130, 131, 132, 133, 137, 138, 140, 141, 143, 144, 146, 148, 149, 151, 155, 159, 160, 161, 162, 163, 165, 166, 167, 168, 169, 170, 171, 172, 173, 174, 175, 176, 182, 185, 186, 187, 188, 191, 192, 193, 194, 206, 209, 210, 211, 212, 214, 215, 216, 218, 219, 220, 222, 223, 230], "summary": {"covered_lines": 133, "num_statements": 133, "percent_covered": 99.33774834437087, "percent_covered_display": "99", "missing_lines": 0, "excluded_lines": 0, "percent_statements_covered": 100.0, "percent_statements_covered_display": "100", "num_branches": 18, "num_partial_branches": 1, "covered_branches": 17, "missing_branches": 1, "percent_branches_covered": 94.44444444444444, "percent_branches_covered_display": "94"}, "missing_lines": [], "excluded_lines": [], "executed_branches": [[59, 60], [59, 63], [83, 84], [83, 87], [122, 123], [122, 140], [123, 124], [130, 122], [130, 131], [175, 176], [175, 182], [193, -191], [193, 194], [215, 216], [215, 218], [219, 220], [219, 222]], "missing_branches": [[123, 122]], "functions": {"publish_progress": {"executed_lines": [34, 35, 36, 40, 41], "summary": {"covered_lines": 5, "num_statements": 5, "percent_covered": 100.0, "percent_covered_display": "100", "missing_lines": 0, "excluded_lines": 0, "percent_statements_covered": 100.0, "percent_statements_covered_display": "100", "num_branches": 0, "num_partial_branches": 0, "covered_branches": 0, "missing_branches": 0, "percent_branches_covered": 100.0, "percent_branches_covered_display": "100"}, "missing_lines": [], "excluded_lines": [], "start_line": 32, "executed_branches": [], "missing_branches": []}, "_run_async": {"executed_lines": [45, 46, 47, 48, 49, 50, 51], "summary": {"covered_lines": 7, "num_statements": 7, "percent_covered": 100.0, "percent_covered_display": "100", "missing_lines": 0, "excluded_lines": 0, "percent_statements_covered": 100.0, "percent_statements_covered_display": "100", "num_branches": 0, "num_partial_branches": 0, "covered_branches": 0, "missing_branches": 0, "percent_branches_covered": 100.0, "percent_branches_covered_display": "100"}, "missing_lines": [], "excluded_lines": [], "start_line": 44, "executed_branches": [], "missing_branches": []}, "run_domain_scan": {"executed_lines": [57, 58, 59, 60, 61, 63, 64, 65, 66, 68, 70, 71, 73, 74, 75, 77, 78, 79, 82, 83, 84, 85, 87, 88, 90, 91, 93, 110, 112, 113, 114, 115, 116, 117, 118, 120, 121, 122, 123, 124, 125, 126, 127, 129, 130, 131, 132, 133, 137, 138, 140, 141, 143, 144, 146, 148, 149, 151, 155, 159, 160, 161, 162, 163, 165, 166, 167, 168, 169, 170, 171, 172, 173, 174, 175, 176, 182], "summary": {"covered_lines": 77, "num_statements": 77, "percent_covered": 98.87640449438203, "percent_covered_display": "99", "missing_lines": 0, "excluded_lines": 0, "percent_statements_covered": 100.0, "percent_statements_covered_display": "100", "num_branches": 12, "num_partial_branches": 1, "covered_branches": 11, "missing_branches": 1, "percent_branches_covered": 91.66666666666667, "percent_branches_covered_display": "92"}, "missing_lines": [], "excluded_lines": [], "start_line": 55, "executed_branches": [[59, 60], [59, 63], [83, 84], [83, 87], [122, 123], [122, 140], [123, 124], [130, 122], [130, 131], [175, 176], [175, 182]], "missing_branches": [[123, 122]]}, "_update_status": {"executed_lines": [186, 187, 188], "summary": {"covered_lines": 3, "num_statements": 3, "percent_covered": 100.0, "percent_covered_display": "100", "missing_lines": 0, "excluded_lines": 0, "percent_statements_covered": 100.0, "percent_statements_covered_display": "100", "num_branches": 0, "num_partial_branches": 0, "covered_branches": 0, "missing_branches": 0, "percent_branches_covered": 100.0, "percent_branches_covered_display": "100"}, "missing_lines": [], "excluded_lines": [], "start_line": 185, "executed_branches": [], "missing_branches": []}, "_save_findings": {"executed_lines": [192, 193, 194, 206], "summary": {"covered_lines": 4, "num_statements": 4, "percent_covered": 100.0, "percent_covered_display": "100", "missing_lines": 0, "excluded_lines": 0, "percent_statements_covered": 100.0, "percent_statements_covered_display": "100", "num_branches": 2, "num_partial_branches": 0, "covered_branches": 2, "missing_branches": 0, "percent_branches_covered": 100.0, "percent_branches_covered_display": "100"}, "missing_lines": [], "excluded_lines": [], "start_line": 191, "executed_branches": [[193, -191], [193, 194]], "missing_branches": []}, "_refund_credits": {"executed_lines": [210, 211, 212, 214, 215, 216, 218, 219, 220, 222, 223, 230], "summary": {"covered_lines": 12, "num_statements": 12, "percent_covered": 100.0, "percent_covered_display": "100", "missing_lines": 0, "excluded_lines": 0, "percent_statements_covered": 100.0, "percent_statements_covered_display": "100", "num_branches": 4, "num_partial_branches": 0, "covered_branches": 4, "missing_branches": 0, "percent_branches_covered": 100.0, "percent_branches_covered_display": "100"}, "missing_lines": [], "excluded_lines": [], "start_line": 209, "executed_branches": [[215, 216], [215, 218], [219, 220], [219, 222]], "missing_branches": []}, "": {"executed_lines": [1, 2, 3, 4, 5, 6, 8, 9, 10, 11, 13, 14, 15, 16, 25, 26, 28, 29, 32, 44, 54, 55, 185, 191, 209], "summary": {"covered_lines": 25, "num_statements": 25, "percent_covered": 100.0, "percent_covered_display": "100", "missing_lines": 0, "excluded_lines": 0, "percent_statements_covered": 100.0, "percent_statements_covered_display": "100", "num_branches": 0, "num_partial_branches": 0, "covered_branches": 0, "missing_branches": 0, "percent_branches_covered": 100.0, "percent_branches_covered_display": "100"}, "missing_lines": [], "excluded_lines": [], "start_line": 1, "executed_branches": [], "missing_branches": []}}, "classes": {"": {"executed_lines": [1, 2, 3, 4, 5, 6, 8, 9, 10, 11, 13, 14, 15, 16, 25, 26, 28, 29, 32, 34, 35, 36, 40, 41, 44, 45, 46, 47, 48, 49, 50, 51, 54, 55, 57, 58, 59, 60, 61, 63, 64, 65, 66, 68, 70, 71, 73, 74, 75, 77, 78, 79, 82, 83, 84, 85, 87, 88, 90, 91, 93, 110, 112, 113, 114, 115, 116, 117, 118, 120, 121, 122, 123, 124, 125, 126, 127, 129, 130, 131, 132, 133, 137, 138, 140, 141, 143, 144, 146, 148, 149, 151, 155, 159, 160, 161, 162, 163, 165, 166, 167, 168, 169, 170, 171, 172, 173, 174, 175, 176, 182, 185, 186, 187, 188, 191, 192, 193, 194, 206, 209, 210, 211, 212, 214, 215, 216, 218, 219, 220, 222, 223, 230], "summary": {"covered_lines": 133, "num_statements": 133, "percent_covered": 99.33774834437087, "percent_covered_display": "99", "missing_lines": 0, "excluded_lines": 0, "percent_statements_covered": 100.0, "percent_statements_covered_display": "100", "num_branches": 18, "num_partial_branches": 1, "covered_branches": 17, "missing_branches": 1, "percent_branches_covered": 94.44444444444444, "percent_branches_covered_display": "94"}, "missing_lines": [], "excluded_lines": [], "start_line": 1, "executed_branches": [[59, 60], [59, 63], [83, 84], [83, 87], [122, 123], [122, 140], [123, 124], [130, 122], [130, 131], [175, 176], [175, 182], [193, -191], [193, 194], [215, 216], [215, 218], [219, 220], [219, 222]], "missing_branches": [[123, 122]]}}}, "tasks/ip_scan.py": {"executed_lines": [1, 2, 3, 4, 5, 6, 8, 9, 10, 11, 12, 14, 15, 16, 17, 18, 20, 21, 24, 26, 27, 28, 32, 33, 36, 37, 38, 39, 40, 41, 42, 43, 46, 47, 49, 51, 53, 54, 55, 57, 59, 60, 61, 62, 63, 64, 65, 66, 67, 68, 69, 70, 76, 78, 79, 80, 82, 84, 85, 87, 88, 89, 90, 91, 92, 93, 94, 95, 96, 98, 99, 100, 101, 102, 106, 107, 109, 110, 113, 114, 116, 117, 119, 121, 122, 124, 127, 131, 132, 133, 134, 135, 137, 138, 139, 140, 141, 142, 143, 144, 145, 146, 147, 148, 149, 150, 156, 159, 160, 161, 162, 165, 166, 167, 168, 180, 183, 184, 185, 186, 188, 189, 190, 192, 193, 194, 196, 197, 204], "summary": {"covered_lines": 129, "num_statements": 129, "percent_covered": 99.31972789115646, "percent_covered_display": "99", "missing_lines": 0, "excluded_lines": 0, "percent_statements_covered": 100.0, "percent_statements_covered_display": "100", "num_branches": 18, "num_partial_branches": 1, "covered_branches": 17, "missing_branches": 1, "percent_branches_covered": 94.44444444444444, "percent_branches_covered_display": "94"}, "missing_lines": [], "excluded_lines": [], "executed_branches": [[69, 70], [69, 76], [89, 90], [89, 113], [90, 89], [90, 91], [92, 93], [99, 100], [99, 109], [149, 150], [149, 156], [167, -165], [167, 168], [189, 190], [189, 192], [193, 194], [193, 196]], "missing_branches": [[92, 109]], "functions": {"publish_progress": {"executed_lines": [26, 27, 28, 32, 33], "summary": {"covered_lines": 5, "num_statements": 5, "percent_covered": 100.0, "percent_covered_display": "100", "missing_lines": 0, "excluded_lines": 0, "percent_statements_covered": 100.0, "percent_statements_covered_display": "100", "num_branches": 0, "num_partial_branches": 0, "covered_branches": 0, "missing_branches": 0, "percent_branches_covered": 100.0, "percent_branches_covered_display": "100"}, "missing_lines": [], "excluded_lines": [], "start_line": 24, "executed_branches": [], "missing_branches": []}, "_run_async": {"executed_lines": [37, 38, 39, 40, 41, 42, 43], "summary": {"covered_lines": 7, "num_statements": 7, "percent_covered": 100.0, "percent_covered_display": "100", "missing_lines": 0, "excluded_lines": 0, "percent_statements_covered": 100.0, "percent_statements_covered_display": "100", "num_branches": 0, "num_partial_branches": 0, "covered_branches": 0, "missing_branches": 0, "percent_branches_covered": 100.0, "percent_branches_covered_display": "100"}, "missing_lines": [], "excluded_lines": [], "start_line": 36, "executed_branches": [], "missing_branches": []}, "run_ip_scan": {"executed_lines": [49, 51, 53, 54, 55, 57, 59, 60, 61, 62, 63, 64, 65, 66, 67, 68, 69, 70, 76, 78, 79, 80, 82, 84, 85, 87, 88, 89, 90, 91, 92, 93, 94, 95, 96, 98, 99, 100, 101, 102, 106, 107, 109, 110, 113, 114, 116, 117, 119, 121, 122, 124, 127, 131, 132, 133, 134, 135, 137, 138, 139, 140, 141, 142, 143, 144, 145, 146, 147, 148, 149, 150, 156], "summary": {"covered_lines": 73, "num_statements": 73, "percent_covered": 98.82352941176471, "percent_covered_display": "99", "missing_lines": 0, "excluded_lines": 0, "percent_statements_covered": 100.0, "percent_statements_covered_display": "100", "num_branches": 12, "num_partial_branches": 1, "covered_branches": 11, "missing_branches": 1, "percent_branches_covered": 91.66666666666667, "percent_branches_covered_display": "92"}, "missing_lines": [], "excluded_lines": [], "start_line": 47, "executed_branches": [[69, 70], [69, 76], [89, 90], [89, 113], [90, 89], [90, 91], [92, 93], [99, 100], [99, 109], [149, 150], [149, 156]], "missing_branches": [[92, 109]]}, "_update_status": {"executed_lines": [160, 161, 162], "summary": {"covered_lines": 3, "num_statements": 3, "percent_covered": 100.0, "percent_covered_display": "100", "missing_lines": 0, "excluded_lines": 0, "percent_statements_covered": 100.0, "percent_statements_covered_display": "100", "num_branches": 0, "num_partial_branches": 0, "covered_branches": 0, "missing_branches": 0, "percent_branches_covered": 100.0, "percent_branches_covered_display": "100"}, "missing_lines": [], "excluded_lines": [], "start_line": 159, "executed_branches": [], "missing_branches": []}, "_save_findings": {"executed_lines": [166, 167, 168, 180], "summary": {"covered_lines": 4, "num_statements": 4, "percent_covered": 100.0, "percent_covered_display": "100", "missing_lines": 0, "excluded_lines": 0, "percent_statements_covered": 100.0, "percent_statements_covered_display": "100", "num_branches": 2, "num_partial_branches": 0, "covered_branches": 2, "missing_branches": 0, "percent_branches_covered": 100.0, "percent_branches_covered_display": "100"}, "missing_lines": [], "excluded_lines": [], "start_line": 165, "executed_branches": [[167, -165], [167, 168]], "missing_branches": []}, "_refund_credits": {"executed_lines": [184, 185, 186, 188, 189, 190, 192, 193, 194, 196, 197, 204], "summary": {"covered_lines": 12, "num_statements": 12, "percent_covered": 100.0, "percent_covered_display": "100", "missing_lines": 0, "excluded_lines": 0, "percent_statements_covered": 100.0, "percent_statements_covered_display": "100", "num_branches": 4, "num_partial_branches": 0, "covered_branches": 4, "missing_branches": 0, "percent_branches_covered": 100.0, "percent_branches_covered_display": "100"}, "missing_lines": [], "excluded_lines": [], "start_line": 183, "executed_branches": [[189, 190], [189, 192], [193, 194], [193, 196]], "missing_branches": []}, "": {"executed_lines": [1, 2, 3, 4, 5, 6, 8, 9, 10, 11, 12, 14, 15, 16, 17, 18, 20, 21, 24, 36, 46, 47, 159, 165, 183], "summary": {"covered_lines": 25, "num_statements": 25, "percent_covered": 100.0, "percent_covered_display": "100", "missing_lines": 0, "excluded_lines": 0, "percent_statements_covered": 100.0, "percent_statements_covered_display": "100", "num_branches": 0, "num_partial_branches": 0, "covered_branches": 0, "missing_branches": 0, "percent_branches_covered": 100.0, "percent_branches_covered_display": "100"}, "missing_lines": [], "excluded_lines": [], "start_line": 1, "executed_branches": [], "missing_branches": []}}, "classes": {"": {"executed_lines": [1, 2, 3, 4, 5, 6, 8, 9, 10, 11, 12, 14, 15, 16, 17, 18, 20, 21, 24, 26, 27, 28, 32, 33, 36, 37, 38, 39, 40, 41, 42, 43, 46, 47, 49, 51, 53, 54, 55, 57, 59, 60, 61, 62, 63, 64, 65, 66, 67, 68, 69, 70, 76, 78, 79, 80, 82, 84, 85, 87, 88, 89, 90, 91, 92, 93, 94, 95, 96, 98, 99, 100, 101, 102, 106, 107, 109, 110, 113, 114, 116, 117, 119, 121, 122, 124, 127, 131, 132, 133, 134, 135, 137, 138, 139, 140, 141, 142, 143, 144, 145, 146, 147, 148, 149, 150, 156, 159, 160, 161, 162, 165, 166, 167, 168, 180, 183, 184, 185, 186, 188, 189, 190, 192, 193, 194, 196, 197, 204], "summary": {"covered_lines": 129, "num_statements": 129, "percent_covered": 99.31972789115646, "percent_covered_display": "99", "missing_lines": 0, "excluded_lines": 0, "percent_statements_covered": 100.0, "percent_statements_covered_display": "100", "num_branches": 18, "num_partial_branches": 1, "covered_branches": 17, "missing_branches": 1, "percent_branches_covered": 94.44444444444444, "percent_branches_covered_display": "94"}, "missing_lines": [], "excluded_lines": [], "start_line": 1, "executed_branches": [[69, 70], [69, 76], [89, 90], [89, 113], [90, 89], [90, 91], [92, 93], [99, 100], [99, 109], [149, 150], [149, 156], [167, -165], [167, 168], [189, 190], [189, 192], [193, 194], [193, 196]], "missing_branches": [[92, 109]]}}}, "tasks/mobile_scan.py": {"executed_lines": [1, 2, 3, 4, 5, 6, 8, 9, 10, 11, 13, 14, 15, 16, 17, 19, 20, 23, 25, 26, 27, 31, 32, 35, 36, 37, 38, 39, 40, 41, 42, 45, 46, 48, 50, 52, 53, 55, 56, 57, 58, 59, 60, 61, 63, 64, 65, 67, 69, 70, 71, 72, 73, 74, 76, 77, 79, 80, 81, 82, 83, 84, 86, 87, 89, 90, 91, 92, 93, 94, 95, 96, 97, 98, 99, 100, 101, 102, 104, 105, 106, 107, 108, 109, 110, 111, 112, 113, 114, 115, 116, 117, 118, 119, 120, 124, 125, 127, 128, 130, 131, 133, 135, 136, 138, 142, 146, 147, 148, 149, 151, 152, 153, 154, 155, 157, 158, 159, 160, 161, 162, 163, 164, 165, 166, 167, 168, 174, 177, 178, 179, 180, 183, 184, 185, 186, 198, 201, 202, 203, 204, 206, 207, 208, 210, 211, 212, 214, 215, 222], "summary": {"covered_lines": 150, "num_statements": 150, "percent_covered": 98.85057471264368, "percent_covered_display": "99", "missing_lines": 0, "excluded_lines": 0, "percent_statements_covered": 100.0, "percent_statements_covered_display": "100", "num_branches": 24, "num_partial_branches": 2, "covered_branches": 22, "missing_branches": 2, "percent_branches_covered": 91.66666666666667, "percent_branches_covered_display": "92"}, "missing_lines": [], "excluded_lines": [], "executed_branches": [[55, 56], [55, 63], [69, 70], [69, 79], [79, 80], [96, 97], [96, 99], [97, 98], [107, 108], [107, 127], [109, 110], [109, 111], [117, 107], [117, 118], [167, 168], [167, 174], [185, -183], [185, 186], [207, 208], [207, 210], [211, 212], [211, 214]], "missing_branches": [[79, 89], [97, 96]], "functions": {"publish_progress": {"executed_lines": [25, 26, 27, 31, 32], "summary": {"covered_lines": 5, "num_statements": 5, "percent_covered": 100.0, "percent_covered_display": "100", "missing_lines": 0, "excluded_lines": 0, "percent_statements_covered": 100.0, "percent_statements_covered_display": "100", "num_branches": 0, "num_partial_branches": 0, "covered_branches": 0, "missing_branches": 0, "percent_branches_covered": 100.0, "percent_branches_covered_display": "100"}, "missing_lines": [], "excluded_lines": [], "start_line": 23, "executed_branches": [], "missing_branches": []}, "_run_async": {"executed_lines": [36, 37, 38, 39, 40, 41, 42], "summary": {"covered_lines": 7, "num_statements": 7, "percent_covered": 100.0, "percent_covered_display": "100", "missing_lines": 0, "excluded_lines": 0, "percent_statements_covered": 100.0, "percent_statements_covered_display": "100", "num_branches": 0, "num_partial_branches": 0, "covered_branches": 0, "missing_branches": 0, "percent_branches_covered": 100.0, "percent_branches_covered_display": "100"}, "missing_lines": [], "excluded_lines": [], "start_line": 35, "executed_branches": [], "missing_branches": []}, "run_mobile_scan": {"executed_lines": [48, 50, 52, 53, 55, 56, 57, 58, 59, 60, 61, 63, 64, 65, 67, 69, 70, 71, 72, 73, 74, 76, 77, 79, 80, 81, 82, 83, 84, 86, 87, 89, 90, 91, 92, 93, 94, 95, 96, 97, 98, 99, 100, 101, 102, 104, 105, 106, 107, 108, 109, 110, 111, 112, 113, 114, 115, 116, 117, 118, 119, 120, 124, 125, 127, 128, 130, 131, 133, 135, 136, 138, 142, 146, 147, 148, 149, 151, 152, 153, 154, 155, 157, 158, 159, 160, 161, 162, 163, 164, 165, 166, 167, 168, 174], "summary": {"covered_lines": 95, "num_statements": 95, "percent_covered": 98.23008849557522, "percent_covered_display": "98", "missing_lines": 0, "excluded_lines": 0, "percent_statements_covered": 100.0, "percent_statements_covered_display": "100", "num_branches": 18, "num_partial_branches": 2, "covered_branches": 16, "missing_branches": 2, "percent_branches_covered": 88.88888888888889, "percent_branches_covered_display": "89"}, "missing_lines": [], "excluded_lines": [], "start_line": 46, "executed_branches": [[55, 56], [55, 63], [69, 70], [69, 79], [79, 80], [96, 97], [96, 99], [97, 98], [107, 108], [107, 127], [109, 110], [109, 111], [117, 107], [117, 118], [167, 168], [167, 174]], "missing_branches": [[79, 89], [97, 96]]}, "_update_status": {"executed_lines": [178, 179, 180], "summary": {"covered_lines": 3, "num_statements": 3, "percent_covered": 100.0, "percent_covered_display": "100", "missing_lines": 0, "excluded_lines": 0, "percent_statements_covered": 100.0, "percent_statements_covered_display": "100", "num_branches": 0, "num_partial_branches": 0, "covered_branches": 0, "missing_branches": 0, "percent_branches_covered": 100.0, "percent_branches_covered_display": "100"}, "missing_lines": [], "excluded_lines": [], "start_line": 177, "executed_branches": [], "missing_branches": []}, "_save_findings": {"executed_lines": [184, 185, 186, 198], "summary": {"covered_lines": 4, "num_statements": 4, "percent_covered": 100.0, "percent_covered_display": "100", "missing_lines": 0, "excluded_lines": 0, "percent_statements_covered": 100.0, "percent_statements_covered_display": "100", "num_branches": 2, "num_partial_branches": 0, "covered_branches": 2, "missing_branches": 0, "percent_branches_covered": 100.0, "percent_branches_covered_display": "100"}, "missing_lines": [], "excluded_lines": [], "start_line": 183, "executed_branches": [[185, -183], [185, 186]], "missing_branches": []}, "_refund_credits": {"executed_lines": [202, 203, 204, 206, 207, 208, 210, 211, 212, 214, 215, 222], "summary": {"covered_lines": 12, "num_statements": 12, "percent_covered": 100.0, "percent_covered_display": "100", "missing_lines": 0, "excluded_lines": 0, "percent_statements_covered": 100.0, "percent_statements_covered_display": "100", "num_branches": 4, "num_partial_branches": 0, "covered_branches": 4, "missing_branches": 0, "percent_branches_covered": 100.0, "percent_branches_covered_display": "100"}, "missing_lines": [], "excluded_lines": [], "start_line": 201, "executed_branches": [[207, 208], [207, 210], [211, 212], [211, 214]], "missing_branches": []}, "": {"executed_lines": [1, 2, 3, 4, 5, 6, 8, 9, 10, 11, 13, 14, 15, 16, 17, 19, 20, 23, 35, 45, 46, 177, 183, 201], "summary": {"covered_lines": 24, "num_statements": 24, "percent_covered": 100.0, "percent_covered_display": "100", "missing_lines": 0, "excluded_lines": 0, "percent_statements_covered": 100.0, "percent_statements_covered_display": "100", "num_branches": 0, "num_partial_branches": 0, "covered_branches": 0, "missing_branches": 0, "percent_branches_covered": 100.0, "percent_branches_covered_display": "100"}, "missing_lines": [], "excluded_lines": [], "start_line": 1, "executed_branches": [], "missing_branches": []}}, "classes": {"": {"executed_lines": [1, 2, 3, 4, 5, 6, 8, 9, 10, 11, 13, 14, 15, 16, 17, 19, 20, 23, 25, 26, 27, 31, 32, 35, 36, 37, 38, 39, 40, 41, 42, 45, 46, 48, 50, 52, 53, 55, 56, 57, 58, 59, 60, 61, 63, 64, 65, 67, 69, 70, 71, 72, 73, 74, 76, 77, 79, 80, 81, 82, 83, 84, 86, 87, 89, 90, 91, 92, 93, 94, 95, 96, 97, 98, 99, 100, 101, 102, 104, 105, 106, 107, 108, 109, 110, 111, 112, 113, 114, 115, 116, 117, 118, 119, 120, 124, 125, 127, 128, 130, 131, 133, 135, 136, 138, 142, 146, 147, 148, 149, 151, 152, 153, 154, 155, 157, 158, 159, 160, 161, 162, 163, 164, 165, 166, 167, 168, 174, 177, 178, 179, 180, 183, 184, 185, 186, 198, 201, 202, 203, 204, 206, 207, 208, 210, 211, 212, 214, 215, 222], "summary": {"covered_lines": 150, "num_statements": 150, "percent_covered": 98.85057471264368, "percent_covered_display": "99", "missing_lines": 0, "excluded_lines": 0, "percent_statements_covered": 100.0, "percent_statements_covered_display": "100", "num_branches": 24, "num_partial_branches": 2, "covered_branches": 22, "missing_branches": 2, "percent_branches_covered": 91.66666666666667, "percent_branches_covered_display": "92"}, "missing_lines": [], "excluded_lines": [], "start_line": 1, "executed_branches": [[55, 56], [55, 63], [69, 70], [69, 79], [79, 80], [96, 97], [96, 99], [97, 98], [107, 108], [107, 127], [109, 110], [109, 111], [117, 107], [117, 118], [167, 168], [167, 174], [185, -183], [185, 186], [207, 208], [207, 210], [211, 212], [211, 214]], "missing_branches": [[79, 89], [97, 96]]}}}, "utils/__init__.py": {"executed_lines": [], "summary": {"covered_lines": 0, "num_statements": 0, "percent_covered": 100.0, "percent_covered_display": "100", "missing_lines": 0, "excluded_lines": 0, "percent_statements_covered": 100.0, "percent_statements_covered_display": "100", "num_branches": 0, "num_partial_branches": 0, "covered_branches": 0, "missing_branches": 0, "percent_branches_covered": 100.0, "percent_branches_covered_display": "100"}, "missing_lines": [], "excluded_lines": [], "executed_branches": [], "missing_branches": [], "functions": {"": {"executed_lines": [], "summary": {"covered_lines": 0, "num_statements": 0, "percent_covered": 100.0, "percent_covered_display": "100", "missing_lines": 0, "excluded_lines": 0, "percent_statements_covered": 100.0, "percent_statements_covered_display": "100", "num_branches": 0, "num_partial_branches": 0, "covered_branches": 0, "missing_branches": 0, "percent_branches_covered": 100.0, "percent_branches_covered_display": "100"}, "missing_lines": [], "excluded_lines": [], "start_line": 1, "executed_branches": [], "missing_branches": []}}, "classes": {"": {"executed_lines": [], "summary": {"covered_lines": 0, "num_statements": 0, "percent_covered": 100.0, "percent_covered_display": "100", "missing_lines": 0, "excluded_lines": 0, "percent_statements_covered": 100.0, "percent_statements_covered_display": "100", "num_branches": 0, "num_partial_branches": 0, "covered_branches": 0, "missing_branches": 0, "percent_branches_covered": 100.0, "percent_branches_covered_display": "100"}, "missing_lines": [], "excluded_lines": [], "start_line": 1, "executed_branches": [], "missing_branches": []}}}, "utils/cve_lookup.py": {"executed_lines": [1, 2, 3, 4, 6, 7, 8, 10, 11, 12, 15, 17, 18, 19, 20, 23, 24, 25, 28, 29, 30, 31, 32, 33, 34, 35, 36, 37, 38, 39, 41, 44, 45, 46, 47, 48, 49, 53, 54, 55, 56, 57, 61, 62, 63, 64, 65, 66, 67, 68, 70, 71, 72, 74, 77, 79, 80, 82, 83, 84, 86, 89, 91, 92, 93, 94, 96, 97, 98, 99, 100, 101, 102, 104, 107, 109, 110, 111, 112, 113, 114, 115, 116, 117, 118, 119, 122, 123, 124, 125, 126, 127, 128, 129, 130, 131, 132, 133, 134, 135, 136, 139, 141, 142, 143, 144, 145, 146, 147, 149, 150, 151, 153, 155, 167, 169, 170, 171, 172, 173, 174, 175, 176, 177, 178, 179], "summary": {"covered_lines": 126, "num_statements": 126, "percent_covered": 100.0, "percent_covered_display": "100", "missing_lines": 0, "excluded_lines": 0, "percent_statements_covered": 100.0, "percent_statements_covered_display": "100", "num_branches": 50, "num_partial_branches": 0, "covered_branches": 50, "missing_branches": 0, "percent_branches_covered": 100.0, "percent_branches_covered_display": "100"}, "missing_lines": [], "excluded_lines": [], "executed_branches": [[17, 18], [17, 19], [33, 34], [33, 37], [55, 56], [55, 57], [64, 65], [64, 68], [82, 83], [82, 86], [92, 93], [92, 96], [98, 99], [98, 104], [100, 98], [100, 101], [110, 111], [110, 115], [111, 110], [111, 112], [113, 110], [113, 114], [115, 116], [115, 119], [117, 115], [117, 118], [126, 127], [126, 128], [130, 131], [130, 132], [132, 133], [132, 136], [134, 135], [134, 136], [143, 144], [143, 147], [144, 143], [144, 145], [150, 151], [150, 153], [169, 170], [169, 171], [171, 172], [171, 173], [173, 174], [173, 175], [175, 176], [175, 177], [177, 178], [177, 179]], "missing_branches": [], "functions": {"_get_redis_pool": {"executed_lines": [17, 18, 19], "summary": {"covered_lines": 3, "num_statements": 3, "percent_covered": 100.0, "percent_covered_display": "100", "missing_lines": 0, "excluded_lines": 0, "percent_statements_covered": 100.0, "percent_statements_covered_display": "100", "num_branches": 2, "num_partial_branches": 0, "covered_branches": 2, "missing_branches": 0, "percent_branches_covered": 100.0, "percent_branches_covered_display": "100"}, "missing_lines": [], "excluded_lines": [], "start_line": 15, "executed_branches": [[17, 18], [17, 19]], "missing_branches": []}, "_cache_key": {"executed_lines": [24, 25], "summary": {"covered_lines": 2, "num_statements": 2, "percent_covered": 100.0, "percent_covered_display": "100", "missing_lines": 0, "excluded_lines": 0, "percent_statements_covered": 100.0, "percent_statements_covered_display": "100", "num_branches": 0, "num_partial_branches": 0, "covered_branches": 0, "missing_branches": 0, "percent_branches_covered": 100.0, "percent_branches_covered_display": "100"}, "missing_lines": [], "excluded_lines": [], "start_line": 23, "executed_branches": [], "missing_branches": []}, "_get_cached_vulns": {"executed_lines": [29, 30, 31, 32, 33, 34, 35, 36, 37, 38, 39, 41], "summary": {"covered_lines": 12, "num_statements": 12, "percent_covered": 100.0, "percent_covered_display": "100", "missing_lines": 0, "excluded_lines": 0, "percent_statements_covered": 100.0, "percent_statements_covered_display": "100", "num_branches": 2, "num_partial_branches": 0, "covered_branches": 2, "missing_branches": 0, "percent_branches_covered": 100.0, "percent_branches_covered_display": "100"}, "missing_lines": [], "excluded_lines": [], "start_line": 28, "executed_branches": [[33, 34], [33, 37]], "missing_branches": []}, "_set_cached_vulns": {"executed_lines": [45, 46, 47, 48, 49], "summary": {"covered_lines": 5, "num_statements": 5, "percent_covered": 100.0, "percent_covered_display": "100", "missing_lines": 0, "excluded_lines": 0, "percent_statements_covered": 100.0, "percent_statements_covered_display": "100", "num_branches": 0, "num_partial_branches": 0, "covered_branches": 0, "missing_branches": 0, "percent_branches_covered": 100.0, "percent_branches_covered_display": "100"}, "missing_lines": [], "excluded_lines": [], "start_line": 44, "executed_branches": [], "missing_branches": []}, "_query_ecosystem": {"executed_lines": [54, 55, 56, 57, 61, 62, 63, 64, 65, 66, 67, 68, 70, 71, 72, 74], "summary": {"covered_lines": 16, "num_statements": 16, "percent_covered": 100.0, "percent_covered_display": "100", "missing_lines": 0, "excluded_lines": 0, "percent_statements_covered": 100.0, "percent_statements_covered_display": "100", "num_branches": 4, "num_partial_branches": 0, "covered_branches": 4, "missing_branches": 0, "percent_branches_covered": 100.0, "percent_branches_covered_display": "100"}, "missing_lines": [], "excluded_lines": [], "start_line": 53, "executed_branches": [[55, 56], [55, 57], [64, 65], [64, 68]], "missing_branches": []}, "query_osv_ecosystems": {"executed_lines": [79, 80, 82, 83, 84, 86], "summary": {"covered_lines": 6, "num_statements": 6, "percent_covered": 100.0, "percent_covered_display": "100", "missing_lines": 0, "excluded_lines": 0, "percent_statements_covered": 100.0, "percent_statements_covered_display": "100", "num_branches": 2, "num_partial_branches": 0, "covered_branches": 2, "missing_branches": 0, "percent_branches_covered": 100.0, "percent_branches_covered_display": "100"}, "missing_lines": [], "excluded_lines": [], "start_line": 77, "executed_branches": [[82, 83], [82, 86]], "missing_branches": []}, "lookup_service_cves": {"executed_lines": [91, 92, 93, 94, 96, 97, 98, 99, 100, 101, 102, 104], "summary": {"covered_lines": 12, "num_statements": 12, "percent_covered": 100.0, "percent_covered_display": "100", "missing_lines": 0, "excluded_lines": 0, "percent_statements_covered": 100.0, "percent_statements_covered_display": "100", "num_branches": 6, "num_partial_branches": 0, "covered_branches": 6, "missing_branches": 0, "percent_branches_covered": 100.0, "percent_branches_covered_display": "100"}, "missing_lines": [], "excluded_lines": [], "start_line": 89, "executed_branches": [[92, 93], [92, 96], [98, 99], [98, 104], [100, 98], [100, 101]], "missing_branches": []}, "extract_cvss": {"executed_lines": [109, 110, 111, 112, 113, 114, 115, 116, 117, 118, 119], "summary": {"covered_lines": 11, "num_statements": 11, "percent_covered": 100.0, "percent_covered_display": "100", "missing_lines": 0, "excluded_lines": 0, "percent_statements_covered": 100.0, "percent_statements_covered_display": "100", "num_branches": 10, "num_partial_branches": 0, "covered_branches": 10, "missing_branches": 0, "percent_branches_covered": 100.0, "percent_branches_covered_display": "100"}, "missing_lines": [], "excluded_lines": [], "start_line": 107, "executed_branches": [[110, 111], [110, 115], [111, 110], [111, 112], [113, 110], [113, 114], [115, 116], [115, 119], [117, 115], [117, 118]], "missing_branches": []}, "_extract_remediation": {"executed_lines": [123, 124, 125, 126, 127, 128, 129, 130, 131, 132, 133, 134, 135, 136], "summary": {"covered_lines": 14, "num_statements": 14, "percent_covered": 100.0, "percent_covered_display": "100", "missing_lines": 0, "excluded_lines": 0, "percent_statements_covered": 100.0, "percent_statements_covered_display": "100", "num_branches": 8, "num_partial_branches": 0, "covered_branches": 8, "missing_branches": 0, "percent_branches_covered": 100.0, "percent_branches_covered_display": "100"}, "missing_lines": [], "excluded_lines": [], "start_line": 122, "executed_branches": [[126, 127], [126, 128], [130, 131], [130, 132], [132, 133], [132, 136], [134, 135], [134, 136]], "missing_branches": []}, "format_vuln_finding": {"executed_lines": [141, 142, 143, 144, 145, 146, 147, 149, 150, 151, 153, 155], "summary": {"covered_lines": 12, "num_statements": 12, "percent_covered": 100.0, "percent_covered_display": "100", "missing_lines": 0, "excluded_lines": 0, "percent_statements_covered": 100.0, "percent_statements_covered_display": "100", "num_branches": 6, "num_partial_branches": 0, "covered_branches": 6, "missing_branches": 0, "percent_branches_covered": 100.0, "percent_branches_covered_display": "100"}, "missing_lines": [], "excluded_lines": [], "start_line": 139, "executed_branches": [[143, 144], [143, 147], [144, 143], [144, 145], [150, 151], [150, 153]], "missing_branches": []}, "severity_from_cvss": {"executed_lines": [169, 170, 171, 172, 173, 174, 175, 176, 177, 178, 179], "summary": {"covered_lines": 11, "num_statements": 11, "percent_covered": 100.0, "percent_covered_display": "100", "missing_lines": 0, "excluded_lines": 0, "percent_statements_covered": 100.0, "percent_statements_covered_display": "100", "num_branches": 10, "num_partial_branches": 0, "covered_branches": 10, "missing_branches": 0, "percent_branches_covered": 100.0, "percent_branches_covered_display": "100"}, "missing_lines": [], "excluded_lines": [], "start_line": 167, "executed_branches": [[169, 170], [169, 171], [171, 172], [171, 173], [173, 174], [173, 175], [175, 176], [175, 177], [177, 178], [177, 179]], "missing_branches": []}, "": {"executed_lines": [1, 2, 3, 4, 6, 7, 8, 10, 11, 12, 15, 20, 23, 28, 44, 53, 77, 89, 107, 122, 139, 167], "summary": {"covered_lines": 22, "num_statements": 22, "percent_covered": 100.0, "percent_covered_display": "100", "missing_lines": 0, "excluded_lines": 0, "percent_statements_covered": 100.0, "percent_statements_covered_display": "100", "num_branches": 0, "num_partial_branches": 0, "covered_branches": 0, "missing_branches": 0, "percent_branches_covered": 100.0, "percent_branches_covered_display": "100"}, "missing_lines": [], "excluded_lines": [], "start_line": 1, "executed_branches": [], "missing_branches": []}}, "classes": {"": {"executed_lines": [1, 2, 3, 4, 6, 7, 8, 10, 11, 12, 15, 17, 18, 19, 20, 23, 24, 25, 28, 29, 30, 31, 32, 33, 34, 35, 36, 37, 38, 39, 41, 44, 45, 46, 47, 48, 49, 53, 54, 55, 56, 57, 61, 62, 63, 64, 65, 66, 67, 68, 70, 71, 72, 74, 77, 79, 80, 82, 83, 84, 86, 89, 91, 92, 93, 94, 96, 97, 98, 99, 100, 101, 102, 104, 107, 109, 110, 111, 112, 113, 114, 115, 116, 117, 118, 119, 122, 123, 124, 125, 126, 127, 128, 129, 130, 131, 132, 133, 134, 135, 136, 139, 141, 142, 143, 144, 145, 146, 147, 149, 150, 151, 153, 155, 167, 169, 170, 171, 172, 173, 174, 175, 176, 177, 178, 179], "summary": {"covered_lines": 126, "num_statements": 126, "percent_covered": 100.0, "percent_covered_display": "100", "missing_lines": 0, "excluded_lines": 0, "percent_statements_covered": 100.0, "percent_statements_covered_display": "100", "num_branches": 50, "num_partial_branches": 0, "covered_branches": 50, "missing_branches": 0, "percent_branches_covered": 100.0, "percent_branches_covered_display": "100"}, "missing_lines": [], "excluded_lines": [], "start_line": 1, "executed_branches": [[17, 18], [17, 19], [33, 34], [33, 37], [55, 56], [55, 57], [64, 65], [64, 68], [82, 83], [82, 86], [92, 93], [92, 96], [98, 99], [98, 104], [100, 98], [100, 101], [110, 111], [110, 115], [111, 110], [111, 112], [113, 110], [113, 114], [115, 116], [115, 119], [117, 115], [117, 118], [126, 127], [126, 128], [130, 131], [130, 132], [132, 133], [132, 136], [134, 135], [134, 136], [143, 144], [143, 147], [144, 143], [144, 145], [150, 151], [150, 153], [169, 170], [169, 171], [171, 172], [171, 173], [173, 174], [173, 175], [175, 176], [175, 177], [177, 178], [177, 179]], "missing_branches": []}}}, "utils/database.py": {"executed_lines": [1, 3, 4, 6, 8, 15, 18], "summary": {"covered_lines": 7, "num_statements": 8, "percent_covered": 87.5, "percent_covered_display": "88", "missing_lines": 1, "excluded_lines": 0, "percent_statements_covered": 87.5, "percent_statements_covered_display": "88", "num_branches": 0, "num_partial_branches": 0, "covered_branches": 0, "missing_branches": 0, "percent_branches_covered": 100.0, "percent_branches_covered_display": "100"}, "missing_lines": [19], "excluded_lines": [], "executed_branches": [], "missing_branches": [], "functions": {"get_sync_session": {"executed_lines": [], "summary": {"covered_lines": 0, "num_statements": 1, "percent_covered": 0.0, "percent_covered_display": "0", "missing_lines": 1, "excluded_lines": 0, "percent_statements_covered": 0.0, "percent_statements_covered_display": "0", "num_branches": 0, "num_partial_branches": 0, "covered_branches": 0, "missing_branches": 0, "percent_branches_covered": 100.0, "percent_branches_covered_display": "100"}, "missing_lines": [19], "excluded_lines": [], "start_line": 18, "executed_branches": [], "missing_branches": []}, "": {"executed_lines": [1, 3, 4, 6, 8, 15, 18], "summary": {"covered_lines": 7, "num_statements": 7, "percent_covered": 100.0, "percent_covered_display": "100", "missing_lines": 0, "excluded_lines": 0, "percent_statements_covered": 100.0, "percent_statements_covered_display": "100", "num_branches": 0, "num_partial_branches": 0, "covered_branches": 0, "missing_branches": 0, "percent_branches_covered": 100.0, "percent_branches_covered_display": "100"}, "missing_lines": [], "excluded_lines": [], "start_line": 1, "executed_branches": [], "missing_branches": []}}, "classes": {"": {"executed_lines": [1, 3, 4, 6, 8, 15, 18], "summary": {"covered_lines": 7, "num_statements": 8, "percent_covered": 87.5, "percent_covered_display": "88", "missing_lines": 1, "excluded_lines": 0, "percent_statements_covered": 87.5, "percent_statements_covered_display": "88", "num_branches": 0, "num_partial_branches": 0, "covered_branches": 0, "missing_branches": 0, "percent_branches_covered": 100.0, "percent_branches_covered_display": "100"}, "missing_lines": [19], "excluded_lines": [], "start_line": 1, "executed_branches": [], "missing_branches": []}}}, "utils/domain_utils.py": {"executed_lines": [1, 2, 3, 4, 5, 6, 8, 11, 12, 14, 15, 18, 19, 21, 22, 23, 24, 25, 26, 27, 28, 29, 32, 33, 35, 36, 37, 38, 39, 42, 43, 45, 46, 47, 48, 51, 52, 54, 55, 56, 57, 58, 59, 60, 61, 62, 63, 64, 67, 69, 70, 72, 73, 74, 75, 76, 77, 78, 79, 80, 81, 82, 84, 85, 88, 90, 92, 93, 97, 101, 102, 104, 105, 106, 107, 108, 109, 110, 111, 112, 114, 115, 117, 118, 120, 121, 122, 123, 124, 125, 126, 127, 128, 129, 130, 131, 132, 133, 134, 136, 139, 141, 142, 143, 144, 146, 147, 148, 152, 153, 154, 156, 157, 158, 159, 160, 161, 162, 163, 164, 167, 168, 170, 171, 172, 173, 174, 175, 177, 178, 179, 180, 181, 182, 184, 185, 187, 189, 190, 191, 193, 196, 198, 200, 201, 202, 207, 208, 209, 210, 211, 213, 214, 215, 217, 218, 219, 220, 221, 222, 224, 226, 227, 229, 230, 232, 233, 234, 236, 237, 238, 240, 243, 282, 284, 285, 286, 287, 294, 297, 324, 326, 327, 329, 330, 331, 333, 334, 335, 336, 337, 338, 339, 341, 342, 344, 345, 346, 347, 348, 349, 350, 351, 352, 354, 357, 359, 361, 362, 369, 370, 377, 378, 379, 386, 387, 397, 398, 399, 406, 407, 416], "summary": {"covered_lines": 222, "num_statements": 222, "percent_covered": 99.31972789115646, "percent_covered_display": "99", "missing_lines": 0, "excluded_lines": 0, "percent_statements_covered": 100.0, "percent_statements_covered_display": "100", "num_branches": 72, "num_partial_branches": 2, "covered_branches": 70, "missing_branches": 2, "percent_branches_covered": 97.22222222222223, "percent_branches_covered_display": "97"}, "missing_lines": [], "excluded_lines": [], "executed_branches": [[75, 76], [75, 84], [77, 75], [77, 78], [108, 109], [108, 110], [124, 125], [124, 136], [126, 124], [126, 127], [128, 126], [128, 129], [146, 147], [146, 193], [160, 161], [160, 162], [172, 173], [174, 175], [174, 177], [177, 178], [177, 184], [178, 179], [178, 181], [181, 177], [181, 182], [184, 185], [184, 187], [208, 209], [208, 229], [232, 233], [232, 234], [285, 286], [285, 294], [329, 330], [329, 344], [330, 331], [330, 333], [333, 334], [333, 341], [335, 336], [335, 341], [336, 335], [336, 337], [341, 329], [341, 342], [344, 345], [344, 354], [345, 346], [345, 347], [347, 344], [347, 348], [348, 344], [348, 349], [349, 348], [349, 350], [361, 362], [361, 369], [369, 370], [369, 377], [377, 378], [377, 386], [378, 379], [378, 386], [386, 387], [386, 397], [397, 398], [397, 406], [398, 399], [406, 407], [406, 416]], "missing_branches": [[172, 177], [398, 397]], "functions": {"resolve_dns": {"executed_lines": [69, 70, 72, 73, 74, 75, 76, 77, 78, 79, 80, 81, 82, 84, 85], "summary": {"covered_lines": 15, "num_statements": 15, "percent_covered": 100.0, "percent_covered_display": "100", "missing_lines": 0, "excluded_lines": 0, "percent_statements_covered": 100.0, "percent_statements_covered_display": "100", "num_branches": 4, "num_partial_branches": 0, "covered_branches": 4, "missing_branches": 0, "percent_branches_covered": 100.0, "percent_branches_covered_display": "100"}, "missing_lines": [], "excluded_lines": [], "start_line": 67, "executed_branches": [[75, 76], [75, 84], [77, 75], [77, 78]], "missing_branches": []}, "enumerate_subdomains": {"executed_lines": [90, 92, 93, 97, 101, 102, 104, 105, 106, 107, 108, 109, 110, 111, 112, 114, 115, 117, 118, 120, 121, 122, 123, 124, 125, 126, 127, 128, 129, 130, 131, 132, 133, 134, 136], "summary": {"covered_lines": 35, "num_statements": 35, "percent_covered": 100.0, "percent_covered_display": "100", "missing_lines": 0, "excluded_lines": 0, "percent_statements_covered": 100.0, "percent_statements_covered_display": "100", "num_branches": 8, "num_partial_branches": 0, "covered_branches": 8, "missing_branches": 0, "percent_branches_covered": 100.0, "percent_branches_covered_display": "100"}, "missing_lines": [], "excluded_lines": [], "start_line": 88, "executed_branches": [[108, 109], [108, 110], [124, 125], [124, 136], [126, 124], [126, 127], [128, 126], [128, 129]], "missing_branches": []}, "check_http": {"executed_lines": [141, 142, 143, 144, 146, 147, 148, 152, 153, 154, 156, 157, 158, 159, 160, 161, 162, 163, 164, 167, 168, 170, 171, 172, 173, 174, 175, 177, 178, 179, 180, 181, 182, 184, 185, 187, 189, 190, 191, 193], "summary": {"covered_lines": 40, "num_statements": 40, "percent_covered": 98.21428571428571, "percent_covered_display": "98", "missing_lines": 0, "excluded_lines": 0, "percent_statements_covered": 100.0, "percent_statements_covered_display": "100", "num_branches": 16, "num_partial_branches": 1, "covered_branches": 15, "missing_branches": 1, "percent_branches_covered": 93.75, "percent_branches_covered_display": "94"}, "missing_lines": [], "excluded_lines": [], "start_line": 139, "executed_branches": [[146, 147], [146, 193], [160, 161], [160, 162], [172, 173], [174, 175], [174, 177], [177, 178], [177, 184], [178, 179], [178, 181], [181, 177], [181, 182], [184, 185], [184, 187]], "missing_branches": [[172, 177]]}, "check_ssl": {"executed_lines": [198, 200, 201, 202, 207, 208, 209, 210, 211, 213, 214, 215, 217, 218, 219, 220, 221, 222, 224, 226, 227, 229, 230, 232, 233, 234, 236, 237, 238, 240], "summary": {"covered_lines": 30, "num_statements": 30, "percent_covered": 100.0, "percent_covered_display": "100", "missing_lines": 0, "excluded_lines": 0, "percent_statements_covered": 100.0, "percent_statements_covered_display": "100", "num_branches": 4, "num_partial_branches": 0, "covered_branches": 4, "missing_branches": 0, "percent_branches_covered": 100.0, "percent_branches_covered_display": "100"}, "missing_lines": [], "excluded_lines": [], "start_line": 196, "executed_branches": [[208, 209], [208, 229], [232, 233], [232, 234]], "missing_branches": []}, "check_security_headers": {"executed_lines": [284, 285, 286, 287, 294], "summary": {"covered_lines": 5, "num_statements": 5, "percent_covered": 100.0, "percent_covered_display": "100", "missing_lines": 0, "excluded_lines": 0, "percent_statements_covered": 100.0, "percent_statements_covered_display": "100", "num_branches": 2, "num_partial_branches": 0, "covered_branches": 2, "missing_branches": 0, "percent_branches_covered": 100.0, "percent_branches_covered_display": "100"}, "missing_lines": [], "excluded_lines": [], "start_line": 282, "executed_branches": [[285, 286], [285, 294]], "missing_branches": []}, "detect_tech_stack": {"executed_lines": [326, 327, 329, 330, 331, 333, 334, 335, 336, 337, 338, 339, 341, 342, 344, 345, 346, 347, 348, 349, 350, 351, 352, 354], "summary": {"covered_lines": 24, "num_statements": 24, "percent_covered": 100.0, "percent_covered_display": "100", "missing_lines": 0, "excluded_lines": 0, "percent_statements_covered": 100.0, "percent_statements_covered_display": "100", "num_branches": 22, "num_partial_branches": 0, "covered_branches": 22, "missing_branches": 0, "percent_branches_covered": 100.0, "percent_branches_covered_display": "100"}, "missing_lines": [], "excluded_lines": [], "start_line": 324, "executed_branches": [[329, 330], [329, 344], [330, 331], [330, 333], [333, 334], [333, 341], [335, 336], [335, 341], [336, 335], [336, 337], [341, 329], [341, 342], [344, 345], [344, 354], [345, 346], [345, 347], [347, 344], [347, 348], [348, 344], [348, 349], [349, 348], [349, 350]], "missing_branches": []}, "findings_from_domain": {"executed_lines": [359, 361, 362, 369, 370, 377, 378, 379, 386, 387, 397, 398, 399, 406, 407, 416], "summary": {"covered_lines": 16, "num_statements": 16, "percent_covered": 96.875, "percent_covered_display": "97", "missing_lines": 0, "excluded_lines": 0, "percent_statements_covered": 100.0, "percent_statements_covered_display": "100", "num_branches": 16, "num_partial_branches": 1, "covered_branches": 15, "missing_branches": 1, "percent_branches_covered": 93.75, "percent_branches_covered_display": "94"}, "missing_lines": [], "excluded_lines": [], "start_line": 357, "executed_branches": [[361, 362], [361, 369], [369, 370], [369, 377], [377, 378], [377, 386], [378, 379], [378, 386], [386, 387], [386, 397], [397, 398], [397, 406], [398, 399], [406, 407], [406, 416]], "missing_branches": [[398, 397]]}, "": {"executed_lines": [1, 2, 3, 4, 5, 6, 8, 11, 12, 14, 15, 18, 19, 21, 22, 23, 24, 25, 26, 27, 28, 29, 32, 33, 35, 36, 37, 38, 39, 42, 43, 45, 46, 47, 48, 51, 52, 54, 55, 56, 57, 58, 59, 60, 61, 62, 63, 64, 67, 88, 139, 196, 243, 282, 297, 324, 357], "summary": {"covered_lines": 57, "num_statements": 57, "percent_covered": 100.0, "percent_covered_display": "100", "missing_lines": 0, "excluded_lines": 0, "percent_statements_covered": 100.0, "percent_statements_covered_display": "100", "num_branches": 0, "num_partial_branches": 0, "covered_branches": 0, "missing_branches": 0, "percent_branches_covered": 100.0, "percent_branches_covered_display": "100"}, "missing_lines": [], "excluded_lines": [], "start_line": 1, "executed_branches": [], "missing_branches": []}}, "classes": {"DnsRecord": {"executed_lines": [], "summary": {"covered_lines": 0, "num_statements": 0, "percent_covered": 100.0, "percent_covered_display": "100", "missing_lines": 0, "excluded_lines": 0, "percent_statements_covered": 100.0, "percent_statements_covered_display": "100", "num_branches": 0, "num_partial_branches": 0, "covered_branches": 0, "missing_branches": 0, "percent_branches_covered": 100.0, "percent_branches_covered_display": "100"}, "missing_lines": [], "excluded_lines": [], "start_line": 12, "executed_branches": [], "missing_branches": []}, "SslInfo": {"executed_lines": [], "summary": {"covered_lines": 0, "num_statements": 0, "percent_covered": 100.0, "percent_covered_display": "100", "missing_lines": 0, "excluded_lines": 0, "percent_statements_covered": 100.0, "percent_statements_covered_display": "100", "num_branches": 0, "num_partial_branches": 0, "covered_branches": 0, "missing_branches": 0, "percent_branches_covered": 100.0, "percent_branches_covered_display": "100"}, "missing_lines": [], "excluded_lines": [], "start_line": 19, "executed_branches": [], "missing_branches": []}, "HeaderCheck": {"executed_lines": [], "summary": {"covered_lines": 0, "num_statements": 0, "percent_covered": 100.0, "percent_covered_display": "100", "missing_lines": 0, "excluded_lines": 0, "percent_statements_covered": 100.0, "percent_statements_covered_display": "100", "num_branches": 0, "num_partial_branches": 0, "covered_branches": 0, "missing_branches": 0, "percent_branches_covered": 100.0, "percent_branches_covered_display": "100"}, "missing_lines": [], "excluded_lines": [], "start_line": 33, "executed_branches": [], "missing_branches": []}, "TechInfo": {"executed_lines": [], "summary": {"covered_lines": 0, "num_statements": 0, "percent_covered": 100.0, "percent_covered_display": "100", "missing_lines": 0, "excluded_lines": 0, "percent_statements_covered": 100.0, "percent_statements_covered_display": "100", "num_branches": 0, "num_partial_branches": 0, "covered_branches": 0, "missing_branches": 0, "percent_branches_covered": 100.0, "percent_branches_covered_display": "100"}, "missing_lines": [], "excluded_lines": [], "start_line": 43, "executed_branches": [], "missing_branches": []}, "DomainResult": {"executed_lines": [], "summary": {"covered_lines": 0, "num_statements": 0, "percent_covered": 100.0, "percent_covered_display": "100", "missing_lines": 0, "excluded_lines": 0, "percent_statements_covered": 100.0, "percent_statements_covered_display": "100", "num_branches": 0, "num_partial_branches": 0, "covered_branches": 0, "missing_branches": 0, "percent_branches_covered": 100.0, "percent_branches_covered_display": "100"}, "missing_lines": [], "excluded_lines": [], "start_line": 52, "executed_branches": [], "missing_branches": []}, "": {"executed_lines": [1, 2, 3, 4, 5, 6, 8, 11, 12, 14, 15, 18, 19, 21, 22, 23, 24, 25, 26, 27, 28, 29, 32, 33, 35, 36, 37, 38, 39, 42, 43, 45, 46, 47, 48, 51, 52, 54, 55, 56, 57, 58, 59, 60, 61, 62, 63, 64, 67, 69, 70, 72, 73, 74, 75, 76, 77, 78, 79, 80, 81, 82, 84, 85, 88, 90, 92, 93, 97, 101, 102, 104, 105, 106, 107, 108, 109, 110, 111, 112, 114, 115, 117, 118, 120, 121, 122, 123, 124, 125, 126, 127, 128, 129, 130, 131, 132, 133, 134, 136, 139, 141, 142, 143, 144, 146, 147, 148, 152, 153, 154, 156, 157, 158, 159, 160, 161, 162, 163, 164, 167, 168, 170, 171, 172, 173, 174, 175, 177, 178, 179, 180, 181, 182, 184, 185, 187, 189, 190, 191, 193, 196, 198, 200, 201, 202, 207, 208, 209, 210, 211, 213, 214, 215, 217, 218, 219, 220, 221, 222, 224, 226, 227, 229, 230, 232, 233, 234, 236, 237, 238, 240, 243, 282, 284, 285, 286, 287, 294, 297, 324, 326, 327, 329, 330, 331, 333, 334, 335, 336, 337, 338, 339, 341, 342, 344, 345, 346, 347, 348, 349, 350, 351, 352, 354, 357, 359, 361, 362, 369, 370, 377, 378, 379, 386, 387, 397, 398, 399, 406, 407, 416], "summary": {"covered_lines": 222, "num_statements": 222, "percent_covered": 99.31972789115646, "percent_covered_display": "99", "missing_lines": 0, "excluded_lines": 0, "percent_statements_covered": 100.0, "percent_statements_covered_display": "100", "num_branches": 72, "num_partial_branches": 2, "covered_branches": 70, "missing_branches": 2, "percent_branches_covered": 97.22222222222223, "percent_branches_covered_display": "97"}, "missing_lines": [], "excluded_lines": [], "start_line": 1, "executed_branches": [[75, 76], [75, 84], [77, 75], [77, 78], [108, 109], [108, 110], [124, 125], [124, 136], [126, 124], [126, 127], [128, 126], [128, 129], [146, 147], [146, 193], [160, 161], [160, 162], [172, 173], [174, 175], [174, 177], [177, 178], [177, 184], [178, 179], [178, 181], [181, 177], [181, 182], [184, 185], [184, 187], [208, 209], [208, 229], [232, 233], [232, 234], [285, 286], [285, 294], [329, 330], [329, 344], [330, 331], [330, 333], [333, 334], [333, 341], [335, 336], [335, 341], [336, 335], [336, 337], [341, 329], [341, 342], [344, 345], [344, 354], [345, 346], [345, 347], [347, 344], [347, 348], [348, 344], [348, 349], [349, 348], [349, 350], [361, 362], [361, 369], [369, 370], [369, 377], [377, 378], [377, 386], [378, 379], [378, 386], [386, 387], [386, 397], [397, 398], [397, 406], [398, 399], [406, 407], [406, 416]], "missing_branches": [[172, 177], [398, 397]]}}}, "utils/mobile_utils.py": {"executed_lines": [1, 2, 3, 4, 5, 6, 7, 8, 9, 11, 14, 15, 17, 18, 19, 20, 21, 22, 23, 24, 25, 26, 29, 30, 32, 33, 34, 35, 36, 37, 38, 39, 42, 58, 73, 79, 80, 81, 82, 83, 84, 86, 87, 88, 89, 90, 91, 92, 94, 97, 98, 99, 102, 104, 105, 106, 107, 108, 110, 111, 112, 113, 114, 115, 118, 119, 120, 122, 123, 124, 125, 126, 127, 129, 131, 132, 134, 137, 139, 140, 142, 143, 144, 145, 147, 148, 149, 150, 151, 152, 153, 154, 155, 156, 157, 158, 159, 161, 162, 163, 165, 167, 168, 169, 171, 174, 175, 176, 177, 178, 179, 181, 182, 183, 185, 186, 187, 189, 190, 191, 193, 194, 195, 196, 198, 199, 200, 202, 203, 205, 209, 211, 212, 213, 215, 216, 218, 221, 222, 227, 230, 231, 232, 233, 234, 235, 236, 238, 239, 240, 241, 242, 243, 245, 246, 247, 248, 249, 251, 254, 255, 257, 258, 264, 265, 271, 272, 273, 274, 281, 282, 289, 290, 297, 298, 305, 306, 313, 314, 321, 324, 325, 327, 328, 334, 335, 336, 337, 344, 351, 352, 359, 362, 363, 364, 365, 366, 367, 368, 369, 375, 378, 379, 380, 381, 382, 383, 384, 385, 386, 387, 388, 389, 390, 391, 392, 393, 394, 395, 396, 399, 400, 402, 403, 404, 405, 407, 408, 409, 410, 411, 413], "summary": {"covered_lines": 232, "num_statements": 232, "percent_covered": 99.6774193548387, "percent_covered_display": "99", "missing_lines": 0, "excluded_lines": 0, "percent_statements_covered": 100.0, "percent_statements_covered_display": "100", "num_branches": 78, "num_partial_branches": 1, "covered_branches": 77, "missing_branches": 1, "percent_branches_covered": 98.71794871794872, "percent_branches_covered_display": "99"}, "missing_lines": [], "excluded_lines": [], "executed_branches": [[82, 83], [82, 86], [88, 89], [88, 94], [118, 119], [118, 122], [124, 125], [124, 129], [148, 149], [148, 161], [150, 151], [150, 152], [182, 183], [186, 187], [186, 189], [190, 191], [190, 193], [194, 195], [194, 198], [199, 200], [199, 202], [239, 240], [239, 245], [242, 243], [242, 245], [246, 247], [246, 251], [247, 246], [247, 248], [248, 246], [248, 249], [257, 258], [257, 264], [264, 265], [264, 271], [271, 272], [271, 289], [272, 273], [272, 281], [289, 290], [289, 297], [297, 298], [297, 305], [305, 306], [305, 313], [313, 314], [313, 321], [327, 328], [327, 334], [334, 335], [334, 351], [335, 336], [335, 351], [336, 337], [336, 344], [351, 352], [351, 359], [364, 365], [364, 375], [366, 364], [366, 367], [367, 368], [367, 369], [380, 381], [380, 396], [382, 383], [382, 384], [402, 403], [402, 407], [404, 402], [404, 405], [407, 408], [407, 413], [409, 407], [409, 410], [410, 409], [410, 411]], "missing_branches": [[182, 185]], "functions": {"_safe_extract": {"executed_lines": [79, 80, 81, 82, 83, 84, 86, 87, 88, 89, 90, 91, 92, 94, 97, 98, 99], "summary": {"covered_lines": 17, "num_statements": 17, "percent_covered": 100.0, "percent_covered_display": "100", "missing_lines": 0, "excluded_lines": 0, "percent_statements_covered": 100.0, "percent_statements_covered_display": "100", "num_branches": 4, "num_partial_branches": 0, "covered_branches": 4, "missing_branches": 0, "percent_branches_covered": 100.0, "percent_branches_covered_display": "100"}, "missing_lines": [], "excluded_lines": [], "start_line": 73, "executed_branches": [[82, 83], [82, 86], [88, 89], [88, 94]], "missing_branches": []}, "analyze_apk": {"executed_lines": [104, 105, 106, 107, 108, 110, 111, 112, 113, 114, 115, 118, 119, 120, 122, 123, 124, 125, 126, 127, 129, 131, 132, 134], "summary": {"covered_lines": 24, "num_statements": 24, "percent_covered": 100.0, "percent_covered_display": "100", "missing_lines": 0, "excluded_lines": 0, "percent_statements_covered": 100.0, "percent_statements_covered_display": "100", "num_branches": 4, "num_partial_branches": 0, "covered_branches": 4, "missing_branches": 0, "percent_branches_covered": 100.0, "percent_branches_covered_display": "100"}, "missing_lines": [], "excluded_lines": [], "start_line": 102, "executed_branches": [[118, 119], [118, 122], [124, 125], [124, 129]], "missing_branches": []}, "analyze_ipa": {"executed_lines": [139, 140, 142, 143, 144, 145, 147, 148, 149, 150, 151, 152, 153, 154, 155, 156, 157, 158, 159, 161, 162, 163, 165, 167, 168, 169, 171], "summary": {"covered_lines": 27, "num_statements": 27, "percent_covered": 100.0, "percent_covered_display": "100", "missing_lines": 0, "excluded_lines": 0, "percent_statements_covered": 100.0, "percent_statements_covered_display": "100", "num_branches": 4, "num_partial_branches": 0, "covered_branches": 4, "missing_branches": 0, "percent_branches_covered": 100.0, "percent_branches_covered_display": "100"}, "missing_lines": [], "excluded_lines": [], "start_line": 137, "executed_branches": [[148, 149], [148, 161], [150, 151], [150, 152]], "missing_branches": []}, "_parse_android_manifest": {"executed_lines": [175, 176, 177, 178, 179, 181, 182, 183, 185, 186, 187, 189, 190, 191, 193, 194, 195, 196, 198, 199, 200, 202, 203, 205, 209, 211, 212, 213, 215, 216, 218], "summary": {"covered_lines": 31, "num_statements": 31, "percent_covered": 97.5609756097561, "percent_covered_display": "98", "missing_lines": 0, "excluded_lines": 0, "percent_statements_covered": 100.0, "percent_statements_covered_display": "100", "num_branches": 10, "num_partial_branches": 1, "covered_branches": 9, "missing_branches": 1, "percent_branches_covered": 90.0, "percent_branches_covered_display": "90"}, "missing_lines": [], "excluded_lines": [], "start_line": 174, "executed_branches": [[182, 183], [186, 187], [186, 189], [190, 191], [190, 193], [194, 195], [194, 198], [199, 200], [199, 202]], "missing_branches": [[182, 185]]}, "_sdk_to_android_version": {"executed_lines": [222, 227], "summary": {"covered_lines": 2, "num_statements": 2, "percent_covered": 100.0, "percent_covered_display": "100", "missing_lines": 0, "excluded_lines": 0, "percent_statements_covered": 100.0, "percent_statements_covered_display": "100", "num_branches": 0, "num_partial_branches": 0, "covered_branches": 0, "missing_branches": 0, "percent_branches_covered": 100.0, "percent_branches_covered_display": "100"}, "missing_lines": [], "excluded_lines": [], "start_line": 221, "executed_branches": [], "missing_branches": []}, "_parse_ios_plist": {"executed_lines": [231, 232, 233, 234, 235, 236, 238, 239, 240, 241, 242, 243, 245, 246, 247, 248, 249, 251], "summary": {"covered_lines": 18, "num_statements": 18, "percent_covered": 100.0, "percent_covered_display": "100", "missing_lines": 0, "excluded_lines": 0, "percent_statements_covered": 100.0, "percent_statements_covered_display": "100", "num_branches": 10, "num_partial_branches": 0, "covered_branches": 10, "missing_branches": 0, "percent_branches_covered": 100.0, "percent_branches_covered_display": "100"}, "missing_lines": [], "excluded_lines": [], "start_line": 230, "executed_branches": [[239, 240], [239, 245], [242, 243], [242, 245], [246, 247], [246, 251], [247, 246], [247, 248], [248, 246], [248, 249]], "missing_branches": []}, "_build_android_findings": {"executed_lines": [255, 257, 258, 264, 265, 271, 272, 273, 274, 281, 282, 289, 290, 297, 298, 305, 306, 313, 314, 321], "summary": {"covered_lines": 20, "num_statements": 20, "percent_covered": 100.0, "percent_covered_display": "100", "missing_lines": 0, "excluded_lines": 0, "percent_statements_covered": 100.0, "percent_statements_covered_display": "100", "num_branches": 16, "num_partial_branches": 0, "covered_branches": 16, "missing_branches": 0, "percent_branches_covered": 100.0, "percent_branches_covered_display": "100"}, "missing_lines": [], "excluded_lines": [], "start_line": 254, "executed_branches": [[257, 258], [257, 264], [264, 265], [264, 271], [271, 272], [271, 289], [272, 273], [272, 281], [289, 290], [289, 297], [297, 298], [297, 305], [305, 306], [305, 313], [313, 314], [313, 321]], "missing_branches": []}, "_build_ios_findings": {"executed_lines": [325, 327, 328, 334, 335, 336, 337, 344, 351, 352, 359], "summary": {"covered_lines": 11, "num_statements": 11, "percent_covered": 100.0, "percent_covered_display": "100", "missing_lines": 0, "excluded_lines": 0, "percent_statements_covered": 100.0, "percent_statements_covered_display": "100", "num_branches": 10, "num_partial_branches": 0, "covered_branches": 10, "missing_branches": 0, "percent_branches_covered": 100.0, "percent_branches_covered_display": "100"}, "missing_lines": [], "excluded_lines": [], "start_line": 324, "executed_branches": [[327, 328], [327, 334], [334, 335], [334, 351], [335, 336], [335, 351], [336, 337], [336, 344], [351, 352], [351, 359]], "missing_branches": []}, "_scan_secrets": {"executed_lines": [363, 364, 365, 366, 367, 368, 369, 375], "summary": {"covered_lines": 8, "num_statements": 8, "percent_covered": 100.0, "percent_covered_display": "100", "missing_lines": 0, "excluded_lines": 0, "percent_statements_covered": 100.0, "percent_statements_covered_display": "100", "num_branches": 6, "num_partial_branches": 0, "covered_branches": 6, "missing_branches": 0, "percent_branches_covered": 100.0, "percent_branches_covered_display": "100"}, "missing_lines": [], "excluded_lines": [], "start_line": 362, "executed_branches": [[364, 365], [364, 375], [366, 364], [366, 367], [367, 368], [367, 369]], "missing_branches": []}, "_extract_text_from_zip": {"executed_lines": [379, 380, 381, 382, 383, 384, 385, 386, 387, 388, 389, 390, 391, 392, 393, 394, 395, 396], "summary": {"covered_lines": 18, "num_statements": 18, "percent_covered": 100.0, "percent_covered_display": "100", "missing_lines": 0, "excluded_lines": 0, "percent_statements_covered": 100.0, "percent_statements_covered_display": "100", "num_branches": 4, "num_partial_branches": 0, "covered_branches": 4, "missing_branches": 0, "percent_branches_covered": 100.0, "percent_branches_covered_display": "100"}, "missing_lines": [], "excluded_lines": [], "start_line": 378, "executed_branches": [[380, 381], [380, 396], [382, 383], [382, 384]], "missing_branches": []}, "_extract_library_names": {"executed_lines": [400, 402, 403, 404, 405, 407, 408, 409, 410, 411, 413], "summary": {"covered_lines": 11, "num_statements": 11, "percent_covered": 100.0, "percent_covered_display": "100", "missing_lines": 0, "excluded_lines": 0, "percent_statements_covered": 100.0, "percent_statements_covered_display": "100", "num_branches": 10, "num_partial_branches": 0, "covered_branches": 10, "missing_branches": 0, "percent_branches_covered": 100.0, "percent_branches_covered_display": "100"}, "missing_lines": [], "excluded_lines": [], "start_line": 399, "executed_branches": [[402, 403], [402, 407], [404, 402], [404, 405], [407, 408], [407, 413], [409, 407], [409, 410], [410, 409], [410, 411]], "missing_branches": []}, "": {"executed_lines": [1, 2, 3, 4, 5, 6, 7, 8, 9, 11, 14, 15, 17, 18, 19, 20, 21, 22, 23, 24, 25, 26, 29, 30, 32, 33, 34, 35, 36, 37, 38, 39, 42, 58, 73, 102, 137, 174, 221, 230, 254, 324, 362, 378, 399], "summary": {"covered_lines": 45, "num_statements": 45, "percent_covered": 100.0, "percent_covered_display": "100", "missing_lines": 0, "excluded_lines": 0, "percent_statements_covered": 100.0, "percent_statements_covered_display": "100", "num_branches": 0, "num_partial_branches": 0, "covered_branches": 0, "missing_branches": 0, "percent_branches_covered": 100.0, "percent_branches_covered_display": "100"}, "missing_lines": [], "excluded_lines": [], "start_line": 1, "executed_branches": [], "missing_branches": []}}, "classes": {"AndroidManifestInfo": {"executed_lines": [], "summary": {"covered_lines": 0, "num_statements": 0, "percent_covered": 100.0, "percent_covered_display": "100", "missing_lines": 0, "excluded_lines": 0, "percent_statements_covered": 100.0, "percent_statements_covered_display": "100", "num_branches": 0, "num_partial_branches": 0, "covered_branches": 0, "missing_branches": 0, "percent_branches_covered": 100.0, "percent_branches_covered_display": "100"}, "missing_lines": [], "excluded_lines": [], "start_line": 15, "executed_branches": [], "missing_branches": []}, "IpaInfo": {"executed_lines": [], "summary": {"covered_lines": 0, "num_statements": 0, "percent_covered": 100.0, "percent_covered_display": "100", "missing_lines": 0, "excluded_lines": 0, "percent_statements_covered": 100.0, "percent_statements_covered_display": "100", "num_branches": 0, "num_partial_branches": 0, "covered_branches": 0, "missing_branches": 0, "percent_branches_covered": 100.0, "percent_branches_covered_display": "100"}, "missing_lines": [], "excluded_lines": [], "start_line": 30, "executed_branches": [], "missing_branches": []}, "": {"executed_lines": [1, 2, 3, 4, 5, 6, 7, 8, 9, 11, 14, 15, 17, 18, 19, 20, 21, 22, 23, 24, 25, 26, 29, 30, 32, 33, 34, 35, 36, 37, 38, 39, 42, 58, 73, 79, 80, 81, 82, 83, 84, 86, 87, 88, 89, 90, 91, 92, 94, 97, 98, 99, 102, 104, 105, 106, 107, 108, 110, 111, 112, 113, 114, 115, 118, 119, 120, 122, 123, 124, 125, 126, 127, 129, 131, 132, 134, 137, 139, 140, 142, 143, 144, 145, 147, 148, 149, 150, 151, 152, 153, 154, 155, 156, 157, 158, 159, 161, 162, 163, 165, 167, 168, 169, 171, 174, 175, 176, 177, 178, 179, 181, 182, 183, 185, 186, 187, 189, 190, 191, 193, 194, 195, 196, 198, 199, 200, 202, 203, 205, 209, 211, 212, 213, 215, 216, 218, 221, 222, 227, 230, 231, 232, 233, 234, 235, 236, 238, 239, 240, 241, 242, 243, 245, 246, 247, 248, 249, 251, 254, 255, 257, 258, 264, 265, 271, 272, 273, 274, 281, 282, 289, 290, 297, 298, 305, 306, 313, 314, 321, 324, 325, 327, 328, 334, 335, 336, 337, 344, 351, 352, 359, 362, 363, 364, 365, 366, 367, 368, 369, 375, 378, 379, 380, 381, 382, 383, 384, 385, 386, 387, 388, 389, 390, 391, 392, 393, 394, 395, 396, 399, 400, 402, 403, 404, 405, 407, 408, 409, 410, 411, 413], "summary": {"covered_lines": 232, "num_statements": 232, "percent_covered": 99.6774193548387, "percent_covered_display": "99", "missing_lines": 0, "excluded_lines": 0, "percent_statements_covered": 100.0, "percent_statements_covered_display": "100", "num_branches": 78, "num_partial_branches": 1, "covered_branches": 77, "missing_branches": 1, "percent_branches_covered": 98.71794871794872, "percent_branches_covered_display": "99"}, "missing_lines": [], "excluded_lines": [], "start_line": 1, "executed_branches": [[82, 83], [82, 86], [88, 89], [88, 94], [118, 119], [118, 122], [124, 125], [124, 129], [148, 149], [148, 161], [150, 151], [150, 152], [182, 183], [186, 187], [186, 189], [190, 191], [190, 193], [194, 195], [194, 198], [199, 200], [199, 202], [239, 240], [239, 245], [242, 243], [242, 245], [246, 247], [246, 251], [247, 246], [247, 248], [248, 246], [248, 249], [257, 258], [257, 264], [264, 265], [264, 271], [271, 272], [271, 289], [272, 273], [272, 281], [289, 290], [289, 297], [297, 298], [297, 305], [305, 306], [305, 313], [313, 314], [313, 321], [327, 328], [327, 334], [334, 335], [334, 351], [335, 336], [335, 351], [336, 337], [336, 344], [351, 352], [351, 359], [364, 365], [364, 375], [366, 364], [366, 367], [367, 368], [367, 369], [380, 381], [380, 396], [382, 383], [382, 384], [402, 403], [402, 407], [404, 402], [404, 405], [407, 408], [407, 413], [409, 407], [409, 410], [410, 409], [410, 411]], "missing_branches": [[182, 185]]}}}, "utils/nmap_runner.py": {"executed_lines": [1, 2, 3, 4, 6, 9, 10, 12, 13, 14, 15, 16, 17, 18, 21, 22, 24, 25, 26, 27, 28, 29, 30, 33, 34, 36, 37, 40, 42, 43, 44, 45, 46, 47, 49, 50, 52, 53, 54, 56, 57, 58, 59, 60, 61, 62, 63, 65, 66, 67, 68, 69, 73, 74, 75, 76, 77, 78, 80, 81, 82, 84, 85, 87, 88, 90, 91, 92, 93, 94, 96, 105, 107, 109, 112, 114, 115, 126, 132, 133, 135, 136, 137, 139, 140, 141, 149, 154, 155, 157, 160, 162, 164, 165, 166, 168, 169, 176, 177, 186], "summary": {"covered_lines": 100, "num_statements": 101, "percent_covered": 94.96402877697842, "percent_covered_display": "95", "missing_lines": 1, "excluded_lines": 0, "percent_statements_covered": 99.00990099009901, "percent_statements_covered_display": "99", "num_branches": 38, "num_partial_branches": 6, "covered_branches": 32, "missing_branches": 6, "percent_branches_covered": 84.21052631578948, "percent_branches_covered_display": "84"}, "missing_lines": [71], "excluded_lines": [], "executed_branches": [[49, 50], [49, 109], [53, 54], [56, 57], [56, 65], [59, 60], [59, 61], [61, 62], [66, 67], [67, 68], [67, 73], [68, 69], [74, 75], [74, 80], [75, 76], [76, 77], [80, 81], [80, 107], [87, 88], [87, 90], [135, 136], [135, 157], [139, 140], [139, 157], [164, 165], [164, 186], [165, 166], [165, 168], [168, 169], [168, 176], [176, 164], [176, 177]], "missing_branches": [[53, 56], [61, 56], [66, 73], [68, 71], [75, 80], [76, 75]], "functions": {"parse_nmap_xml": {"executed_lines": [42, 43, 44, 45, 46, 47, 49, 50, 52, 53, 54, 56, 57, 58, 59, 60, 61, 62, 63, 65, 66, 67, 68, 69, 73, 74, 75, 76, 77, 78, 80, 81, 82, 84, 85, 87, 88, 90, 91, 92, 93, 94, 96, 105, 107, 109], "summary": {"covered_lines": 46, "num_statements": 47, "percent_covered": 90.41095890410959, "percent_covered_display": "90", "missing_lines": 1, "excluded_lines": 0, "percent_statements_covered": 97.87234042553192, "percent_statements_covered_display": "98", "num_branches": 26, "num_partial_branches": 6, "covered_branches": 20, "missing_branches": 6, "percent_branches_covered": 76.92307692307692, "percent_branches_covered_display": "77"}, "missing_lines": [71], "excluded_lines": [], "start_line": 40, "executed_branches": [[49, 50], [49, 109], [53, 54], [56, 57], [56, 65], [59, 60], [59, 61], [61, 62], [66, 67], [67, 68], [67, 73], [68, 69], [74, 75], [74, 80], [75, 76], [76, 77], [80, 81], [80, 107], [87, 88], [87, 90]], "missing_branches": [[53, 56], [61, 56], [66, 73], [68, 71], [75, 80], [76, 75]]}, "run_nmap": {"executed_lines": [114, 115, 126, 132, 133, 135, 136, 137, 139, 140, 141, 149, 154, 155, 157], "summary": {"covered_lines": 15, "num_statements": 15, "percent_covered": 100.0, "percent_covered_display": "100", "missing_lines": 0, "excluded_lines": 0, "percent_statements_covered": 100.0, "percent_statements_covered_display": "100", "num_branches": 4, "num_partial_branches": 0, "covered_branches": 4, "missing_branches": 0, "percent_branches_covered": 100.0, "percent_branches_covered_display": "100"}, "missing_lines": [], "excluded_lines": [], "start_line": 112, "executed_branches": [[135, 136], [135, 157], [139, 140], [139, 157]], "missing_branches": []}, "findings_from_nmap": {"executed_lines": [162, 164, 165, 166, 168, 169, 176, 177, 186], "summary": {"covered_lines": 9, "num_statements": 9, "percent_covered": 100.0, "percent_covered_display": "100", "missing_lines": 0, "excluded_lines": 0, "percent_statements_covered": 100.0, "percent_statements_covered_display": "100", "num_branches": 8, "num_partial_branches": 0, "covered_branches": 8, "missing_branches": 0, "percent_branches_covered": 100.0, "percent_branches_covered_display": "100"}, "missing_lines": [], "excluded_lines": [], "start_line": 160, "executed_branches": [[164, 165], [164, 186], [165, 166], [165, 168], [168, 169], [168, 176], [176, 164], [176, 177]], "missing_branches": []}, "": {"executed_lines": [1, 2, 3, 4, 6, 9, 10, 12, 13, 14, 15, 16, 17, 18, 21, 22, 24, 25, 26, 27, 28, 29, 30, 33, 34, 36, 37, 40, 112, 160], "summary": {"covered_lines": 30, "num_statements": 30, "percent_covered": 100.0, "percent_covered_display": "100", "missing_lines": 0, "excluded_lines": 0, "percent_statements_covered": 100.0, "percent_statements_covered_display": "100", "num_branches": 0, "num_partial_branches": 0, "covered_branches": 0, "missing_branches": 0, "percent_branches_covered": 100.0, "percent_branches_covered_display": "100"}, "missing_lines": [], "excluded_lines": [], "start_line": 1, "executed_branches": [], "missing_branches": []}}, "classes": {"PortInfo": {"executed_lines": [], "summary": {"covered_lines": 0, "num_statements": 0, "percent_covered": 100.0, "percent_covered_display": "100", "missing_lines": 0, "excluded_lines": 0, "percent_statements_covered": 100.0, "percent_statements_covered_display": "100", "num_branches": 0, "num_partial_branches": 0, "covered_branches": 0, "missing_branches": 0, "percent_branches_covered": 100.0, "percent_branches_covered_display": "100"}, "missing_lines": [], "excluded_lines": [], "start_line": 10, "executed_branches": [], "missing_branches": []}, "HostInfo": {"executed_lines": [], "summary": {"covered_lines": 0, "num_statements": 0, "percent_covered": 100.0, "percent_covered_display": "100", "missing_lines": 0, "excluded_lines": 0, "percent_statements_covered": 100.0, "percent_statements_covered_display": "100", "num_branches": 0, "num_partial_branches": 0, "covered_branches": 0, "missing_branches": 0, "percent_branches_covered": 100.0, "percent_branches_covered_display": "100"}, "missing_lines": [], "excluded_lines": [], "start_line": 22, "executed_branches": [], "missing_branches": []}, "NmapResult": {"executed_lines": [], "summary": {"covered_lines": 0, "num_statements": 0, "percent_covered": 100.0, "percent_covered_display": "100", "missing_lines": 0, "excluded_lines": 0, "percent_statements_covered": 100.0, "percent_statements_covered_display": "100", "num_branches": 0, "num_partial_branches": 0, "covered_branches": 0, "missing_branches": 0, "percent_branches_covered": 100.0, "percent_branches_covered_display": "100"}, "missing_lines": [], "excluded_lines": [], "start_line": 34, "executed_branches": [], "missing_branches": []}, "": {"executed_lines": [1, 2, 3, 4, 6, 9, 10, 12, 13, 14, 15, 16, 17, 18, 21, 22, 24, 25, 26, 27, 28, 29, 30, 33, 34, 36, 37, 40, 42, 43, 44, 45, 46, 47, 49, 50, 52, 53, 54, 56, 57, 58, 59, 60, 61, 62, 63, 65, 66, 67, 68, 69, 73, 74, 75, 76, 77, 78, 80, 81, 82, 84, 85, 87, 88, 90, 91, 92, 93, 94, 96, 105, 107, 109, 112, 114, 115, 126, 132, 133, 135, 136, 137, 139, 140, 141, 149, 154, 155, 157, 160, 162, 164, 165, 166, 168, 169, 176, 177, 186], "summary": {"covered_lines": 100, "num_statements": 101, "percent_covered": 94.96402877697842, "percent_covered_display": "95", "missing_lines": 1, "excluded_lines": 0, "percent_statements_covered": 99.00990099009901, "percent_statements_covered_display": "99", "num_branches": 38, "num_partial_branches": 6, "covered_branches": 32, "missing_branches": 6, "percent_branches_covered": 84.21052631578948, "percent_branches_covered_display": "84"}, "missing_lines": [71], "excluded_lines": [], "start_line": 1, "executed_branches": [[49, 50], [49, 109], [53, 54], [56, 57], [56, 65], [59, 60], [59, 61], [61, 62], [66, 67], [67, 68], [67, 73], [68, 69], [74, 75], [74, 80], [75, 76], [76, 77], [80, 81], [80, 107], [87, 88], [87, 90], [135, 136], [135, 157], [139, 140], [139, 157], [164, 165], [164, 186], [165, 166], [165, 168], [168, 169], [168, 176], [176, 164], [176, 177]], "missing_branches": [[53, 56], [61, 56], [66, 73], [68, 71], [75, 80], [76, 75]]}}}, "utils/severity.py": {"executed_lines": [1, 4, 6, 7, 8, 9, 10, 11, 12, 13, 14, 15, 16, 19, 21, 22, 23, 24, 25, 26, 36, 39, 41], "summary": {"covered_lines": 23, "num_statements": 23, "percent_covered": 100.0, "percent_covered_display": "100", "missing_lines": 0, "excluded_lines": 0, "percent_statements_covered": 100.0, "percent_statements_covered_display": "100", "num_branches": 14, "num_partial_branches": 0, "covered_branches": 14, "missing_branches": 0, "percent_branches_covered": 100.0, "percent_branches_covered_display": "100"}, "missing_lines": [], "excluded_lines": [], "executed_branches": [[6, 7], [6, 8], [8, 9], [8, 10], [10, 11], [10, 12], [12, 13], [12, 14], [14, 15], [14, 16], [22, 23], [22, 26], [24, 22], [24, 25]], "missing_branches": [], "functions": {"classify_severity": {"executed_lines": [6, 7, 8, 9, 10, 11, 12, 13, 14, 15, 16], "summary": {"covered_lines": 11, "num_statements": 11, "percent_covered": 100.0, "percent_covered_display": "100", "missing_lines": 0, "excluded_lines": 0, "percent_statements_covered": 100.0, "percent_statements_covered_display": "100", "num_branches": 10, "num_partial_branches": 0, "covered_branches": 10, "missing_branches": 0, "percent_branches_covered": 100.0, "percent_branches_covered_display": "100"}, "missing_lines": [], "excluded_lines": [], "start_line": 4, "executed_branches": [[6, 7], [6, 8], [8, 9], [8, 10], [10, 11], [10, 12], [12, 13], [12, 14], [14, 15], [14, 16]], "missing_branches": []}, "compute_severity_summary": {"executed_lines": [21, 22, 23, 24, 25, 26], "summary": {"covered_lines": 6, "num_statements": 6, "percent_covered": 100.0, "percent_covered_display": "100", "missing_lines": 0, "excluded_lines": 0, "percent_statements_covered": 100.0, "percent_statements_covered_display": "100", "num_branches": 4, "num_partial_branches": 0, "covered_branches": 4, "missing_branches": 0, "percent_branches_covered": 100.0, "percent_branches_covered_display": "100"}, "missing_lines": [], "excluded_lines": [], "start_line": 19, "executed_branches": [[22, 23], [22, 26], [24, 22], [24, 25]], "missing_branches": []}, "sort_findings_by_severity": {"executed_lines": [41], "summary": {"covered_lines": 1, "num_statements": 1, "percent_covered": 100.0, "percent_covered_display": "100", "missing_lines": 0, "excluded_lines": 0, "percent_statements_covered": 100.0, "percent_statements_covered_display": "100", "num_branches": 0, "num_partial_branches": 0, "covered_branches": 0, "missing_branches": 0, "percent_branches_covered": 100.0, "percent_branches_covered_display": "100"}, "missing_lines": [], "excluded_lines": [], "start_line": 39, "executed_branches": [], "missing_branches": []}, "": {"executed_lines": [1, 4, 19, 36, 39], "summary": {"covered_lines": 5, "num_statements": 5, "percent_covered": 100.0, "percent_covered_display": "100", "missing_lines": 0, "excluded_lines": 0, "percent_statements_covered": 100.0, "percent_statements_covered_display": "100", "num_branches": 0, "num_partial_branches": 0, "covered_branches": 0, "missing_branches": 0, "percent_branches_covered": 100.0, "percent_branches_covered_display": "100"}, "missing_lines": [], "excluded_lines": [], "start_line": 1, "executed_branches": [], "missing_branches": []}}, "classes": {"": {"executed_lines": [1, 4, 6, 7, 8, 9, 10, 11, 12, 13, 14, 15, 16, 19, 21, 22, 23, 24, 25, 26, 36, 39, 41], "summary": {"covered_lines": 23, "num_statements": 23, "percent_covered": 100.0, "percent_covered_display": "100", "missing_lines": 0, "excluded_lines": 0, "percent_statements_covered": 100.0, "percent_statements_covered_display": "100", "num_branches": 14, "num_partial_branches": 0, "covered_branches": 14, "missing_branches": 0, "percent_branches_covered": 100.0, "percent_branches_covered_display": "100"}, "missing_lines": [], "excluded_lines": [], "start_line": 1, "executed_branches": [[6, 7], [6, 8], [8, 9], [8, 10], [10, 11], [10, 12], [12, 13], [12, 14], [14, 15], [14, 16], [22, 23], [22, 26], [24, 22], [24, 25]], "missing_branches": []}}}}, "totals": {"covered_lines": 1147, "num_statements": 1149, "percent_covered": 98.97470950102529, "percent_covered_display": "99", "missing_lines": 2, "excluded_lines": 0, "percent_statements_covered": 99.82593559617058, "percent_statements_covered_display": "99", "num_branches": 314, "num_partial_branches": 13, "covered_branches": 301, "missing_branches": 13, "percent_branches_covered": 95.85987261146497, "percent_branches_covered_display": "96"}}