{"meta": {"format": 3, "version": "7.14.1", "timestamp": "2026-07-07T01:09:55.975268", "branch_coverage": true, "show_contexts": false}, "files": {"__init__.py": {"executed_lines": [], "summary": {"covered_lines": 0, "num_statements": 0, "percent_covered": 100.0, "percent_covered_display": "100", "missing_lines": 0, "excluded_lines": 0, "percent_statements_covered": 100.0, "percent_statements_covered_display": "100", "num_branches": 0, "num_partial_branches": 0, "covered_branches": 0, "missing_branches": 0, "percent_branches_covered": 100.0, "percent_branches_covered_display": "100"}, "missing_lines": [], "excluded_lines": [], "executed_branches": [], "missing_branches": [], "functions": {"": {"executed_lines": [], "summary": {"covered_lines": 0, "num_statements": 0, "percent_covered": 100.0, "percent_covered_display": "100", "missing_lines": 0, "excluded_lines": 0, "percent_statements_covered": 100.0, "percent_statements_covered_display": "100", "num_branches": 0, "num_partial_branches": 0, "covered_branches": 0, "missing_branches": 0, "percent_branches_covered": 100.0, "percent_branches_covered_display": "100"}, "missing_lines": [], "excluded_lines": [], "start_line": 1, "executed_branches": [], "missing_branches": []}}, "classes": {"": {"executed_lines": [], "summary": {"covered_lines": 0, "num_statements": 0, "percent_covered": 100.0, "percent_covered_display": "100", "missing_lines": 0, "excluded_lines": 0, "percent_statements_covered": 100.0, "percent_statements_covered_display": "100", "num_branches": 0, "num_partial_branches": 0, "covered_branches": 0, "missing_branches": 0, "percent_branches_covered": 100.0, "percent_branches_covered_display": "100"}, "missing_lines": [], "excluded_lines": [], "start_line": 1, "executed_branches": [], "missing_branches": []}}}, "tasks/__init__.py": {"executed_lines": [], "summary": {"covered_lines": 0, "num_statements": 0, "percent_covered": 100.0, "percent_covered_display": "100", "missing_lines": 0, "excluded_lines": 0, "percent_statements_covered": 100.0, "percent_statements_covered_display": "100", "num_branches": 0, "num_partial_branches": 0, "covered_branches": 0, "missing_branches": 0, "percent_branches_covered": 100.0, "percent_branches_covered_display": "100"}, "missing_lines": [], "excluded_lines": [], "executed_branches": [], "missing_branches": [], "functions": {"": {"executed_lines": [], "summary": {"covered_lines": 0, "num_statements": 0, "percent_covered": 100.0, "percent_covered_display": "100", "missing_lines": 0, "excluded_lines": 0, "percent_statements_covered": 100.0, "percent_statements_covered_display": "100", "num_branches": 0, "num_partial_branches": 0, "covered_branches": 0, "missing_branches": 0, "percent_branches_covered": 100.0, "percent_branches_covered_display": "100"}, "missing_lines": [], "excluded_lines": [], "start_line": 1, "executed_branches": [], "missing_branches": []}}, "classes": {"": {"executed_lines": [], "summary": {"covered_lines": 0, "num_statements": 0, "percent_covered": 100.0, "percent_covered_display": "100", "missing_lines": 0, "excluded_lines": 0, "percent_statements_covered": 100.0, "percent_statements_covered_display": "100", "num_branches": 0, "num_partial_branches": 0, "covered_branches": 0, "missing_branches": 0, "percent_branches_covered": 100.0, "percent_branches_covered_display": "100"}, "missing_lines": [], "excluded_lines": [], "start_line": 1, "executed_branches": [], "missing_branches": []}}}, "tasks/dead_letter.py": {"executed_lines": [1, 2, 3, 4, 6, 7, 8, 10, 11, 12, 15, 22], "summary": {"covered_lines": 12, "num_statements": 25, "percent_covered": 44.44444444444444, "percent_covered_display": "44", "missing_lines": 13, "excluded_lines": 0, "percent_statements_covered": 48.0, "percent_statements_covered_display": "48", "num_branches": 2, "num_partial_branches": 0, "covered_branches": 0, "missing_branches": 2, "percent_branches_covered": 0.0, "percent_branches_covered_display": "0"}, "missing_lines": [35, 43, 44, 52, 53, 54, 57, 58, 59, 60, 62, 67, 68], "excluded_lines": [], "executed_branches": [], "missing_branches": [[59, 60], [59, 62]], "functions": {"dead_letter_handler": {"executed_lines": [], "summary": {"covered_lines": 0, "num_statements": 13, "percent_covered": 0.0, "percent_covered_display": "0", "missing_lines": 13, "excluded_lines": 0, "percent_statements_covered": 0.0, "percent_statements_covered_display": "0", "num_branches": 2, "num_partial_branches": 0, "covered_branches": 0, "missing_branches": 2, "percent_branches_covered": 0.0, "percent_branches_covered_display": "0"}, "missing_lines": [35, 43, 44, 52, 53, 54, 57, 58, 59, 60, 62, 67, 68], "excluded_lines": [], "start_line": 22, "executed_branches": [], "missing_branches": [[59, 60], [59, 62]]}, "": {"executed_lines": [1, 2, 3, 4, 6, 7, 8, 10, 11, 12, 15, 22], "summary": {"covered_lines": 12, "num_statements": 12, "percent_covered": 100.0, "percent_covered_display": "100", "missing_lines": 0, "excluded_lines": 0, "percent_statements_covered": 100.0, "percent_statements_covered_display": "100", "num_branches": 0, "num_partial_branches": 0, "covered_branches": 0, "missing_branches": 0, "percent_branches_covered": 100.0, "percent_branches_covered_display": "100"}, "missing_lines": [], "excluded_lines": [], "start_line": 1, "executed_branches": [], "missing_branches": []}}, "classes": {"": {"executed_lines": [1, 2, 3, 4, 6, 7, 8, 10, 11, 12, 15, 22], "summary": {"covered_lines": 12, "num_statements": 25, "percent_covered": 44.44444444444444, "percent_covered_display": "44", "missing_lines": 13, "excluded_lines": 0, "percent_statements_covered": 48.0, "percent_statements_covered_display": "48", "num_branches": 2, "num_partial_branches": 0, "covered_branches": 0, "missing_branches": 2, "percent_branches_covered": 0.0, "percent_branches_covered_display": "0"}, "missing_lines": [35, 43, 44, 52, 53, 54, 57, 58, 59, 60, 62, 67, 68], "excluded_lines": [], "start_line": 1, "executed_branches": [], "missing_branches": [[59, 60], [59, 62]]}}}, "tasks/domain_scan.py": {"executed_lines": [], "summary": {"covered_lines": 0, "num_statements": 138, "percent_covered": 0.0, "percent_covered_display": "0", "missing_lines": 138, "excluded_lines": 0, "percent_statements_covered": 0.0, "percent_statements_covered_display": "0", "num_branches": 18, "num_partial_branches": 0, "covered_branches": 0, "missing_branches": 18, "percent_branches_covered": 0.0, "percent_branches_covered_display": "0"}, "missing_lines": [1, 2, 3, 4, 5, 6, 8, 9, 10, 11, 12, 14, 15, 16, 17, 26, 27, 28, 29, 32, 34, 35, 36, 40, 41, 44, 45, 46, 47, 48, 49, 50, 53, 54, 56, 57, 58, 59, 61, 63, 64, 65, 66, 68, 70, 71, 73, 74, 75, 77, 78, 79, 86, 87, 88, 89, 91, 92, 94, 95, 97, 127, 129, 130, 131, 132, 133, 134, 135, 136, 137, 139, 140, 141, 142, 143, 144, 145, 146, 149, 150, 151, 152, 153, 156, 157, 159, 160, 162, 163, 165, 168, 169, 171, 182, 190, 191, 192, 193, 194, 196, 197, 198, 199, 200, 201, 202, 203, 204, 205, 206, 207, 208, 209, 215, 218, 219, 221, 222, 225, 226, 228, 229, 230, 242, 245, 246, 247, 248, 250, 251, 252, 254, 255, 256, 258, 259, 266], "excluded_lines": [], "executed_branches": [], "missing_branches": [[58, 59], [58, 63], [87, 88], [87, 91], [141, 142], [141, 159], [142, 141], [142, 143], [150, 141], [150, 151], [208, 209], [208, 215], [228, -225], [228, 229], [251, 252], [251, 254], [255, 256], [255, 258]], "functions": {"publish_progress": {"executed_lines": [], "summary": {"covered_lines": 0, "num_statements": 5, "percent_covered": 0.0, "percent_covered_display": "0", "missing_lines": 5, "excluded_lines": 0, "percent_statements_covered": 0.0, "percent_statements_covered_display": "0", "num_branches": 0, "num_partial_branches": 0, "covered_branches": 0, "missing_branches": 0, "percent_branches_covered": 100.0, "percent_branches_covered_display": "100"}, "missing_lines": [34, 35, 36, 40, 41], "excluded_lines": [], "start_line": 32, "executed_branches": [], "missing_branches": []}, "_run_async": {"executed_lines": [], "summary": {"covered_lines": 0, "num_statements": 6, "percent_covered": 0.0, "percent_covered_display": "0", "missing_lines": 6, "excluded_lines": 0, "percent_statements_covered": 0.0, "percent_statements_covered_display": "0", "num_branches": 0, "num_partial_branches": 0, "covered_branches": 0, "missing_branches": 0, "percent_branches_covered": 100.0, "percent_branches_covered_display": "100"}, "missing_lines": [45, 46, 47, 48, 49, 50], "excluded_lines": [], "start_line": 44, "executed_branches": [], "missing_branches": []}, "run_domain_scan": {"executed_lines": [], "summary": {"covered_lines": 0, "num_statements": 81, "percent_covered": 0.0, "percent_covered_display": "0", "missing_lines": 81, "excluded_lines": 0, "percent_statements_covered": 0.0, "percent_statements_covered_display": "0", "num_branches": 12, "num_partial_branches": 0, "covered_branches": 0, "missing_branches": 12, "percent_branches_covered": 0.0, "percent_branches_covered_display": "0"}, "missing_lines": [56, 57, 58, 59, 61, 63, 64, 65, 66, 68, 70, 71, 73, 74, 75, 77, 78, 79, 86, 87, 88, 89, 91, 92, 94, 95, 97, 127, 129, 130, 131, 132, 133, 134, 135, 136, 137, 139, 140, 141, 142, 143, 144, 145, 146, 149, 150, 151, 152, 153, 156, 157, 159, 160, 162, 163, 165, 168, 169, 171, 182, 190, 191, 192, 193, 194, 196, 197, 198, 199, 200, 201, 202, 203, 204, 205, 206, 207, 208, 209, 215], "excluded_lines": [], "start_line": 54, "executed_branches": [], "missing_branches": [[58, 59], [58, 63], [87, 88], [87, 91], [141, 142], [141, 159], [142, 141], [142, 143], [150, 141], [150, 151], [208, 209], [208, 215]]}, "_update_status": {"executed_lines": [], "summary": {"covered_lines": 0, "num_statements": 3, "percent_covered": 0.0, "percent_covered_display": "0", "missing_lines": 3, "excluded_lines": 0, "percent_statements_covered": 0.0, "percent_statements_covered_display": "0", "num_branches": 0, "num_partial_branches": 0, "covered_branches": 0, "missing_branches": 0, "percent_branches_covered": 100.0, "percent_branches_covered_display": "100"}, "missing_lines": [219, 221, 222], "excluded_lines": [], "start_line": 218, "executed_branches": [], "missing_branches": []}, "_save_findings": {"executed_lines": [], "summary": {"covered_lines": 0, "num_statements": 5, "percent_covered": 0.0, "percent_covered_display": "0", "missing_lines": 5, "excluded_lines": 0, "percent_statements_covered": 0.0, "percent_statements_covered_display": "0", "num_branches": 2, "num_partial_branches": 0, "covered_branches": 0, "missing_branches": 2, "percent_branches_covered": 0.0, "percent_branches_covered_display": "0"}, "missing_lines": [226, 228, 229, 230, 242], "excluded_lines": [], "start_line": 225, "executed_branches": [], "missing_branches": [[228, -225], [228, 229]]}, "_refund_credits": {"executed_lines": [], "summary": {"covered_lines": 0, "num_statements": 12, "percent_covered": 0.0, "percent_covered_display": "0", "missing_lines": 12, "excluded_lines": 0, "percent_statements_covered": 0.0, "percent_statements_covered_display": "0", "num_branches": 4, "num_partial_branches": 0, "covered_branches": 0, "missing_branches": 4, "percent_branches_covered": 0.0, "percent_branches_covered_display": "0"}, "missing_lines": [246, 247, 248, 250, 251, 252, 254, 255, 256, 258, 259, 266], "excluded_lines": [], "start_line": 245, "executed_branches": [], "missing_branches": [[251, 252], [251, 254], [255, 256], [255, 258]]}, "": {"executed_lines": [], "summary": {"covered_lines": 0, "num_statements": 26, "percent_covered": 0.0, "percent_covered_display": "0", "missing_lines": 26, "excluded_lines": 0, "percent_statements_covered": 0.0, "percent_statements_covered_display": "0", "num_branches": 0, "num_partial_branches": 0, "covered_branches": 0, "missing_branches": 0, "percent_branches_covered": 100.0, "percent_branches_covered_display": "100"}, "missing_lines": [1, 2, 3, 4, 5, 6, 8, 9, 10, 11, 12, 14, 15, 16, 17, 26, 27, 28, 29, 32, 44, 53, 54, 218, 225, 245], "excluded_lines": [], "start_line": 1, "executed_branches": [], "missing_branches": []}}, "classes": {"": {"executed_lines": [], "summary": {"covered_lines": 0, "num_statements": 138, "percent_covered": 0.0, "percent_covered_display": "0", "missing_lines": 138, "excluded_lines": 0, "percent_statements_covered": 0.0, "percent_statements_covered_display": "0", "num_branches": 18, "num_partial_branches": 0, "covered_branches": 0, "missing_branches": 18, "percent_branches_covered": 0.0, "percent_branches_covered_display": "0"}, "missing_lines": [1, 2, 3, 4, 5, 6, 8, 9, 10, 11, 12, 14, 15, 16, 17, 26, 27, 28, 29, 32, 34, 35, 36, 40, 41, 44, 45, 46, 47, 48, 49, 50, 53, 54, 56, 57, 58, 59, 61, 63, 64, 65, 66, 68, 70, 71, 73, 74, 75, 77, 78, 79, 86, 87, 88, 89, 91, 92, 94, 95, 97, 127, 129, 130, 131, 132, 133, 134, 135, 136, 137, 139, 140, 141, 142, 143, 144, 145, 146, 149, 150, 151, 152, 153, 156, 157, 159, 160, 162, 163, 165, 168, 169, 171, 182, 190, 191, 192, 193, 194, 196, 197, 198, 199, 200, 201, 202, 203, 204, 205, 206, 207, 208, 209, 215, 218, 219, 221, 222, 225, 226, 228, 229, 230, 242, 245, 246, 247, 248, 250, 251, 252, 254, 255, 256, 258, 259, 266], "excluded_lines": [], "start_line": 1, "executed_branches": [], "missing_branches": [[58, 59], [58, 63], [87, 88], [87, 91], [141, 142], [141, 159], [142, 141], [142, 143], [150, 141], [150, 151], [208, 209], [208, 215], [228, -225], [228, 229], [251, 252], [251, 254], [255, 256], [255, 258]]}}}, "tasks/ip_scan.py": {"executed_lines": [], "summary": {"covered_lines": 0, "num_statements": 130, "percent_covered": 0.0, "percent_covered_display": "0", "missing_lines": 130, "excluded_lines": 0, "percent_statements_covered": 0.0, "percent_statements_covered_display": "0", "num_branches": 18, "num_partial_branches": 0, "covered_branches": 0, "missing_branches": 18, "percent_branches_covered": 0.0, "percent_branches_covered_display": "0"}, "missing_lines": [1, 2, 3, 4, 5, 6, 8, 9, 10, 11, 12, 14, 15, 16, 17, 18, 19, 20, 23, 25, 26, 27, 31, 32, 35, 36, 37, 38, 39, 40, 41, 44, 45, 47, 50, 52, 53, 54, 56, 58, 59, 60, 61, 62, 63, 64, 65, 66, 67, 68, 69, 75, 77, 78, 79, 85, 87, 88, 90, 91, 92, 93, 94, 95, 96, 97, 98, 99, 106, 107, 108, 109, 110, 114, 115, 117, 118, 122, 123, 125, 126, 128, 131, 132, 134, 143, 151, 152, 153, 154, 155, 157, 158, 159, 160, 161, 162, 163, 164, 165, 166, 167, 168, 169, 170, 176, 179, 180, 182, 183, 184, 187, 188, 190, 191, 192, 204, 207, 208, 209, 210, 212, 213, 214, 216, 217, 218, 220, 221, 228], "excluded_lines": [], "executed_branches": [], "missing_branches": [[68, 69], [68, 75], [92, 93], [92, 122], [93, 92], [93, 94], [95, 96], [95, 117], [107, 108], [107, 117], [169, 170], [169, 176], [190, -187], [190, 191], [213, 214], [213, 216], [217, 218], [217, 220]], "functions": {"publish_progress": {"executed_lines": [], "summary": {"covered_lines": 0, "num_statements": 5, "percent_covered": 0.0, "percent_covered_display": "0", "missing_lines": 5, "excluded_lines": 0, "percent_statements_covered": 0.0, "percent_statements_covered_display": "0", "num_branches": 0, "num_partial_branches": 0, "covered_branches": 0, "missing_branches": 0, "percent_branches_covered": 100.0, "percent_branches_covered_display": "100"}, "missing_lines": [25, 26, 27, 31, 32], "excluded_lines": [], "start_line": 23, "executed_branches": [], "missing_branches": []}, "_run_async": {"executed_lines": [], "summary": {"covered_lines": 0, "num_statements": 6, "percent_covered": 0.0, "percent_covered_display": "0", "missing_lines": 6, "excluded_lines": 0, "percent_statements_covered": 0.0, "percent_statements_covered_display": "0", "num_branches": 0, "num_partial_branches": 0, "covered_branches": 0, "missing_branches": 0, "percent_branches_covered": 100.0, "percent_branches_covered_display": "100"}, "missing_lines": [36, 37, 38, 39, 40, 41], "excluded_lines": [], "start_line": 35, "executed_branches": [], "missing_branches": []}, "run_ip_scan": {"executed_lines": [], "summary": {"covered_lines": 0, "num_statements": 73, "percent_covered": 0.0, "percent_covered_display": "0", "missing_lines": 73, "excluded_lines": 0, "percent_statements_covered": 0.0, "percent_statements_covered_display": "0", "num_branches": 12, "num_partial_branches": 0, "covered_branches": 0, "missing_branches": 12, "percent_branches_covered": 0.0, "percent_branches_covered_display": "0"}, "missing_lines": [47, 50, 52, 53, 54, 56, 58, 59, 60, 61, 62, 63, 64, 65, 66, 67, 68, 69, 75, 77, 78, 79, 85, 87, 88, 90, 91, 92, 93, 94, 95, 96, 97, 98, 99, 106, 107, 108, 109, 110, 114, 115, 117, 118, 122, 123, 125, 126, 128, 131, 132, 134, 143, 151, 152, 153, 154, 155, 157, 158, 159, 160, 161, 162, 163, 164, 165, 166, 167, 168, 169, 170, 176], "excluded_lines": [], "start_line": 45, "executed_branches": [], "missing_branches": [[68, 69], [68, 75], [92, 93], [92, 122], [93, 92], [93, 94], [95, 96], [95, 117], [107, 108], [107, 117], [169, 170], [169, 176]]}, "_update_status": {"executed_lines": [], "summary": {"covered_lines": 0, "num_statements": 4, "percent_covered": 0.0, "percent_covered_display": "0", "missing_lines": 4, "excluded_lines": 0, "percent_statements_covered": 0.0, "percent_statements_covered_display": "0", "num_branches": 0, "num_partial_branches": 0, "covered_branches": 0, "missing_branches": 0, "percent_branches_covered": 100.0, "percent_branches_covered_display": "100"}, "missing_lines": [180, 182, 183, 184], "excluded_lines": [], "start_line": 179, "executed_branches": [], "missing_branches": []}, "_save_findings": {"executed_lines": [], "summary": {"covered_lines": 0, "num_statements": 5, "percent_covered": 0.0, "percent_covered_display": "0", "missing_lines": 5, "excluded_lines": 0, "percent_statements_covered": 0.0, "percent_statements_covered_display": "0", "num_branches": 2, "num_partial_branches": 0, "covered_branches": 0, "missing_branches": 2, "percent_branches_covered": 0.0, "percent_branches_covered_display": "0"}, "missing_lines": [188, 190, 191, 192, 204], "excluded_lines": [], "start_line": 187, "executed_branches": [], "missing_branches": [[190, -187], [190, 191]]}, "_refund_credits": {"executed_lines": [], "summary": {"covered_lines": 0, "num_statements": 12, "percent_covered": 0.0, "percent_covered_display": "0", "missing_lines": 12, "excluded_lines": 0, "percent_statements_covered": 0.0, "percent_statements_covered_display": "0", "num_branches": 4, "num_partial_branches": 0, "covered_branches": 0, "missing_branches": 4, "percent_branches_covered": 0.0, "percent_branches_covered_display": "0"}, "missing_lines": [208, 209, 210, 212, 213, 214, 216, 217, 218, 220, 221, 228], "excluded_lines": [], "start_line": 207, "executed_branches": [], "missing_branches": [[213, 214], [213, 216], [217, 218], [217, 220]]}, "": {"executed_lines": [], "summary": {"covered_lines": 0, "num_statements": 25, "percent_covered": 0.0, "percent_covered_display": "0", "missing_lines": 25, "excluded_lines": 0, "percent_statements_covered": 0.0, "percent_statements_covered_display": "0", "num_branches": 0, "num_partial_branches": 0, "covered_branches": 0, "missing_branches": 0, "percent_branches_covered": 100.0, "percent_branches_covered_display": "100"}, "missing_lines": [1, 2, 3, 4, 5, 6, 8, 9, 10, 11, 12, 14, 15, 16, 17, 18, 19, 20, 23, 35, 44, 45, 179, 187, 207], "excluded_lines": [], "start_line": 1, "executed_branches": [], "missing_branches": []}}, "classes": {"": {"executed_lines": [], "summary": {"covered_lines": 0, "num_statements": 130, "percent_covered": 0.0, "percent_covered_display": "0", "missing_lines": 130, "excluded_lines": 0, "percent_statements_covered": 0.0, "percent_statements_covered_display": "0", "num_branches": 18, "num_partial_branches": 0, "covered_branches": 0, "missing_branches": 18, "percent_branches_covered": 0.0, "percent_branches_covered_display": "0"}, "missing_lines": [1, 2, 3, 4, 5, 6, 8, 9, 10, 11, 12, 14, 15, 16, 17, 18, 19, 20, 23, 25, 26, 27, 31, 32, 35, 36, 37, 38, 39, 40, 41, 44, 45, 47, 50, 52, 53, 54, 56, 58, 59, 60, 61, 62, 63, 64, 65, 66, 67, 68, 69, 75, 77, 78, 79, 85, 87, 88, 90, 91, 92, 93, 94, 95, 96, 97, 98, 99, 106, 107, 108, 109, 110, 114, 115, 117, 118, 122, 123, 125, 126, 128, 131, 132, 134, 143, 151, 152, 153, 154, 155, 157, 158, 159, 160, 161, 162, 163, 164, 165, 166, 167, 168, 169, 170, 176, 179, 180, 182, 183, 184, 187, 188, 190, 191, 192, 204, 207, 208, 209, 210, 212, 213, 214, 216, 217, 218, 220, 221, 228], "excluded_lines": [], "start_line": 1, "executed_branches": [], "missing_branches": [[68, 69], [68, 75], [92, 93], [92, 122], [93, 92], [93, 94], [95, 96], [95, 117], [107, 108], [107, 117], [169, 170], [169, 176], [190, -187], [190, 191], [213, 214], [213, 216], [217, 218], [217, 220]]}}}, "tasks/mobile_scan.py": {"executed_lines": [1, 2, 3, 4, 5, 6, 7, 9, 10, 11, 12, 13, 15, 16, 17, 18, 19, 20, 21, 24, 26, 27, 28, 32, 33, 36, 37, 38, 39, 40, 41, 42, 45, 46, 48, 54, 56, 57, 58, 60, 61, 62, 63, 64, 65, 66, 72, 73, 79, 93, 94, 96, 98, 99, 100, 101, 102, 103, 109, 110, 112, 113, 114, 115, 116, 117, 123, 124, 127, 129, 130, 131, 132, 133, 134, 136, 137, 138, 139, 140, 141, 142, 143, 145, 146, 147, 148, 149, 150, 151, 152, 153, 154, 155, 156, 157, 158, 159, 160, 161, 162, 163, 165, 166, 168, 169, 171, 174, 175, 177, 188, 196, 197, 198, 199, 201, 202, 203, 204, 205, 207, 208, 210, 211, 212, 213, 214, 215, 216, 217, 218, 219, 220, 226, 229, 230, 232, 233, 236, 237, 239, 240, 241, 253, 256, 257, 258, 259, 261, 262, 263, 265, 266, 267, 269, 270, 277], "summary": {"covered_lines": 157, "num_statements": 159, "percent_covered": 98.37837837837837, "percent_covered_display": "98", "missing_lines": 2, "excluded_lines": 0, "percent_statements_covered": 98.74213836477988, "percent_statements_covered_display": "99", "num_branches": 26, "num_partial_branches": 1, "covered_branches": 25, "missing_branches": 1, "percent_branches_covered": 96.15384615384616, "percent_branches_covered_display": "96"}, "missing_lines": [91, 209], "excluded_lines": [], "executed_branches": [[60, 61], [60, 93], [72, 73], [98, 99], [98, 112], [112, 113], [112, 127], [137, 138], [137, 140], [138, 137], [138, 139], [148, 149], [148, 165], [150, 151], [150, 152], [158, 148], [158, 159], [219, 220], [219, 226], [239, -236], [239, 240], [262, 263], [262, 265], [266, 267], [266, 269]], "missing_branches": [[72, 91]], "functions": {"publish_progress": {"executed_lines": [26, 27, 28, 32, 33], "summary": {"covered_lines": 5, "num_statements": 5, "percent_covered": 100.0, "percent_covered_display": "100", "missing_lines": 0, "excluded_lines": 0, "percent_statements_covered": 100.0, "percent_statements_covered_display": "100", "num_branches": 0, "num_partial_branches": 0, "covered_branches": 0, "missing_branches": 0, "percent_branches_covered": 100.0, "percent_branches_covered_display": "100"}, "missing_lines": [], "excluded_lines": [], "start_line": 24, "executed_branches": [], "missing_branches": []}, "_run_async": {"executed_lines": [37, 38, 39, 40, 41, 42], "summary": {"covered_lines": 6, "num_statements": 6, "percent_covered": 100.0, "percent_covered_display": "100", "missing_lines": 0, "excluded_lines": 0, "percent_statements_covered": 100.0, "percent_statements_covered_display": "100", "num_branches": 0, "num_partial_branches": 0, "covered_branches": 0, "missing_branches": 0, "percent_branches_covered": 100.0, "percent_branches_covered_display": "100"}, "missing_lines": [], "excluded_lines": [], "start_line": 36, "executed_branches": [], "missing_branches": []}, "run_mobile_scan": {"executed_lines": [48, 54, 56, 57, 58, 60, 61, 62, 63, 64, 65, 66, 72, 73, 79, 93, 94, 96, 98, 99, 100, 101, 102, 103, 109, 110, 112, 113, 114, 115, 116, 117, 123, 124, 127, 129, 130, 131, 132, 133, 134, 136, 137, 138, 139, 140, 141, 142, 143, 145, 146, 147, 148, 149, 150, 151, 152, 153, 154, 155, 156, 157, 158, 159, 160, 161, 162, 163, 165, 166, 168, 169, 171, 174, 175, 177, 188, 196, 197, 198, 199, 201, 202, 203, 204, 205, 207, 208, 210, 211, 212, 213, 214, 215, 216, 217, 218, 219, 220, 226], "summary": {"covered_lines": 100, "num_statements": 102, "percent_covered": 97.54098360655738, "percent_covered_display": "98", "missing_lines": 2, "excluded_lines": 0, "percent_statements_covered": 98.03921568627452, "percent_statements_covered_display": "98", "num_branches": 20, "num_partial_branches": 1, "covered_branches": 19, "missing_branches": 1, "percent_branches_covered": 95.0, "percent_branches_covered_display": "95"}, "missing_lines": [91, 209], "excluded_lines": [], "start_line": 46, "executed_branches": [[60, 61], [60, 93], [72, 73], [98, 99], [98, 112], [112, 113], [112, 127], [137, 138], [137, 140], [138, 137], [138, 139], [148, 149], [148, 165], [150, 151], [150, 152], [158, 148], [158, 159], [219, 220], [219, 226]], "missing_branches": [[72, 91]]}, "_update_status": {"executed_lines": [230, 232, 233], "summary": {"covered_lines": 3, "num_statements": 3, "percent_covered": 100.0, "percent_covered_display": "100", "missing_lines": 0, "excluded_lines": 0, "percent_statements_covered": 100.0, "percent_statements_covered_display": "100", "num_branches": 0, "num_partial_branches": 0, "covered_branches": 0, "missing_branches": 0, "percent_branches_covered": 100.0, "percent_branches_covered_display": "100"}, "missing_lines": [], "excluded_lines": [], "start_line": 229, "executed_branches": [], "missing_branches": []}, "_save_findings": {"executed_lines": [237, 239, 240, 241, 253], "summary": {"covered_lines": 5, "num_statements": 5, "percent_covered": 100.0, "percent_covered_display": "100", "missing_lines": 0, "excluded_lines": 0, "percent_statements_covered": 100.0, "percent_statements_covered_display": "100", "num_branches": 2, "num_partial_branches": 0, "covered_branches": 2, "missing_branches": 0, "percent_branches_covered": 100.0, "percent_branches_covered_display": "100"}, "missing_lines": [], "excluded_lines": [], "start_line": 236, "executed_branches": [[239, -236], [239, 240]], "missing_branches": []}, "_refund_credits": {"executed_lines": [257, 258, 259, 261, 262, 263, 265, 266, 267, 269, 270, 277], "summary": {"covered_lines": 12, "num_statements": 12, "percent_covered": 100.0, "percent_covered_display": "100", "missing_lines": 0, "excluded_lines": 0, "percent_statements_covered": 100.0, "percent_statements_covered_display": "100", "num_branches": 4, "num_partial_branches": 0, "covered_branches": 4, "missing_branches": 0, "percent_branches_covered": 100.0, "percent_branches_covered_display": "100"}, "missing_lines": [], "excluded_lines": [], "start_line": 256, "executed_branches": [[262, 263], [262, 265], [266, 267], [266, 269]], "missing_branches": []}, "": {"executed_lines": [1, 2, 3, 4, 5, 6, 7, 9, 10, 11, 12, 13, 15, 16, 17, 18, 19, 20, 21, 24, 36, 45, 46, 229, 236, 256], "summary": {"covered_lines": 26, "num_statements": 26, "percent_covered": 100.0, "percent_covered_display": "100", "missing_lines": 0, "excluded_lines": 0, "percent_statements_covered": 100.0, "percent_statements_covered_display": "100", "num_branches": 0, "num_partial_branches": 0, "covered_branches": 0, "missing_branches": 0, "percent_branches_covered": 100.0, "percent_branches_covered_display": "100"}, "missing_lines": [], "excluded_lines": [], "start_line": 1, "executed_branches": [], "missing_branches": []}}, "classes": {"": {"executed_lines": [1, 2, 3, 4, 5, 6, 7, 9, 10, 11, 12, 13, 15, 16, 17, 18, 19, 20, 21, 24, 26, 27, 28, 32, 33, 36, 37, 38, 39, 40, 41, 42, 45, 46, 48, 54, 56, 57, 58, 60, 61, 62, 63, 64, 65, 66, 72, 73, 79, 93, 94, 96, 98, 99, 100, 101, 102, 103, 109, 110, 112, 113, 114, 115, 116, 117, 123, 124, 127, 129, 130, 131, 132, 133, 134, 136, 137, 138, 139, 140, 141, 142, 143, 145, 146, 147, 148, 149, 150, 151, 152, 153, 154, 155, 156, 157, 158, 159, 160, 161, 162, 163, 165, 166, 168, 169, 171, 174, 175, 177, 188, 196, 197, 198, 199, 201, 202, 203, 204, 205, 207, 208, 210, 211, 212, 213, 214, 215, 216, 217, 218, 219, 220, 226, 229, 230, 232, 233, 236, 237, 239, 240, 241, 253, 256, 257, 258, 259, 261, 262, 263, 265, 266, 267, 269, 270, 277], "summary": {"covered_lines": 157, "num_statements": 159, "percent_covered": 98.37837837837837, "percent_covered_display": "98", "missing_lines": 2, "excluded_lines": 0, "percent_statements_covered": 98.74213836477988, "percent_statements_covered_display": "99", "num_branches": 26, "num_partial_branches": 1, "covered_branches": 25, "missing_branches": 1, "percent_branches_covered": 96.15384615384616, "percent_branches_covered_display": "96"}, "missing_lines": [91, 209], "excluded_lines": [], "start_line": 1, "executed_branches": [[60, 61], [60, 93], [72, 73], [98, 99], [98, 112], [112, 113], [112, 127], [137, 138], [137, 140], [138, 137], [138, 139], [148, 149], [148, 165], [150, 151], [150, 152], [158, 148], [158, 159], [219, 220], [219, 226], [239, -236], [239, 240], [262, 263], [262, 265], [266, 267], [266, 269]], "missing_branches": [[72, 91]]}}}, "utils/__init__.py": {"executed_lines": [], "summary": {"covered_lines": 0, "num_statements": 0, "percent_covered": 100.0, "percent_covered_display": "100", "missing_lines": 0, "excluded_lines": 0, "percent_statements_covered": 100.0, "percent_statements_covered_display": "100", "num_branches": 0, "num_partial_branches": 0, "covered_branches": 0, "missing_branches": 0, "percent_branches_covered": 100.0, "percent_branches_covered_display": "100"}, "missing_lines": [], "excluded_lines": [], "executed_branches": [], "missing_branches": [], "functions": {"": {"executed_lines": [], "summary": {"covered_lines": 0, "num_statements": 0, "percent_covered": 100.0, "percent_covered_display": "100", "missing_lines": 0, "excluded_lines": 0, "percent_statements_covered": 100.0, "percent_statements_covered_display": "100", "num_branches": 0, "num_partial_branches": 0, "covered_branches": 0, "missing_branches": 0, "percent_branches_covered": 100.0, "percent_branches_covered_display": "100"}, "missing_lines": [], "excluded_lines": [], "start_line": 1, "executed_branches": [], "missing_branches": []}}, "classes": {"": {"executed_lines": [], "summary": {"covered_lines": 0, "num_statements": 0, "percent_covered": 100.0, "percent_covered_display": "100", "missing_lines": 0, "excluded_lines": 0, "percent_statements_covered": 100.0, "percent_statements_covered_display": "100", "num_branches": 0, "num_partial_branches": 0, "covered_branches": 0, "missing_branches": 0, "percent_branches_covered": 100.0, "percent_branches_covered_display": "100"}, "missing_lines": [], "excluded_lines": [], "start_line": 1, "executed_branches": [], "missing_branches": []}}}, "utils/cve_lookup.py": {"executed_lines": [1, 2, 3, 4, 6, 7, 8, 10, 11, 13, 14, 17, 21, 26, 47, 61, 95, 107, 125, 127, 128, 129, 130, 131, 132, 140, 141, 142, 143, 144, 146, 147, 148, 150, 151, 152, 154, 157, 159, 160, 161, 162, 163, 164, 165, 167, 168, 171, 173, 185, 187, 189, 190], "summary": {"covered_lines": 53, "num_statements": 124, "percent_covered": 37.7906976744186, "percent_covered_display": "38", "missing_lines": 71, "excluded_lines": 0, "percent_statements_covered": 42.74193548387097, "percent_statements_covered_display": "43", "num_branches": 48, "num_partial_branches": 12, "covered_branches": 12, "missing_branches": 36, "percent_branches_covered": 25.0, "percent_branches_covered_display": "25"}, "missing_lines": [18, 22, 23, 27, 28, 29, 30, 31, 32, 33, 34, 35, 36, 37, 44, 48, 49, 50, 51, 52, 62, 63, 64, 65, 69, 70, 71, 72, 73, 74, 75, 76, 83, 84, 85, 92, 97, 98, 100, 101, 102, 104, 109, 110, 111, 112, 114, 115, 116, 117, 118, 119, 120, 122, 133, 134, 135, 136, 137, 145, 149, 153, 169, 188, 191, 192, 193, 194, 195, 196, 197], "excluded_lines": [], "executed_branches": [[128, 129], [129, 130], [131, 132], [144, 146], [148, 150], [150, 151], [152, 154], [161, 162], [162, 163], [168, 171], [187, 189], [189, 190]], "missing_branches": [[31, 32], [31, 35], [63, 64], [63, 65], [72, 73], [72, 76], [100, 101], [100, 104], [110, 111], [110, 114], [116, 117], [116, 122], [118, 116], [118, 119], [128, 133], [129, 128], [131, 128], [133, 134], [133, 137], [135, 133], [135, 136], [144, 145], [148, 149], [150, 154], [152, 153], [161, 165], [162, 161], [168, 169], [187, 188], [189, 191], [191, 192], [191, 193], [193, 194], [193, 195], [195, 196], [195, 197]], "functions": {"_get_redis_pool": {"executed_lines": [], "summary": {"covered_lines": 0, "num_statements": 1, "percent_covered": 0.0, "percent_covered_display": "0", "missing_lines": 1, "excluded_lines": 0, "percent_statements_covered": 0.0, "percent_statements_covered_display": "0", "num_branches": 0, "num_partial_branches": 0, "covered_branches": 0, "missing_branches": 0, "percent_branches_covered": 100.0, "percent_branches_covered_display": "100"}, "missing_lines": [18], "excluded_lines": [], "start_line": 17, "executed_branches": [], "missing_branches": []}, "_cache_key": {"executed_lines": [], "summary": {"covered_lines": 0, "num_statements": 2, "percent_covered": 0.0, "percent_covered_display": "0", "missing_lines": 2, "excluded_lines": 0, "percent_statements_covered": 0.0, "percent_statements_covered_display": "0", "num_branches": 0, "num_partial_branches": 0, "covered_branches": 0, "missing_branches": 0, "percent_branches_covered": 100.0, "percent_branches_covered_display": "100"}, "missing_lines": [22, 23], "excluded_lines": [], "start_line": 21, "executed_branches": [], "missing_branches": []}, "_get_cached_vulns": {"executed_lines": [], "summary": {"covered_lines": 0, "num_statements": 12, "percent_covered": 0.0, "percent_covered_display": "0", "missing_lines": 12, "excluded_lines": 0, "percent_statements_covered": 0.0, "percent_statements_covered_display": "0", "num_branches": 2, "num_partial_branches": 0, "covered_branches": 0, "missing_branches": 2, "percent_branches_covered": 0.0, "percent_branches_covered_display": "0"}, "missing_lines": [27, 28, 29, 30, 31, 32, 33, 34, 35, 36, 37, 44], "excluded_lines": [], "start_line": 26, "executed_branches": [], "missing_branches": [[31, 32], [31, 35]]}, "_set_cached_vulns": {"executed_lines": [], "summary": {"covered_lines": 0, "num_statements": 5, "percent_covered": 0.0, "percent_covered_display": "0", "missing_lines": 5, "excluded_lines": 0, "percent_statements_covered": 0.0, "percent_statements_covered_display": "0", "num_branches": 0, "num_partial_branches": 0, "covered_branches": 0, "missing_branches": 0, "percent_branches_covered": 100.0, "percent_branches_covered_display": "100"}, "missing_lines": [48, 49, 50, 51, 52], "excluded_lines": [], "start_line": 47, "executed_branches": [], "missing_branches": []}, "_query_ecosystem": {"executed_lines": [], "summary": {"covered_lines": 0, "num_statements": 16, "percent_covered": 0.0, "percent_covered_display": "0", "missing_lines": 16, "excluded_lines": 0, "percent_statements_covered": 0.0, "percent_statements_covered_display": "0", "num_branches": 4, "num_partial_branches": 0, "covered_branches": 0, "missing_branches": 4, "percent_branches_covered": 0.0, "percent_branches_covered_display": "0"}, "missing_lines": [62, 63, 64, 65, 69, 70, 71, 72, 73, 74, 75, 76, 83, 84, 85, 92], "excluded_lines": [], "start_line": 61, "executed_branches": [], "missing_branches": [[63, 64], [63, 65], [72, 73], [72, 76]]}, "query_osv_ecosystems": {"executed_lines": [], "summary": {"covered_lines": 0, "num_statements": 6, "percent_covered": 0.0, "percent_covered_display": "0", "missing_lines": 6, "excluded_lines": 0, "percent_statements_covered": 0.0, "percent_statements_covered_display": "0", "num_branches": 2, "num_partial_branches": 0, "covered_branches": 0, "missing_branches": 2, "percent_branches_covered": 0.0, "percent_branches_covered_display": "0"}, "missing_lines": [97, 98, 100, 101, 102, 104], "excluded_lines": [], "start_line": 95, "executed_branches": [], "missing_branches": [[100, 101], [100, 104]]}, "lookup_service_cves": {"executed_lines": [], "summary": {"covered_lines": 0, "num_statements": 12, "percent_covered": 0.0, "percent_covered_display": "0", "missing_lines": 12, "excluded_lines": 0, "percent_statements_covered": 0.0, "percent_statements_covered_display": "0", "num_branches": 6, "num_partial_branches": 0, "covered_branches": 0, "missing_branches": 6, "percent_branches_covered": 0.0, "percent_branches_covered_display": "0"}, "missing_lines": [109, 110, 111, 112, 114, 115, 116, 117, 118, 119, 120, 122], "excluded_lines": [], "start_line": 107, "executed_branches": [], "missing_branches": [[110, 111], [110, 114], [116, 117], [116, 122], [118, 116], [118, 119]]}, "extract_cvss": {"executed_lines": [127, 128, 129, 130, 131, 132], "summary": {"covered_lines": 6, "num_statements": 11, "percent_covered": 42.857142857142854, "percent_covered_display": "43", "missing_lines": 5, "excluded_lines": 0, "percent_statements_covered": 54.54545454545455, "percent_statements_covered_display": "55", "num_branches": 10, "num_partial_branches": 3, "covered_branches": 3, "missing_branches": 7, "percent_branches_covered": 30.0, "percent_branches_covered_display": "30"}, "missing_lines": [133, 134, 135, 136, 137], "excluded_lines": [], "start_line": 125, "executed_branches": [[128, 129], [129, 130], [131, 132]], "missing_branches": [[128, 133], [129, 128], [131, 128], [133, 134], [133, 137], [135, 133], [135, 136]]}, "_extract_remediation": {"executed_lines": [141, 142, 143, 144, 146, 147, 148, 150, 151, 152, 154], "summary": {"covered_lines": 11, "num_statements": 14, "percent_covered": 68.18181818181819, "percent_covered_display": "68", "missing_lines": 3, "excluded_lines": 0, "percent_statements_covered": 78.57142857142857, "percent_statements_covered_display": "79", "num_branches": 8, "num_partial_branches": 4, "covered_branches": 4, "missing_branches": 4, "percent_branches_covered": 50.0, "percent_branches_covered_display": "50"}, "missing_lines": [145, 149, 153], "excluded_lines": [], "start_line": 140, "executed_branches": [[144, 146], [148, 150], [150, 151], [152, 154]], "missing_branches": [[144, 145], [148, 149], [150, 154], [152, 153]]}, "format_vuln_finding": {"executed_lines": [159, 160, 161, 162, 163, 164, 165, 167, 168, 171, 173], "summary": {"covered_lines": 11, "num_statements": 12, "percent_covered": 77.77777777777777, "percent_covered_display": "78", "missing_lines": 1, "excluded_lines": 0, "percent_statements_covered": 91.66666666666667, "percent_statements_covered_display": "92", "num_branches": 6, "num_partial_branches": 3, "covered_branches": 3, "missing_branches": 3, "percent_branches_covered": 50.0, "percent_branches_covered_display": "50"}, "missing_lines": [169], "excluded_lines": [], "start_line": 157, "executed_branches": [[161, 162], [162, 163], [168, 171]], "missing_branches": [[161, 165], [162, 161], [168, 169]]}, "severity_from_cvss": {"executed_lines": [187, 189, 190], "summary": {"covered_lines": 3, "num_statements": 11, "percent_covered": 23.80952380952381, "percent_covered_display": "24", "missing_lines": 8, "excluded_lines": 0, "percent_statements_covered": 27.272727272727273, "percent_statements_covered_display": "27", "num_branches": 10, "num_partial_branches": 2, "covered_branches": 2, "missing_branches": 8, "percent_branches_covered": 20.0, "percent_branches_covered_display": "20"}, "missing_lines": [188, 191, 192, 193, 194, 195, 196, 197], "excluded_lines": [], "start_line": 185, "executed_branches": [[187, 189], [189, 190]], "missing_branches": [[187, 188], [189, 191], [191, 192], [191, 193], [193, 194], [193, 195], [195, 196], [195, 197]]}, "": {"executed_lines": [1, 2, 3, 4, 6, 7, 8, 10, 11, 13, 14, 17, 21, 26, 47, 61, 95, 107, 125, 140, 157, 185], "summary": {"covered_lines": 22, "num_statements": 22, "percent_covered": 100.0, "percent_covered_display": "100", "missing_lines": 0, "excluded_lines": 0, "percent_statements_covered": 100.0, "percent_statements_covered_display": "100", "num_branches": 0, "num_partial_branches": 0, "covered_branches": 0, "missing_branches": 0, "percent_branches_covered": 100.0, "percent_branches_covered_display": "100"}, "missing_lines": [], "excluded_lines": [], "start_line": 1, "executed_branches": [], "missing_branches": []}}, "classes": {"": {"executed_lines": [1, 2, 3, 4, 6, 7, 8, 10, 11, 13, 14, 17, 21, 26, 47, 61, 95, 107, 125, 127, 128, 129, 130, 131, 132, 140, 141, 142, 143, 144, 146, 147, 148, 150, 151, 152, 154, 157, 159, 160, 161, 162, 163, 164, 165, 167, 168, 171, 173, 185, 187, 189, 190], "summary": {"covered_lines": 53, "num_statements": 124, "percent_covered": 37.7906976744186, "percent_covered_display": "38", "missing_lines": 71, "excluded_lines": 0, "percent_statements_covered": 42.74193548387097, "percent_statements_covered_display": "43", "num_branches": 48, "num_partial_branches": 12, "covered_branches": 12, "missing_branches": 36, "percent_branches_covered": 25.0, "percent_branches_covered_display": "25"}, "missing_lines": [18, 22, 23, 27, 28, 29, 30, 31, 32, 33, 34, 35, 36, 37, 44, 48, 49, 50, 51, 52, 62, 63, 64, 65, 69, 70, 71, 72, 73, 74, 75, 76, 83, 84, 85, 92, 97, 98, 100, 101, 102, 104, 109, 110, 111, 112, 114, 115, 116, 117, 118, 119, 120, 122, 133, 134, 135, 136, 137, 145, 149, 153, 169, 188, 191, 192, 193, 194, 195, 196, 197], "excluded_lines": [], "start_line": 1, "executed_branches": [[128, 129], [129, 130], [131, 132], [144, 146], [148, 150], [150, 151], [152, 154], [161, 162], [162, 163], [168, 171], [187, 189], [189, 190]], "missing_branches": [[31, 32], [31, 35], [63, 64], [63, 65], [72, 73], [72, 76], [100, 101], [100, 104], [110, 111], [110, 114], [116, 117], [116, 122], [118, 116], [118, 119], [128, 133], [129, 128], [131, 128], [133, 134], [133, 137], [135, 133], [135, 136], [144, 145], [148, 149], [150, 154], [152, 153], [161, 165], [162, 161], [168, 169], [187, 188], [189, 191], [191, 192], [191, 193], [193, 194], [193, 195], [195, 196], [195, 197]]}}}, "utils/database.py": {"executed_lines": [1, 3, 4, 6, 8, 15, 18], "summary": {"covered_lines": 7, "num_statements": 8, "percent_covered": 87.5, "percent_covered_display": "88", "missing_lines": 1, "excluded_lines": 0, "percent_statements_covered": 87.5, "percent_statements_covered_display": "88", "num_branches": 0, "num_partial_branches": 0, "covered_branches": 0, "missing_branches": 0, "percent_branches_covered": 100.0, "percent_branches_covered_display": "100"}, "missing_lines": [19], "excluded_lines": [], "executed_branches": [], "missing_branches": [], "functions": {"get_sync_session": {"executed_lines": [], "summary": {"covered_lines": 0, "num_statements": 1, "percent_covered": 0.0, "percent_covered_display": "0", "missing_lines": 1, "excluded_lines": 0, "percent_statements_covered": 0.0, "percent_statements_covered_display": "0", "num_branches": 0, "num_partial_branches": 0, "covered_branches": 0, "missing_branches": 0, "percent_branches_covered": 100.0, "percent_branches_covered_display": "100"}, "missing_lines": [19], "excluded_lines": [], "start_line": 18, "executed_branches": [], "missing_branches": []}, "": {"executed_lines": [1, 3, 4, 6, 8, 15, 18], "summary": {"covered_lines": 7, "num_statements": 7, "percent_covered": 100.0, "percent_covered_display": "100", "missing_lines": 0, "excluded_lines": 0, "percent_statements_covered": 100.0, "percent_statements_covered_display": "100", "num_branches": 0, "num_partial_branches": 0, "covered_branches": 0, "missing_branches": 0, "percent_branches_covered": 100.0, "percent_branches_covered_display": "100"}, "missing_lines": [], "excluded_lines": [], "start_line": 1, "executed_branches": [], "missing_branches": []}}, "classes": {"": {"executed_lines": [1, 3, 4, 6, 8, 15, 18], "summary": {"covered_lines": 7, "num_statements": 8, "percent_covered": 87.5, "percent_covered_display": "88", "missing_lines": 1, "excluded_lines": 0, "percent_statements_covered": 87.5, "percent_statements_covered_display": "88", "num_branches": 0, "num_partial_branches": 0, "covered_branches": 0, "missing_branches": 0, "percent_branches_covered": 100.0, "percent_branches_covered_display": "100"}, "missing_lines": [19], "excluded_lines": [], "start_line": 1, "executed_branches": [], "missing_branches": []}}}, "utils/domain_utils.py": {"executed_lines": [], "summary": {"covered_lines": 0, "num_statements": 222, "percent_covered": 0.0, "percent_covered_display": "0", "missing_lines": 222, "excluded_lines": 0, "percent_statements_covered": 0.0, "percent_statements_covered_display": "0", "num_branches": 72, "num_partial_branches": 0, "covered_branches": 0, "missing_branches": 72, "percent_branches_covered": 0.0, "percent_branches_covered_display": "0"}, "missing_lines": [1, 2, 3, 4, 5, 6, 8, 10, 13, 14, 17, 18, 21, 22, 25, 26, 27, 28, 29, 30, 31, 32, 33, 36, 37, 40, 41, 42, 43, 44, 47, 48, 51, 52, 53, 54, 57, 58, 61, 62, 63, 64, 65, 66, 67, 68, 69, 70, 71, 74, 76, 77, 79, 80, 81, 82, 83, 84, 85, 86, 87, 88, 89, 91, 92, 95, 97, 99, 100, 104, 108, 109, 111, 112, 113, 114, 115, 116, 117, 118, 119, 121, 122, 124, 125, 127, 128, 129, 130, 131, 132, 133, 134, 135, 136, 137, 138, 139, 140, 142, 145, 147, 148, 149, 150, 152, 153, 154, 158, 159, 160, 162, 163, 164, 165, 166, 167, 168, 169, 170, 174, 175, 177, 178, 179, 180, 181, 182, 184, 185, 186, 187, 188, 189, 191, 192, 194, 196, 197, 198, 200, 203, 205, 207, 208, 209, 214, 215, 216, 217, 218, 220, 221, 222, 224, 225, 227, 228, 229, 230, 233, 235, 236, 238, 239, 241, 242, 243, 245, 246, 247, 249, 252, 291, 293, 294, 295, 296, 305, 308, 335, 337, 338, 340, 341, 342, 344, 345, 346, 347, 348, 349, 350, 352, 353, 355, 356, 357, 358, 359, 360, 361, 362, 363, 365, 368, 370, 372, 373, 382, 383, 392, 393, 394, 403, 404, 415, 416, 417, 426, 427, 438], "excluded_lines": [], "executed_branches": [], "missing_branches": [[82, 83], [82, 91], [84, 82], [84, 85], [115, 116], [115, 117], [130, 131], [130, 142], [132, 130], [132, 133], [134, 132], [134, 135], [152, 153], [152, 200], [166, 167], [166, 168], [179, 180], [179, 184], [181, 182], [181, 184], [184, 185], [184, 191], [185, 186], [185, 188], [188, 184], [188, 189], [191, 192], [191, 194], [215, 216], [215, 238], [241, 242], [241, 243], [294, 295], [294, 305], [340, 341], [340, 355], [341, 342], [341, 344], [344, 345], [344, 352], [346, 347], [346, 352], [347, 346], [347, 348], [352, 340], [352, 353], [355, 356], [355, 365], [356, 357], [356, 358], [358, 355], [358, 359], [359, 355], [359, 360], [360, 359], [360, 361], [372, 373], [372, 382], [382, 383], [382, 392], [392, 393], [392, 403], [393, 394], [393, 403], [403, 404], [403, 415], [415, 416], [415, 426], [416, 415], [416, 417], [426, 427], [426, 438]], "functions": {"resolve_dns": {"executed_lines": [], "summary": {"covered_lines": 0, "num_statements": 15, "percent_covered": 0.0, "percent_covered_display": "0", "missing_lines": 15, "excluded_lines": 0, "percent_statements_covered": 0.0, "percent_statements_covered_display": "0", "num_branches": 4, "num_partial_branches": 0, "covered_branches": 0, "missing_branches": 4, "percent_branches_covered": 0.0, "percent_branches_covered_display": "0"}, "missing_lines": [76, 77, 79, 80, 81, 82, 83, 84, 85, 86, 87, 88, 89, 91, 92], "excluded_lines": [], "start_line": 74, "executed_branches": [], "missing_branches": [[82, 83], [82, 91], [84, 82], [84, 85]]}, "enumerate_subdomains": {"executed_lines": [], "summary": {"covered_lines": 0, "num_statements": 34, "percent_covered": 0.0, "percent_covered_display": "0", "missing_lines": 34, "excluded_lines": 0, "percent_statements_covered": 0.0, "percent_statements_covered_display": "0", "num_branches": 8, "num_partial_branches": 0, "covered_branches": 0, "missing_branches": 8, "percent_branches_covered": 0.0, "percent_branches_covered_display": "0"}, "missing_lines": [97, 99, 100, 104, 108, 109, 111, 112, 113, 114, 115, 116, 117, 118, 119, 121, 122, 124, 125, 127, 128, 129, 130, 131, 132, 133, 134, 135, 136, 137, 138, 139, 140, 142], "excluded_lines": [], "start_line": 95, "executed_branches": [], "missing_branches": [[115, 116], [115, 117], [130, 131], [130, 142], [132, 130], [132, 133], [134, 132], [134, 135]]}, "check_http": {"executed_lines": [], "summary": {"covered_lines": 0, "num_statements": 40, "percent_covered": 0.0, "percent_covered_display": "0", "missing_lines": 40, "excluded_lines": 0, "percent_statements_covered": 0.0, "percent_statements_covered_display": "0", "num_branches": 16, "num_partial_branches": 0, "covered_branches": 0, "missing_branches": 16, "percent_branches_covered": 0.0, "percent_branches_covered_display": "0"}, "missing_lines": [147, 148, 149, 150, 152, 153, 154, 158, 159, 160, 162, 163, 164, 165, 166, 167, 168, 169, 170, 174, 175, 177, 178, 179, 180, 181, 182, 184, 185, 186, 187, 188, 189, 191, 192, 194, 196, 197, 198, 200], "excluded_lines": [], "start_line": 145, "executed_branches": [], "missing_branches": [[152, 153], [152, 200], [166, 167], [166, 168], [179, 180], [179, 184], [181, 182], [181, 184], [184, 185], [184, 191], [185, 186], [185, 188], [188, 184], [188, 189], [191, 192], [191, 194]]}, "check_ssl": {"executed_lines": [], "summary": {"covered_lines": 0, "num_statements": 30, "percent_covered": 0.0, "percent_covered_display": "0", "missing_lines": 30, "excluded_lines": 0, "percent_statements_covered": 0.0, "percent_statements_covered_display": "0", "num_branches": 4, "num_partial_branches": 0, "covered_branches": 0, "missing_branches": 4, "percent_branches_covered": 0.0, "percent_branches_covered_display": "0"}, "missing_lines": [205, 207, 208, 209, 214, 215, 216, 217, 218, 220, 221, 222, 224, 225, 227, 228, 229, 230, 233, 235, 236, 238, 239, 241, 242, 243, 245, 246, 247, 249], "excluded_lines": [], "start_line": 203, "executed_branches": [], "missing_branches": [[215, 216], [215, 238], [241, 242], [241, 243]]}, "check_security_headers": {"executed_lines": [], "summary": {"covered_lines": 0, "num_statements": 5, "percent_covered": 0.0, "percent_covered_display": "0", "missing_lines": 5, "excluded_lines": 0, "percent_statements_covered": 0.0, "percent_statements_covered_display": "0", "num_branches": 2, "num_partial_branches": 0, "covered_branches": 0, "missing_branches": 2, "percent_branches_covered": 0.0, "percent_branches_covered_display": "0"}, "missing_lines": [293, 294, 295, 296, 305], "excluded_lines": [], "start_line": 291, "executed_branches": [], "missing_branches": [[294, 295], [294, 305]]}, "detect_tech_stack": {"executed_lines": [], "summary": {"covered_lines": 0, "num_statements": 24, "percent_covered": 0.0, "percent_covered_display": "0", "missing_lines": 24, "excluded_lines": 0, "percent_statements_covered": 0.0, "percent_statements_covered_display": "0", "num_branches": 22, "num_partial_branches": 0, "covered_branches": 0, "missing_branches": 22, "percent_branches_covered": 0.0, "percent_branches_covered_display": "0"}, "missing_lines": [337, 338, 340, 341, 342, 344, 345, 346, 347, 348, 349, 350, 352, 353, 355, 356, 357, 358, 359, 360, 361, 362, 363, 365], "excluded_lines": [], "start_line": 335, "executed_branches": [], "missing_branches": [[340, 341], [340, 355], [341, 342], [341, 344], [344, 345], [344, 352], [346, 347], [346, 352], [347, 346], [347, 348], [352, 340], [352, 353], [355, 356], [355, 365], [356, 357], [356, 358], [358, 355], [358, 359], [359, 355], [359, 360], [360, 359], [360, 361]]}, "findings_from_domain": {"executed_lines": [], "summary": {"covered_lines": 0, "num_statements": 16, "percent_covered": 0.0, "percent_covered_display": "0", "missing_lines": 16, "excluded_lines": 0, "percent_statements_covered": 0.0, "percent_statements_covered_display": "0", "num_branches": 16, "num_partial_branches": 0, "covered_branches": 0, "missing_branches": 16, "percent_branches_covered": 0.0, "percent_branches_covered_display": "0"}, "missing_lines": [370, 372, 373, 382, 383, 392, 393, 394, 403, 404, 415, 416, 417, 426, 427, 438], "excluded_lines": [], "start_line": 368, "executed_branches": [], "missing_branches": [[372, 373], [372, 382], [382, 383], [382, 392], [392, 393], [392, 403], [393, 394], [393, 403], [403, 404], [403, 415], [415, 416], [415, 426], [416, 415], [416, 417], [426, 427], [426, 438]]}, "": {"executed_lines": [], "summary": {"covered_lines": 0, "num_statements": 58, "percent_covered": 0.0, "percent_covered_display": "0", "missing_lines": 58, "excluded_lines": 0, "percent_statements_covered": 0.0, "percent_statements_covered_display": "0", "num_branches": 0, "num_partial_branches": 0, "covered_branches": 0, "missing_branches": 0, "percent_branches_covered": 100.0, "percent_branches_covered_display": "100"}, "missing_lines": [1, 2, 3, 4, 5, 6, 8, 10, 13, 14, 17, 18, 21, 22, 25, 26, 27, 28, 29, 30, 31, 32, 33, 36, 37, 40, 41, 42, 43, 44, 47, 48, 51, 52, 53, 54, 57, 58, 61, 62, 63, 64, 65, 66, 67, 68, 69, 70, 71, 74, 95, 145, 203, 252, 291, 308, 335, 368], "excluded_lines": [], "start_line": 1, "executed_branches": [], "missing_branches": []}}, "classes": {"DnsRecord": {"executed_lines": [], "summary": {"covered_lines": 0, "num_statements": 0, "percent_covered": 100.0, "percent_covered_display": "100", "missing_lines": 0, "excluded_lines": 0, "percent_statements_covered": 100.0, "percent_statements_covered_display": "100", "num_branches": 0, "num_partial_branches": 0, "covered_branches": 0, "missing_branches": 0, "percent_branches_covered": 100.0, "percent_branches_covered_display": "100"}, "missing_lines": [], "excluded_lines": [], "start_line": 14, "executed_branches": [], "missing_branches": []}, "SslInfo": {"executed_lines": [], "summary": {"covered_lines": 0, "num_statements": 0, "percent_covered": 100.0, "percent_covered_display": "100", "missing_lines": 0, "excluded_lines": 0, "percent_statements_covered": 100.0, "percent_statements_covered_display": "100", "num_branches": 0, "num_partial_branches": 0, "covered_branches": 0, "missing_branches": 0, "percent_branches_covered": 100.0, "percent_branches_covered_display": "100"}, "missing_lines": [], "excluded_lines": [], "start_line": 22, "executed_branches": [], "missing_branches": []}, "HeaderCheck": {"executed_lines": [], "summary": {"covered_lines": 0, "num_statements": 0, "percent_covered": 100.0, "percent_covered_display": "100", "missing_lines": 0, "excluded_lines": 0, "percent_statements_covered": 100.0, "percent_statements_covered_display": "100", "num_branches": 0, "num_partial_branches": 0, "covered_branches": 0, "missing_branches": 0, "percent_branches_covered": 100.0, "percent_branches_covered_display": "100"}, "missing_lines": [], "excluded_lines": [], "start_line": 37, "executed_branches": [], "missing_branches": []}, "TechInfo": {"executed_lines": [], "summary": {"covered_lines": 0, "num_statements": 0, "percent_covered": 100.0, "percent_covered_display": "100", "missing_lines": 0, "excluded_lines": 0, "percent_statements_covered": 100.0, "percent_statements_covered_display": "100", "num_branches": 0, "num_partial_branches": 0, "covered_branches": 0, "missing_branches": 0, "percent_branches_covered": 100.0, "percent_branches_covered_display": "100"}, "missing_lines": [], "excluded_lines": [], "start_line": 48, "executed_branches": [], "missing_branches": []}, "DomainResult": {"executed_lines": [], "summary": {"covered_lines": 0, "num_statements": 0, "percent_covered": 100.0, "percent_covered_display": "100", "missing_lines": 0, "excluded_lines": 0, "percent_statements_covered": 100.0, "percent_statements_covered_display": "100", "num_branches": 0, "num_partial_branches": 0, "covered_branches": 0, "missing_branches": 0, "percent_branches_covered": 100.0, "percent_branches_covered_display": "100"}, "missing_lines": [], "excluded_lines": [], "start_line": 58, "executed_branches": [], "missing_branches": []}, "": {"executed_lines": [], "summary": {"covered_lines": 0, "num_statements": 222, "percent_covered": 0.0, "percent_covered_display": "0", "missing_lines": 222, "excluded_lines": 0, "percent_statements_covered": 0.0, "percent_statements_covered_display": "0", "num_branches": 72, "num_partial_branches": 0, "covered_branches": 0, "missing_branches": 72, "percent_branches_covered": 0.0, "percent_branches_covered_display": "0"}, "missing_lines": [1, 2, 3, 4, 5, 6, 8, 10, 13, 14, 17, 18, 21, 22, 25, 26, 27, 28, 29, 30, 31, 32, 33, 36, 37, 40, 41, 42, 43, 44, 47, 48, 51, 52, 53, 54, 57, 58, 61, 62, 63, 64, 65, 66, 67, 68, 69, 70, 71, 74, 76, 77, 79, 80, 81, 82, 83, 84, 85, 86, 87, 88, 89, 91, 92, 95, 97, 99, 100, 104, 108, 109, 111, 112, 113, 114, 115, 116, 117, 118, 119, 121, 122, 124, 125, 127, 128, 129, 130, 131, 132, 133, 134, 135, 136, 137, 138, 139, 140, 142, 145, 147, 148, 149, 150, 152, 153, 154, 158, 159, 160, 162, 163, 164, 165, 166, 167, 168, 169, 170, 174, 175, 177, 178, 179, 180, 181, 182, 184, 185, 186, 187, 188, 189, 191, 192, 194, 196, 197, 198, 200, 203, 205, 207, 208, 209, 214, 215, 216, 217, 218, 220, 221, 222, 224, 225, 227, 228, 229, 230, 233, 235, 236, 238, 239, 241, 242, 243, 245, 246, 247, 249, 252, 291, 293, 294, 295, 296, 305, 308, 335, 337, 338, 340, 341, 342, 344, 345, 346, 347, 348, 349, 350, 352, 353, 355, 356, 357, 358, 359, 360, 361, 362, 363, 365, 368, 370, 372, 373, 382, 383, 392, 393, 394, 403, 404, 415, 416, 417, 426, 427, 438], "excluded_lines": [], "start_line": 1, "executed_branches": [], "missing_branches": [[82, 83], [82, 91], [84, 82], [84, 85], [115, 116], [115, 117], [130, 131], [130, 142], [132, 130], [132, 133], [134, 132], [134, 135], [152, 153], [152, 200], [166, 167], [166, 168], [179, 180], [179, 184], [181, 182], [181, 184], [184, 185], [184, 191], [185, 186], [185, 188], [188, 184], [188, 189], [191, 192], [191, 194], [215, 216], [215, 238], [241, 242], [241, 243], [294, 295], [294, 305], [340, 341], [340, 355], [341, 342], [341, 344], [344, 345], [344, 352], [346, 347], [346, 352], [347, 346], [347, 348], [352, 340], [352, 353], [355, 356], [355, 365], [356, 357], [356, 358], [358, 355], [358, 359], [359, 355], [359, 360], [360, 359], [360, 361], [372, 373], [372, 382], [382, 383], [382, 392], [392, 393], [392, 403], [393, 394], [393, 403], [403, 404], [403, 415], [415, 416], [415, 426], [416, 415], [416, 417], [426, 427], [426, 438]]}}}, "utils/mobile_utils.py": {"executed_lines": [1, 2, 3, 4, 5, 6, 7, 8, 10, 12, 15, 16, 19, 20, 21, 22, 23, 24, 25, 26, 27, 28, 31, 32, 35, 36, 37, 38, 39, 40, 41, 42, 45, 61, 86, 115, 154, 191, 238, 258, 286, 374, 421, 422, 423, 424, 425, 436, 439, 460], "summary": {"covered_lines": 50, "num_statements": 237, "percent_covered": 16.510903426791277, "percent_covered_display": "17", "missing_lines": 187, "excluded_lines": 0, "percent_statements_covered": 21.09704641350211, "percent_statements_covered_display": "21", "num_branches": 84, "num_partial_branches": 1, "covered_branches": 3, "missing_branches": 81, "percent_branches_covered": 3.5714285714285716, "percent_branches_covered_display": "4"}, "missing_lines": [92, 93, 94, 95, 96, 97, 99, 100, 101, 102, 103, 104, 105, 107, 110, 111, 112, 117, 118, 119, 120, 121, 123, 124, 125, 126, 127, 128, 135, 136, 137, 139, 140, 141, 142, 143, 144, 146, 148, 149, 151, 156, 157, 159, 160, 161, 162, 164, 165, 166, 167, 168, 169, 170, 171, 172, 173, 174, 175, 176, 178, 179, 180, 182, 184, 185, 186, 188, 192, 193, 194, 195, 196, 198, 199, 200, 202, 203, 204, 206, 207, 208, 210, 211, 212, 213, 215, 216, 217, 219, 220, 222, 226, 228, 229, 230, 232, 233, 235, 239, 255, 259, 260, 261, 262, 263, 264, 266, 267, 268, 269, 270, 271, 272, 274, 275, 276, 277, 278, 279, 280, 281, 282, 283, 287, 289, 290, 299, 300, 309, 310, 311, 312, 321, 322, 331, 332, 341, 342, 351, 352, 361, 362, 371, 375, 377, 378, 387, 388, 389, 390, 399, 408, 409, 418, 426, 427, 428, 440, 441, 442, 443, 444, 445, 446, 447, 448, 449, 450, 451, 452, 453, 454, 455, 456, 457, 461, 463, 464, 465, 466, 468, 469, 470, 471, 472, 474], "excluded_lines": [], "executed_branches": [[423, 424], [423, 436], [425, 423]], "missing_branches": [[95, 96], [95, 99], [101, 102], [101, 107], [135, 136], [135, 139], [141, 142], [141, 146], [165, 166], [165, 178], [167, 168], [167, 169], [199, 200], [199, 202], [203, 204], [203, 206], [207, 208], [207, 210], [211, 212], [211, 215], [216, 217], [216, 219], [268, 269], [268, 274], [271, 272], [271, 274], [275, 276], [275, 283], [276, 277], [276, 283], [277, 276], [277, 278], [279, 276], [279, 280], [280, 276], [280, 281], [281, 280], [281, 282], [289, 290], [289, 299], [299, 300], [299, 309], [309, 310], [309, 331], [310, 311], [310, 321], [331, 332], [331, 341], [341, 342], [341, 351], [351, 352], [351, 361], [361, 362], [361, 371], [377, 378], [377, 387], [387, 388], [387, 408], [388, 389], [388, 408], [389, 390], [389, 399], [408, 409], [408, 418], [425, 426], [426, 427], [426, 428], [441, 442], [441, 457], [443, 444], [443, 445], [463, 464], [463, 468], [465, 463], [465, 466], [468, 469], [468, 474], [470, 468], [470, 471], [471, 470], [471, 472]], "functions": {"_safe_extract": {"executed_lines": [], "summary": {"covered_lines": 0, "num_statements": 17, "percent_covered": 0.0, "percent_covered_display": "0", "missing_lines": 17, "excluded_lines": 0, "percent_statements_covered": 0.0, "percent_statements_covered_display": "0", "num_branches": 4, "num_partial_branches": 0, "covered_branches": 0, "missing_branches": 4, "percent_branches_covered": 0.0, "percent_branches_covered_display": "0"}, "missing_lines": [92, 93, 94, 95, 96, 97, 99, 100, 101, 102, 103, 104, 105, 107, 110, 111, 112], "excluded_lines": [], "start_line": 86, "executed_branches": [], "missing_branches": [[95, 96], [95, 99], [101, 102], [101, 107]]}, "analyze_apk": {"executed_lines": [], "summary": {"covered_lines": 0, "num_statements": 24, "percent_covered": 0.0, "percent_covered_display": "0", "missing_lines": 24, "excluded_lines": 0, "percent_statements_covered": 0.0, "percent_statements_covered_display": "0", "num_branches": 4, "num_partial_branches": 0, "covered_branches": 0, "missing_branches": 4, "percent_branches_covered": 0.0, "percent_branches_covered_display": "0"}, "missing_lines": [117, 118, 119, 120, 121, 123, 124, 125, 126, 127, 128, 135, 136, 137, 139, 140, 141, 142, 143, 144, 146, 148, 149, 151], "excluded_lines": [], "start_line": 115, "executed_branches": [], "missing_branches": [[135, 136], [135, 139], [141, 142], [141, 146]]}, "analyze_ipa": {"executed_lines": [], "summary": {"covered_lines": 0, "num_statements": 27, "percent_covered": 0.0, "percent_covered_display": "0", "missing_lines": 27, "excluded_lines": 0, "percent_statements_covered": 0.0, "percent_statements_covered_display": "0", "num_branches": 4, "num_partial_branches": 0, "covered_branches": 0, "missing_branches": 4, "percent_branches_covered": 0.0, "percent_branches_covered_display": "0"}, "missing_lines": [156, 157, 159, 160, 161, 162, 164, 165, 166, 167, 168, 169, 170, 171, 172, 173, 174, 175, 176, 178, 179, 180, 182, 184, 185, 186, 188], "excluded_lines": [], "start_line": 154, "executed_branches": [], "missing_branches": [[165, 166], [165, 178], [167, 168], [167, 169]]}, "_parse_android_manifest": {"executed_lines": [], "summary": {"covered_lines": 0, "num_statements": 31, "percent_covered": 0.0, "percent_covered_display": "0", "missing_lines": 31, "excluded_lines": 0, "percent_statements_covered": 0.0, "percent_statements_covered_display": "0", "num_branches": 10, "num_partial_branches": 0, "covered_branches": 0, "missing_branches": 10, "percent_branches_covered": 0.0, "percent_branches_covered_display": "0"}, "missing_lines": [192, 193, 194, 195, 196, 198, 199, 200, 202, 203, 204, 206, 207, 208, 210, 211, 212, 213, 215, 216, 217, 219, 220, 222, 226, 228, 229, 230, 232, 233, 235], "excluded_lines": [], "start_line": 191, "executed_branches": [], "missing_branches": [[199, 200], [199, 202], [203, 204], [203, 206], [207, 208], [207, 210], [211, 212], [211, 215], [216, 217], [216, 219]]}, "_sdk_to_android_version": {"executed_lines": [], "summary": {"covered_lines": 0, "num_statements": 2, "percent_covered": 0.0, "percent_covered_display": "0", "missing_lines": 2, "excluded_lines": 0, "percent_statements_covered": 0.0, "percent_statements_covered_display": "0", "num_branches": 0, "num_partial_branches": 0, "covered_branches": 0, "missing_branches": 0, "percent_branches_covered": 100.0, "percent_branches_covered_display": "100"}, "missing_lines": [239, 255], "excluded_lines": [], "start_line": 238, "executed_branches": [], "missing_branches": []}, "_parse_ios_plist": {"executed_lines": [], "summary": {"covered_lines": 0, "num_statements": 23, "percent_covered": 0.0, "percent_covered_display": "0", "missing_lines": 23, "excluded_lines": 0, "percent_statements_covered": 0.0, "percent_statements_covered_display": "0", "num_branches": 16, "num_partial_branches": 0, "covered_branches": 0, "missing_branches": 16, "percent_branches_covered": 0.0, "percent_branches_covered_display": "0"}, "missing_lines": [259, 260, 261, 262, 263, 264, 266, 267, 268, 269, 270, 271, 272, 274, 275, 276, 277, 278, 279, 280, 281, 282, 283], "excluded_lines": [], "start_line": 258, "executed_branches": [], "missing_branches": [[268, 269], [268, 274], [271, 272], [271, 274], [275, 276], [275, 283], [276, 277], [276, 283], [277, 276], [277, 278], [279, 276], [279, 280], [280, 276], [280, 281], [281, 280], [281, 282]]}, "_build_android_findings": {"executed_lines": [], "summary": {"covered_lines": 0, "num_statements": 20, "percent_covered": 0.0, "percent_covered_display": "0", "missing_lines": 20, "excluded_lines": 0, "percent_statements_covered": 0.0, "percent_statements_covered_display": "0", "num_branches": 16, "num_partial_branches": 0, "covered_branches": 0, "missing_branches": 16, "percent_branches_covered": 0.0, "percent_branches_covered_display": "0"}, "missing_lines": [287, 289, 290, 299, 300, 309, 310, 311, 312, 321, 322, 331, 332, 341, 342, 351, 352, 361, 362, 371], "excluded_lines": [], "start_line": 286, "executed_branches": [], "missing_branches": [[289, 290], [289, 299], [299, 300], [299, 309], [309, 310], [309, 331], [310, 311], [310, 321], [331, 332], [331, 341], [341, 342], [341, 351], [351, 352], [351, 361], [361, 362], [361, 371]]}, "_build_ios_findings": {"executed_lines": [], "summary": {"covered_lines": 0, "num_statements": 11, "percent_covered": 0.0, "percent_covered_display": "0", "missing_lines": 11, "excluded_lines": 0, "percent_statements_covered": 0.0, "percent_statements_covered_display": "0", "num_branches": 10, "num_partial_branches": 0, "covered_branches": 0, "missing_branches": 10, "percent_branches_covered": 0.0, "percent_branches_covered_display": "0"}, "missing_lines": [375, 377, 378, 387, 388, 389, 390, 399, 408, 409, 418], "excluded_lines": [], "start_line": 374, "executed_branches": [], "missing_branches": [[377, 378], [377, 387], [387, 388], [387, 408], [388, 389], [388, 408], [389, 390], [389, 399], [408, 409], [408, 418]]}, "_scan_secrets": {"executed_lines": [422, 423, 424, 425, 436], "summary": {"covered_lines": 5, "num_statements": 8, "percent_covered": 57.142857142857146, "percent_covered_display": "57", "missing_lines": 3, "excluded_lines": 0, "percent_statements_covered": 62.5, "percent_statements_covered_display": "62", "num_branches": 6, "num_partial_branches": 1, "covered_branches": 3, "missing_branches": 3, "percent_branches_covered": 50.0, "percent_branches_covered_display": "50"}, "missing_lines": [426, 427, 428], "excluded_lines": [], "start_line": 421, "executed_branches": [[423, 424], [423, 436], [425, 423]], "missing_branches": [[425, 426], [426, 427], [426, 428]]}, "_extract_text_from_zip": {"executed_lines": [], "summary": {"covered_lines": 0, "num_statements": 18, "percent_covered": 0.0, "percent_covered_display": "0", "missing_lines": 18, "excluded_lines": 0, "percent_statements_covered": 0.0, "percent_statements_covered_display": "0", "num_branches": 4, "num_partial_branches": 0, "covered_branches": 0, "missing_branches": 4, "percent_branches_covered": 0.0, "percent_branches_covered_display": "0"}, "missing_lines": [440, 441, 442, 443, 444, 445, 446, 447, 448, 449, 450, 451, 452, 453, 454, 455, 456, 457], "excluded_lines": [], "start_line": 439, "executed_branches": [], "missing_branches": [[441, 442], [441, 457], [443, 444], [443, 445]]}, "_extract_library_names": {"executed_lines": [], "summary": {"covered_lines": 0, "num_statements": 11, "percent_covered": 0.0, "percent_covered_display": "0", "missing_lines": 11, "excluded_lines": 0, "percent_statements_covered": 0.0, "percent_statements_covered_display": "0", "num_branches": 10, "num_partial_branches": 0, "covered_branches": 0, "missing_branches": 10, "percent_branches_covered": 0.0, "percent_branches_covered_display": "0"}, "missing_lines": [461, 463, 464, 465, 466, 468, 469, 470, 471, 472, 474], "excluded_lines": [], "start_line": 460, "executed_branches": [], "missing_branches": [[463, 464], [463, 468], [465, 463], [465, 466], [468, 469], [468, 474], [470, 468], [470, 471], [471, 470], [471, 472]]}, "": {"executed_lines": [1, 2, 3, 4, 5, 6, 7, 8, 10, 12, 15, 16, 19, 20, 21, 22, 23, 24, 25, 26, 27, 28, 31, 32, 35, 36, 37, 38, 39, 40, 41, 42, 45, 61, 86, 115, 154, 191, 238, 258, 286, 374, 421, 439, 460], "summary": {"covered_lines": 45, "num_statements": 45, "percent_covered": 100.0, "percent_covered_display": "100", "missing_lines": 0, "excluded_lines": 0, "percent_statements_covered": 100.0, "percent_statements_covered_display": "100", "num_branches": 0, "num_partial_branches": 0, "covered_branches": 0, "missing_branches": 0, "percent_branches_covered": 100.0, "percent_branches_covered_display": "100"}, "missing_lines": [], "excluded_lines": [], "start_line": 1, "executed_branches": [], "missing_branches": []}}, "classes": {"AndroidManifestInfo": {"executed_lines": [], "summary": {"covered_lines": 0, "num_statements": 0, "percent_covered": 100.0, "percent_covered_display": "100", "missing_lines": 0, "excluded_lines": 0, "percent_statements_covered": 100.0, "percent_statements_covered_display": "100", "num_branches": 0, "num_partial_branches": 0, "covered_branches": 0, "missing_branches": 0, "percent_branches_covered": 100.0, "percent_branches_covered_display": "100"}, "missing_lines": [], "excluded_lines": [], "start_line": 16, "executed_branches": [], "missing_branches": []}, "IpaInfo": {"executed_lines": [], "summary": {"covered_lines": 0, "num_statements": 0, "percent_covered": 100.0, "percent_covered_display": "100", "missing_lines": 0, "excluded_lines": 0, "percent_statements_covered": 100.0, "percent_statements_covered_display": "100", "num_branches": 0, "num_partial_branches": 0, "covered_branches": 0, "missing_branches": 0, "percent_branches_covered": 100.0, "percent_branches_covered_display": "100"}, "missing_lines": [], "excluded_lines": [], "start_line": 32, "executed_branches": [], "missing_branches": []}, "": {"executed_lines": [1, 2, 3, 4, 5, 6, 7, 8, 10, 12, 15, 16, 19, 20, 21, 22, 23, 24, 25, 26, 27, 28, 31, 32, 35, 36, 37, 38, 39, 40, 41, 42, 45, 61, 86, 115, 154, 191, 238, 258, 286, 374, 421, 422, 423, 424, 425, 436, 439, 460], "summary": {"covered_lines": 50, "num_statements": 237, "percent_covered": 16.510903426791277, "percent_covered_display": "17", "missing_lines": 187, "excluded_lines": 0, "percent_statements_covered": 21.09704641350211, "percent_statements_covered_display": "21", "num_branches": 84, "num_partial_branches": 1, "covered_branches": 3, "missing_branches": 81, "percent_branches_covered": 3.5714285714285716, "percent_branches_covered_display": "4"}, "missing_lines": [92, 93, 94, 95, 96, 97, 99, 100, 101, 102, 103, 104, 105, 107, 110, 111, 112, 117, 118, 119, 120, 121, 123, 124, 125, 126, 127, 128, 135, 136, 137, 139, 140, 141, 142, 143, 144, 146, 148, 149, 151, 156, 157, 159, 160, 161, 162, 164, 165, 166, 167, 168, 169, 170, 171, 172, 173, 174, 175, 176, 178, 179, 180, 182, 184, 185, 186, 188, 192, 193, 194, 195, 196, 198, 199, 200, 202, 203, 204, 206, 207, 208, 210, 211, 212, 213, 215, 216, 217, 219, 220, 222, 226, 228, 229, 230, 232, 233, 235, 239, 255, 259, 260, 261, 262, 263, 264, 266, 267, 268, 269, 270, 271, 272, 274, 275, 276, 277, 278, 279, 280, 281, 282, 283, 287, 289, 290, 299, 300, 309, 310, 311, 312, 321, 322, 331, 332, 341, 342, 351, 352, 361, 362, 371, 375, 377, 378, 387, 388, 389, 390, 399, 408, 409, 418, 426, 427, 428, 440, 441, 442, 443, 444, 445, 446, 447, 448, 449, 450, 451, 452, 453, 454, 455, 456, 457, 461, 463, 464, 465, 466, 468, 469, 470, 471, 472, 474], "excluded_lines": [], "start_line": 1, "executed_branches": [[423, 424], [423, 436], [425, 423]], "missing_branches": [[95, 96], [95, 99], [101, 102], [101, 107], [135, 136], [135, 139], [141, 142], [141, 146], [165, 166], [165, 178], [167, 168], [167, 169], [199, 200], [199, 202], [203, 204], [203, 206], [207, 208], [207, 210], [211, 212], [211, 215], [216, 217], [216, 219], [268, 269], [268, 274], [271, 272], [271, 274], [275, 276], [275, 283], [276, 277], [276, 283], [277, 276], [277, 278], [279, 276], [279, 280], [280, 276], [280, 281], [281, 280], [281, 282], [289, 290], [289, 299], [299, 300], [299, 309], [309, 310], [309, 331], [310, 311], [310, 321], [331, 332], [331, 341], [341, 342], [341, 351], [351, 352], [351, 361], [361, 362], [361, 371], [377, 378], [377, 387], [387, 388], [387, 408], [388, 389], [388, 408], [389, 390], [389, 399], [408, 409], [408, 418], [425, 426], [426, 427], [426, 428], [441, 442], [441, 457], [443, 444], [443, 445], [463, 464], [463, 468], [465, 463], [465, 466], [468, 469], [468, 474], [470, 468], [470, 471], [471, 470], [471, 472]]}}}, "utils/nmap_runner.py": {"executed_lines": [], "summary": {"covered_lines": 0, "num_statements": 101, "percent_covered": 0.0, "percent_covered_display": "0", "missing_lines": 101, "excluded_lines": 0, "percent_statements_covered": 0.0, "percent_statements_covered_display": "0", "num_branches": 38, "num_partial_branches": 0, "covered_branches": 0, "missing_branches": 38, "percent_branches_covered": 0.0, "percent_branches_covered_display": "0"}, "missing_lines": [1, 2, 3, 5, 7, 10, 11, 14, 15, 16, 17, 18, 19, 20, 23, 24, 27, 28, 29, 30, 31, 32, 33, 36, 37, 40, 41, 44, 46, 47, 48, 49, 50, 51, 53, 54, 56, 57, 58, 60, 61, 62, 63, 64, 65, 66, 67, 69, 70, 71, 72, 73, 75, 77, 78, 79, 80, 81, 82, 84, 85, 86, 88, 89, 91, 92, 94, 95, 96, 97, 98, 100, 109, 111, 113, 116, 118, 119, 133, 139, 140, 142, 143, 144, 150, 151, 152, 163, 168, 169, 171, 174, 176, 178, 179, 180, 182, 183, 192, 193, 204], "excluded_lines": [], "executed_branches": [], "missing_branches": [[53, 54], [53, 113], [57, 58], [57, 60], [60, 61], [60, 69], [63, 64], [63, 65], [65, 60], [65, 66], [70, 71], [70, 77], [71, 72], [71, 77], [72, 73], [72, 75], [78, 79], [78, 84], [79, 80], [79, 84], [80, 79], [80, 81], [84, 85], [84, 111], [91, 92], [91, 94], [142, 143], [142, 171], [150, 151], [150, 171], [178, 179], [178, 204], [179, 180], [179, 182], [182, 183], [182, 192], [192, 178], [192, 193]], "functions": {"parse_nmap_xml": {"executed_lines": [], "summary": {"covered_lines": 0, "num_statements": 47, "percent_covered": 0.0, "percent_covered_display": "0", "missing_lines": 47, "excluded_lines": 0, "percent_statements_covered": 0.0, "percent_statements_covered_display": "0", "num_branches": 26, "num_partial_branches": 0, "covered_branches": 0, "missing_branches": 26, "percent_branches_covered": 0.0, "percent_branches_covered_display": "0"}, "missing_lines": [46, 47, 48, 49, 50, 51, 53, 54, 56, 57, 58, 60, 61, 62, 63, 64, 65, 66, 67, 69, 70, 71, 72, 73, 75, 77, 78, 79, 80, 81, 82, 84, 85, 86, 88, 89, 91, 92, 94, 95, 96, 97, 98, 100, 109, 111, 113], "excluded_lines": [], "start_line": 44, "executed_branches": [], "missing_branches": [[53, 54], [53, 113], [57, 58], [57, 60], [60, 61], [60, 69], [63, 64], [63, 65], [65, 60], [65, 66], [70, 71], [70, 77], [71, 72], [71, 77], [72, 73], [72, 75], [78, 79], [78, 84], [79, 80], [79, 84], [80, 79], [80, 81], [84, 85], [84, 111], [91, 92], [91, 94]]}, "run_nmap": {"executed_lines": [], "summary": {"covered_lines": 0, "num_statements": 15, "percent_covered": 0.0, "percent_covered_display": "0", "missing_lines": 15, "excluded_lines": 0, "percent_statements_covered": 0.0, "percent_statements_covered_display": "0", "num_branches": 4, "num_partial_branches": 0, "covered_branches": 0, "missing_branches": 4, "percent_branches_covered": 0.0, "percent_branches_covered_display": "0"}, "missing_lines": [118, 119, 133, 139, 140, 142, 143, 144, 150, 151, 152, 163, 168, 169, 171], "excluded_lines": [], "start_line": 116, "executed_branches": [], "missing_branches": [[142, 143], [142, 171], [150, 151], [150, 171]]}, "findings_from_nmap": {"executed_lines": [], "summary": {"covered_lines": 0, "num_statements": 9, "percent_covered": 0.0, "percent_covered_display": "0", "missing_lines": 9, "excluded_lines": 0, "percent_statements_covered": 0.0, "percent_statements_covered_display": "0", "num_branches": 8, "num_partial_branches": 0, "covered_branches": 0, "missing_branches": 8, "percent_branches_covered": 0.0, "percent_branches_covered_display": "0"}, "missing_lines": [176, 178, 179, 180, 182, 183, 192, 193, 204], "excluded_lines": [], "start_line": 174, "executed_branches": [], "missing_branches": [[178, 179], [178, 204], [179, 180], [179, 182], [182, 183], [182, 192], [192, 178], [192, 193]]}, "": {"executed_lines": [], "summary": {"covered_lines": 0, "num_statements": 30, "percent_covered": 0.0, "percent_covered_display": "0", "missing_lines": 30, "excluded_lines": 0, "percent_statements_covered": 0.0, "percent_statements_covered_display": "0", "num_branches": 0, "num_partial_branches": 0, "covered_branches": 0, "missing_branches": 0, "percent_branches_covered": 100.0, "percent_branches_covered_display": "100"}, "missing_lines": [1, 2, 3, 5, 7, 10, 11, 14, 15, 16, 17, 18, 19, 20, 23, 24, 27, 28, 29, 30, 31, 32, 33, 36, 37, 40, 41, 44, 116, 174], "excluded_lines": [], "start_line": 1, "executed_branches": [], "missing_branches": []}}, "classes": {"PortInfo": {"executed_lines": [], "summary": {"covered_lines": 0, "num_statements": 0, "percent_covered": 100.0, "percent_covered_display": "100", "missing_lines": 0, "excluded_lines": 0, "percent_statements_covered": 100.0, "percent_statements_covered_display": "100", "num_branches": 0, "num_partial_branches": 0, "covered_branches": 0, "missing_branches": 0, "percent_branches_covered": 100.0, "percent_branches_covered_display": "100"}, "missing_lines": [], "excluded_lines": [], "start_line": 11, "executed_branches": [], "missing_branches": []}, "HostInfo": {"executed_lines": [], "summary": {"covered_lines": 0, "num_statements": 0, "percent_covered": 100.0, "percent_covered_display": "100", "missing_lines": 0, "excluded_lines": 0, "percent_statements_covered": 100.0, "percent_statements_covered_display": "100", "num_branches": 0, "num_partial_branches": 0, "covered_branches": 0, "missing_branches": 0, "percent_branches_covered": 100.0, "percent_branches_covered_display": "100"}, "missing_lines": [], "excluded_lines": [], "start_line": 24, "executed_branches": [], "missing_branches": []}, "NmapResult": {"executed_lines": [], "summary": {"covered_lines": 0, "num_statements": 0, "percent_covered": 100.0, "percent_covered_display": "100", "missing_lines": 0, "excluded_lines": 0, "percent_statements_covered": 100.0, "percent_statements_covered_display": "100", "num_branches": 0, "num_partial_branches": 0, "covered_branches": 0, "missing_branches": 0, "percent_branches_covered": 100.0, "percent_branches_covered_display": "100"}, "missing_lines": [], "excluded_lines": [], "start_line": 37, "executed_branches": [], "missing_branches": []}, "": {"executed_lines": [], "summary": {"covered_lines": 0, "num_statements": 101, "percent_covered": 0.0, "percent_covered_display": "0", "missing_lines": 101, "excluded_lines": 0, "percent_statements_covered": 0.0, "percent_statements_covered_display": "0", "num_branches": 38, "num_partial_branches": 0, "covered_branches": 0, "missing_branches": 38, "percent_branches_covered": 0.0, "percent_branches_covered_display": "0"}, "missing_lines": [1, 2, 3, 5, 7, 10, 11, 14, 15, 16, 17, 18, 19, 20, 23, 24, 27, 28, 29, 30, 31, 32, 33, 36, 37, 40, 41, 44, 46, 47, 48, 49, 50, 51, 53, 54, 56, 57, 58, 60, 61, 62, 63, 64, 65, 66, 67, 69, 70, 71, 72, 73, 75, 77, 78, 79, 80, 81, 82, 84, 85, 86, 88, 89, 91, 92, 94, 95, 96, 97, 98, 100, 109, 111, 113, 116, 118, 119, 133, 139, 140, 142, 143, 144, 150, 151, 152, 163, 168, 169, 171, 174, 176, 178, 179, 180, 182, 183, 192, 193, 204], "excluded_lines": [], "start_line": 1, "executed_branches": [], "missing_branches": [[53, 54], [53, 113], [57, 58], [57, 60], [60, 61], [60, 69], [63, 64], [63, 65], [65, 60], [65, 66], [70, 71], [70, 77], [71, 72], [71, 77], [72, 73], [72, 75], [78, 79], [78, 84], [79, 80], [79, 84], [80, 79], [80, 81], [84, 85], [84, 111], [91, 92], [91, 94], [142, 143], [142, 171], [150, 151], [150, 171], [178, 179], [178, 204], [179, 180], [179, 182], [182, 183], [182, 192], [192, 178], [192, 193]]}}}, "utils/redis_helpers.py": {"executed_lines": [1, 3, 6, 11, 12, 14, 17, 20, 23, 24, 25], "summary": {"covered_lines": 11, "num_statements": 12, "percent_covered": 87.5, "percent_covered_display": "88", "missing_lines": 1, "excluded_lines": 0, "percent_statements_covered": 91.66666666666667, "percent_statements_covered_display": "92", "num_branches": 4, "num_partial_branches": 1, "covered_branches": 3, "missing_branches": 1, "percent_branches_covered": 75.0, "percent_branches_covered_display": "75"}, "missing_lines": [13], "excluded_lines": [], "executed_branches": [[12, 14], [23, 24], [23, 25]], "missing_branches": [[12, 13]], "functions": {"build_redis_url": {"executed_lines": [11, 12, 14], "summary": {"covered_lines": 3, "num_statements": 4, "percent_covered": 66.66666666666667, "percent_covered_display": "67", "missing_lines": 1, "excluded_lines": 0, "percent_statements_covered": 75.0, "percent_statements_covered_display": "75", "num_branches": 2, "num_partial_branches": 1, "covered_branches": 1, "missing_branches": 1, "percent_branches_covered": 50.0, "percent_branches_covered_display": "50"}, "missing_lines": [13], "excluded_lines": [], "start_line": 6, "executed_branches": [[12, 14]], "missing_branches": [[12, 13]]}, "get_redis_pool": {"executed_lines": [23, 24, 25], "summary": {"covered_lines": 3, "num_statements": 3, "percent_covered": 100.0, "percent_covered_display": "100", "missing_lines": 0, "excluded_lines": 0, "percent_statements_covered": 100.0, "percent_statements_covered_display": "100", "num_branches": 2, "num_partial_branches": 0, "covered_branches": 2, "missing_branches": 0, "percent_branches_covered": 100.0, "percent_branches_covered_display": "100"}, "missing_lines": [], "excluded_lines": [], "start_line": 20, "executed_branches": [[23, 24], [23, 25]], "missing_branches": []}, "": {"executed_lines": [1, 3, 6, 17, 20], "summary": {"covered_lines": 5, "num_statements": 5, "percent_covered": 100.0, "percent_covered_display": "100", "missing_lines": 0, "excluded_lines": 0, "percent_statements_covered": 100.0, "percent_statements_covered_display": "100", "num_branches": 0, "num_partial_branches": 0, "covered_branches": 0, "missing_branches": 0, "percent_branches_covered": 100.0, "percent_branches_covered_display": "100"}, "missing_lines": [], "excluded_lines": [], "start_line": 1, "executed_branches": [], "missing_branches": []}}, "classes": {"": {"executed_lines": [1, 3, 6, 11, 12, 14, 17, 20, 23, 24, 25], "summary": {"covered_lines": 11, "num_statements": 12, "percent_covered": 87.5, "percent_covered_display": "88", "missing_lines": 1, "excluded_lines": 0, "percent_statements_covered": 91.66666666666667, "percent_statements_covered_display": "92", "num_branches": 4, "num_partial_branches": 1, "covered_branches": 3, "missing_branches": 1, "percent_branches_covered": 75.0, "percent_branches_covered_display": "75"}, "missing_lines": [13], "excluded_lines": [], "start_line": 1, "executed_branches": [[12, 14], [23, 24], [23, 25]], "missing_branches": [[12, 13]]}}}, "utils/scan_types.py": {"executed_lines": [9, 11, 14, 15, 16, 17, 18, 19, 20, 21, 22, 23, 24, 27, 28, 29, 30, 31, 32, 33, 36, 37, 38, 39, 40, 41, 42, 43, 46, 47, 48, 49, 50, 53, 54, 55, 56, 57, 58, 61, 62, 63, 64, 65, 66, 67, 70, 71, 72, 73], "summary": {"covered_lines": 50, "num_statements": 50, "percent_covered": 100.0, "percent_covered_display": "100", "missing_lines": 0, "excluded_lines": 0, "percent_statements_covered": 100.0, "percent_statements_covered_display": "100", "num_branches": 0, "num_partial_branches": 0, "covered_branches": 0, "missing_branches": 0, "percent_branches_covered": 100.0, "percent_branches_covered_display": "100"}, "missing_lines": [], "excluded_lines": [], "executed_branches": [], "missing_branches": [], "functions": {"": {"executed_lines": [9, 11, 14, 15, 16, 17, 18, 19, 20, 21, 22, 23, 24, 27, 28, 29, 30, 31, 32, 33, 36, 37, 38, 39, 40, 41, 42, 43, 46, 47, 48, 49, 50, 53, 54, 55, 56, 57, 58, 61, 62, 63, 64, 65, 66, 67, 70, 71, 72, 73], "summary": {"covered_lines": 50, "num_statements": 50, "percent_covered": 100.0, "percent_covered_display": "100", "missing_lines": 0, "excluded_lines": 0, "percent_statements_covered": 100.0, "percent_statements_covered_display": "100", "num_branches": 0, "num_partial_branches": 0, "covered_branches": 0, "missing_branches": 0, "percent_branches_covered": 100.0, "percent_branches_covered_display": "100"}, "missing_lines": [], "excluded_lines": [], "start_line": 1, "executed_branches": [], "missing_branches": []}}, "classes": {"ScanFinding": {"executed_lines": [], "summary": {"covered_lines": 0, "num_statements": 0, "percent_covered": 100.0, "percent_covered_display": "100", "missing_lines": 0, "excluded_lines": 0, "percent_statements_covered": 100.0, "percent_statements_covered_display": "100", "num_branches": 0, "num_partial_branches": 0, "covered_branches": 0, "missing_branches": 0, "percent_branches_covered": 100.0, "percent_branches_covered_display": "100"}, "missing_lines": [], "excluded_lines": [], "start_line": 14, "executed_branches": [], "missing_branches": []}, "SeveritySummary": {"executed_lines": [], "summary": {"covered_lines": 0, "num_statements": 0, "percent_covered": 100.0, "percent_covered_display": "100", "missing_lines": 0, "excluded_lines": 0, "percent_statements_covered": 100.0, "percent_statements_covered_display": "100", "num_branches": 0, "num_partial_branches": 0, "covered_branches": 0, "missing_branches": 0, "percent_branches_covered": 100.0, "percent_branches_covered_display": "100"}, "missing_lines": [], "excluded_lines": [], "start_line": 27, "executed_branches": [], "missing_branches": []}, "CveVuln": {"executed_lines": [], "summary": {"covered_lines": 0, "num_statements": 0, "percent_covered": 100.0, "percent_covered_display": "100", "missing_lines": 0, "excluded_lines": 0, "percent_statements_covered": 100.0, "percent_statements_covered_display": "100", "num_branches": 0, "num_partial_branches": 0, "covered_branches": 0, "missing_branches": 0, "percent_branches_covered": 100.0, "percent_branches_covered_display": "100"}, "missing_lines": [], "excluded_lines": [], "start_line": 36, "executed_branches": [], "missing_branches": []}, "ProgressMessage": {"executed_lines": [], "summary": {"covered_lines": 0, "num_statements": 0, "percent_covered": 100.0, "percent_covered_display": "100", "missing_lines": 0, "excluded_lines": 0, "percent_statements_covered": 100.0, "percent_statements_covered_display": "100", "num_branches": 0, "num_partial_branches": 0, "covered_branches": 0, "missing_branches": 0, "percent_branches_covered": 100.0, "percent_branches_covered_display": "100"}, "missing_lines": [], "excluded_lines": [], "start_line": 46, "executed_branches": [], "missing_branches": []}, "DeadLetterEntry": {"executed_lines": [], "summary": {"covered_lines": 0, "num_statements": 0, "percent_covered": 100.0, "percent_covered_display": "100", "missing_lines": 0, "excluded_lines": 0, "percent_statements_covered": 100.0, "percent_statements_covered_display": "100", "num_branches": 0, "num_partial_branches": 0, "covered_branches": 0, "missing_branches": 0, "percent_branches_covered": 100.0, "percent_branches_covered_display": "100"}, "missing_lines": [], "excluded_lines": [], "start_line": 53, "executed_branches": [], "missing_branches": []}, "HealthPayload": {"executed_lines": [], "summary": {"covered_lines": 0, "num_statements": 0, "percent_covered": 100.0, "percent_covered_display": "100", "missing_lines": 0, "excluded_lines": 0, "percent_statements_covered": 100.0, "percent_statements_covered_display": "100", "num_branches": 0, "num_partial_branches": 0, "covered_branches": 0, "missing_branches": 0, "percent_branches_covered": 100.0, "percent_branches_covered_display": "100"}, "missing_lines": [], "excluded_lines": [], "start_line": 61, "executed_branches": [], "missing_branches": []}, "TaskResult": {"executed_lines": [], "summary": {"covered_lines": 0, "num_statements": 0, "percent_covered": 100.0, "percent_covered_display": "100", "missing_lines": 0, "excluded_lines": 0, "percent_statements_covered": 100.0, "percent_statements_covered_display": "100", "num_branches": 0, "num_partial_branches": 0, "covered_branches": 0, "missing_branches": 0, "percent_branches_covered": 100.0, "percent_branches_covered_display": "100"}, "missing_lines": [], "excluded_lines": [], "start_line": 70, "executed_branches": [], "missing_branches": []}, "": {"executed_lines": [9, 11, 14, 15, 16, 17, 18, 19, 20, 21, 22, 23, 24, 27, 28, 29, 30, 31, 32, 33, 36, 37, 38, 39, 40, 41, 42, 43, 46, 47, 48, 49, 50, 53, 54, 55, 56, 57, 58, 61, 62, 63, 64, 65, 66, 67, 70, 71, 72, 73], "summary": {"covered_lines": 50, "num_statements": 50, "percent_covered": 100.0, "percent_covered_display": "100", "missing_lines": 0, "excluded_lines": 0, "percent_statements_covered": 100.0, "percent_statements_covered_display": "100", "num_branches": 0, "num_partial_branches": 0, "covered_branches": 0, "missing_branches": 0, "percent_branches_covered": 100.0, "percent_branches_covered_display": "100"}, "missing_lines": [], "excluded_lines": [], "start_line": 1, "executed_branches": [], "missing_branches": []}}}, "utils/severity.py": {"executed_lines": [1, 4, 19, 21, 22, 23, 24, 25, 26, 36, 39, 41], "summary": {"covered_lines": 12, "num_statements": 23, "percent_covered": 40.54054054054054, "percent_covered_display": "41", "missing_lines": 11, "excluded_lines": 0, "percent_statements_covered": 52.17391304347826, "percent_statements_covered_display": "52", "num_branches": 14, "num_partial_branches": 1, "covered_branches": 3, "missing_branches": 11, "percent_branches_covered": 21.428571428571427, "percent_branches_covered_display": "21"}, "missing_lines": [6, 7, 8, 9, 10, 11, 12, 13, 14, 15, 16], "excluded_lines": [], "executed_branches": [[22, 23], [22, 26], [24, 25]], "missing_branches": [[6, 7], [6, 8], [8, 9], [8, 10], [10, 11], [10, 12], [12, 13], [12, 14], [14, 15], [14, 16], [24, 22]], "functions": {"classify_severity": {"executed_lines": [], "summary": {"covered_lines": 0, "num_statements": 11, "percent_covered": 0.0, "percent_covered_display": "0", "missing_lines": 11, "excluded_lines": 0, "percent_statements_covered": 0.0, "percent_statements_covered_display": "0", "num_branches": 10, "num_partial_branches": 0, "covered_branches": 0, "missing_branches": 10, "percent_branches_covered": 0.0, "percent_branches_covered_display": "0"}, "missing_lines": [6, 7, 8, 9, 10, 11, 12, 13, 14, 15, 16], "excluded_lines": [], "start_line": 4, "executed_branches": [], "missing_branches": [[6, 7], [6, 8], [8, 9], [8, 10], [10, 11], [10, 12], [12, 13], [12, 14], [14, 15], [14, 16]]}, "compute_severity_summary": {"executed_lines": [21, 22, 23, 24, 25, 26], "summary": {"covered_lines": 6, "num_statements": 6, "percent_covered": 90.0, "percent_covered_display": "90", "missing_lines": 0, "excluded_lines": 0, "percent_statements_covered": 100.0, "percent_statements_covered_display": "100", "num_branches": 4, "num_partial_branches": 1, "covered_branches": 3, "missing_branches": 1, "percent_branches_covered": 75.0, "percent_branches_covered_display": "75"}, "missing_lines": [], "excluded_lines": [], "start_line": 19, "executed_branches": [[22, 23], [22, 26], [24, 25]], "missing_branches": [[24, 22]]}, "sort_findings_by_severity": {"executed_lines": [41], "summary": {"covered_lines": 1, "num_statements": 1, "percent_covered": 100.0, "percent_covered_display": "100", "missing_lines": 0, "excluded_lines": 0, "percent_statements_covered": 100.0, "percent_statements_covered_display": "100", "num_branches": 0, "num_partial_branches": 0, "covered_branches": 0, "missing_branches": 0, "percent_branches_covered": 100.0, "percent_branches_covered_display": "100"}, "missing_lines": [], "excluded_lines": [], "start_line": 39, "executed_branches": [], "missing_branches": []}, "": {"executed_lines": [1, 4, 19, 36, 39], "summary": {"covered_lines": 5, "num_statements": 5, "percent_covered": 100.0, "percent_covered_display": "100", "missing_lines": 0, "excluded_lines": 0, "percent_statements_covered": 100.0, "percent_statements_covered_display": "100", "num_branches": 0, "num_partial_branches": 0, "covered_branches": 0, "missing_branches": 0, "percent_branches_covered": 100.0, "percent_branches_covered_display": "100"}, "missing_lines": [], "excluded_lines": [], "start_line": 1, "executed_branches": [], "missing_branches": []}}, "classes": {"": {"executed_lines": [1, 4, 19, 21, 22, 23, 24, 25, 26, 36, 39, 41], "summary": {"covered_lines": 12, "num_statements": 23, "percent_covered": 40.54054054054054, "percent_covered_display": "41", "missing_lines": 11, "excluded_lines": 0, "percent_statements_covered": 52.17391304347826, "percent_statements_covered_display": "52", "num_branches": 14, "num_partial_branches": 1, "covered_branches": 3, "missing_branches": 11, "percent_branches_covered": 21.428571428571427, "percent_branches_covered_display": "21"}, "missing_lines": [6, 7, 8, 9, 10, 11, 12, 13, 14, 15, 16], "excluded_lines": [], "start_line": 1, "executed_branches": [[22, 23], [22, 26], [24, 25]], "missing_branches": [[6, 7], [6, 8], [8, 9], [8, 10], [10, 11], [10, 12], [12, 13], [12, 14], [14, 15], [14, 16], [24, 22]]}}}}, "totals": {"covered_lines": 352, "num_statements": 1229, "percent_covered": 25.627817128139085, "percent_covered_display": "26", "missing_lines": 877, "excluded_lines": 0, "percent_statements_covered": 28.641171684296175, "percent_statements_covered_display": "29", "num_branches": 324, "num_partial_branches": 16, "covered_branches": 46, "missing_branches": 278, "percent_branches_covered": 14.197530864197532, "percent_branches_covered_display": "14"}}
